[0.232s] Invoking command in '/home/matth/Desktop/Colossus/Software/cora_robot/src/build/cora_gripper_1_description': CMAKE_PREFIX_PATH=${CMAKE_PREFIX_PATH}:/home/matth/Desktop/Colossus/Software/cora_robot/install/cora_vision:/home/matth/Desktop/Colossus/Software/cora_robot/install/cora_moveit:/home/matth/Desktop/Colossus/Software/cora_robot/install/cora_codi:/home/matth/Desktop/Colossus/Software/cora_robot/install/cora_bringup:/opt/ros/jazzy DEBUGINFOD_URLS=https://debuginfod.ubuntu.com /usr/bin/cmake --build /home/matth/Desktop/Colossus/Software/cora_robot/src/build/cora_gripper_1_description -- -j12 -l12
[0.460s] Invoked command in '/home/matth/Desktop/Colossus/Software/cora_robot/src/build/cora_gripper_1_description' returned '0': CMAKE_PREFIX_PATH=${CMAKE_PREFIX_PATH}:/home/matth/Desktop/Colossus/Software/cora_robot/install/cora_vision:/home/matth/Desktop/Colossus/Software/cora_robot/install/cora_moveit:/home/matth/Desktop/Colossus/Software/cora_robot/install/cora_codi:/home/matth/Desktop/Colossus/Software/cora_robot/install/cora_bringup:/opt/ros/jazzy DEBUGINFOD_URLS=https://debuginfod.ubuntu.com /usr/bin/cmake --build /home/matth/Desktop/Colossus/Software/cora_robot/src/build/cora_gripper_1_description -- -j12 -l12
[0.469s] Invoking command in '/home/matth/Desktop/Colossus/Software/cora_robot/src/build/cora_gripper_1_description': CMAKE_PREFIX_PATH=${CMAKE_PREFIX_PATH}:/home/matth/Desktop/Colossus/Software/cora_robot/install/cora_vision:/home/matth/Desktop/Colossus/Software/cora_robot/install/cora_moveit:/home/matth/Desktop/Colossus/Software/cora_robot/install/cora_codi:/home/matth/Desktop/Colossus/Software/cora_robot/install/cora_bringup:/opt/ros/jazzy DEBUGINFOD_URLS=https://debuginfod.ubuntu.com /usr/bin/cmake --install /home/matth/Desktop/Colossus/Software/cora_robot/src/build/cora_gripper_1_description
[0.472s] -- Install configuration: ""
[0.472s] -- Up-to-date: /home/matth/Desktop/Colossus/Software/cora_robot/src/install/cora_gripper_1_description/share/cora_gripper_1_description/urdf
[0.472s] -- Up-to-date: /home/matth/Desktop/Colossus/Software/cora_robot/src/install/cora_gripper_1_description/share/cora_gripper_1_description/urdf/cora_gripper.urdf.xacro
[0.472s] -- Up-to-date: /home/matth/Desktop/Colossus/Software/cora_robot/src/install/cora_gripper_1_description/share/cora_gripper_1_description/urdf/cora_gripper.ros2_control.xacro
[0.472s] -- Up-to-date: /home/matth/Desktop/Colossus/Software/cora_robot/src/install/cora_gripper_1_description/share/cora_gripper_1_description/urdf/cora_gripper.urdf
[0.472s] -- Up-to-date: /home/matth/Desktop/Colossus/Software/cora_robot/src/install/cora_gripper_1_description/share/cora_gripper_1_description/meshes
[0.472s] -- Up-to-date: /home/matth/Desktop/Colossus/Software/cora_robot/src/install/cora_gripper_1_description/share/cora_gripper_1_description/meshes/merged
[0.472s] -- Up-to-date: /home/matth/Desktop/Colossus/Software/cora_robot/src/install/cora_gripper_1_description/share/cora_gripper_1_description/meshes/merged/gripper_fingers_collision.stl
[0.472s] -- Up-to-date: /home/matth/Desktop/Colossus/Software/cora_robot/src/install/cora_gripper_1_description/share/cora_gripper_1_description/meshes/merged/gripper_body_visual.stl
[0.472s] -- Up-to-date: /home/matth/Desktop/Colossus/Software/cora_robot/src/install/cora_gripper_1_description/share/cora_gripper_1_description/meshes/merged/gripper_fingers_visual.stl
[0.472s] -- Up-to-date: /home/matth/Desktop/Colossus/Software/cora_robot/src/install/cora_gripper_1_description/share/cora_gripper_1_description/meshes/merged/gripper_fingers_2_collision.stl
[0.472s] -- Up-to-date: /home/matth/Desktop/Colossus/Software/cora_robot/src/install/cora_gripper_1_description/share/cora_gripper_1_description/meshes/merged/gripper_body_collision.stl
[0.472s] -- Up-to-date: /home/matth/Desktop/Colossus/Software/cora_robot/src/install/cora_gripper_1_description/share/cora_gripper_1_description/meshes/merged/gripper_fingers_2_visual.stl
[0.472s] -- Up-to-date: /home/matth/Desktop/Colossus/Software/cora_robot/src/install/cora_gripper_1_description/share/ament_index/resource_index/package_run_dependencies/cora_gripper_1_description
[0.472s] -- Up-to-date: /home/matth/Desktop/Colossus/Software/cora_robot/src/install/cora_gripper_1_description/share/ament_index/resource_index/parent_prefix_path/cora_gripper_1_description
[0.472s] -- Up-to-date: /home/matth/Desktop/Colossus/Software/cora_robot/src/install/cora_gripper_1_description/share/cora_gripper_1_description/environment/ament_prefix_path.sh
[0.472s] -- Up-to-date: /home/matth/Desktop/Colossus/Software/cora_robot/src/install/cora_gripper_1_description/share/cora_gripper_1_description/environment/ament_prefix_path.dsv
[0.472s] -- Up-to-date: /home/matth/Desktop/Colossus/Software/cora_robot/src/install/cora_gripper_1_description/share/cora_gripper_1_description/environment/path.sh
[0.472s] -- Up-to-date: /home/matth/Desktop/Colossus/Software/cora_robot/src/install/cora_gripper_1_description/share/cora_gripper_1_description/environment/path.dsv
[0.472s] -- Up-to-date: /home/matth/Desktop/Colossus/Software/cora_robot/src/install/cora_gripper_1_description/share/cora_gripper_1_description/local_setup.bash
[0.472s] -- Up-to-date: /home/matth/Desktop/Colossus/Software/cora_robot/src/install/cora_gripper_1_description/share/cora_gripper_1_description/local_setup.sh
[0.472s] -- Up-to-date: /home/matth/Desktop/Colossus/Software/cora_robot/src/install/cora_gripper_1_description/share/cora_gripper_1_description/local_setup.zsh
[0.472s] -- Up-to-date: /home/matth/Desktop/Colossus/Software/cora_robot/src/install/cora_gripper_1_description/share/cora_gripper_1_description/local_setup.dsv
[0.472s] -- Installing: /home/matth/Desktop/Colossus/Software/cora_robot/src/install/cora_gripper_1_description/share/cora_gripper_1_description/package.dsv
[0.472s] -- Up-to-date: /home/matth/Desktop/Colossus/Software/cora_robot/src/install/cora_gripper_1_description/share/ament_index/resource_index/packages/cora_gripper_1_description
[0.472s] -- Up-to-date: /home/matth/Desktop/Colossus/Software/cora_robot/src/install/cora_gripper_1_description/share/cora_gripper_1_description/cmake/cora_gripper_1_descriptionConfig.cmake
[0.472s] -- Up-to-date: /home/matth/Desktop/Colossus/Software/cora_robot/src/install/cora_gripper_1_description/share/cora_gripper_1_description/cmake/cora_gripper_1_descriptionConfig-version.cmake
[0.472s] -- Up-to-date: /home/matth/Desktop/Colossus/Software/cora_robot/src/install/cora_gripper_1_description/share/cora_gripper_1_description/package.xml
[0.480s] Invoked command in '/home/matth/Desktop/Colossus/Software/cora_robot/src/build/cora_gripper_1_description' returned '0': CMAKE_PREFIX_PATH=${CMAKE_PREFIX_PATH}:/home/matth/Desktop/Colossus/Software/cora_robot/install/cora_vision:/home/matth/Desktop/Colossus/Software/cora_robot/install/cora_moveit:/home/matth/Desktop/Colossus/Software/cora_robot/install/cora_codi:/home/matth/Desktop/Colossus/Software/cora_robot/install/cora_bringup:/opt/ros/jazzy DEBUGINFOD_URLS=https://debuginfod.ubuntu.com /usr/bin/cmake --install /home/matth/Desktop/Colossus/Software/cora_robot/src/build/cora_gripper_1_description
