running egg_info
creating ../build/cora_bringup/cora_bringup.egg-info
writing ../build/cora_bringup/cora_bringup.egg-info/PKG-INFO
writing dependency_links to ../build/cora_bringup/cora_bringup.egg-info/dependency_links.txt
writing requirements to ../build/cora_bringup/cora_bringup.egg-info/requires.txt
writing top-level names to ../build/cora_bringup/cora_bringup.egg-info/top_level.txt
writing manifest file '../build/cora_bringup/cora_bringup.egg-info/SOURCES.txt'
reading manifest file '../build/cora_bringup/cora_bringup.egg-info/SOURCES.txt'
writing manifest file '../build/cora_bringup/cora_bringup.egg-info/SOURCES.txt'
running build
running build_py
creating /home/matth/Desktop/Colossus/Software/cora_robot/src/build/cora_bringup/build
creating /home/matth/Desktop/Colossus/Software/cora_robot/src/build/cora_bringup/build/lib
creating /home/matth/Desktop/Colossus/Software/cora_robot/src/build/cora_bringup/build/lib/cora_bringup
copying cora_bringup/__init__.py -> /home/matth/Desktop/Colossus/Software/cora_robot/src/build/cora_bringup/build/lib/cora_bringup
running install
running install_lib
creating /home/matth/Desktop/Colossus/Software/cora_robot/src/install/cora_bringup/lib/python3.12/site-packages/cora_bringup
copying /home/matth/Desktop/Colossus/Software/cora_robot/src/build/cora_bringup/build/lib/cora_bringup/__init__.py -> /home/matth/Desktop/Colossus/Software/cora_robot/src/install/cora_bringup/lib/python3.12/site-packages/cora_bringup
byte-compiling /home/matth/Desktop/Colossus/Software/cora_robot/src/install/cora_bringup/lib/python3.12/site-packages/cora_bringup/__init__.py to __init__.cpython-312.pyc
running install_data
creating /home/matth/Desktop/Colossus/Software/cora_robot/src/install/cora_bringup/share/ament_index
creating /home/matth/Desktop/Colossus/Software/cora_robot/src/install/cora_bringup/share/ament_index/resource_index
creating /home/matth/Desktop/Colossus/Software/cora_robot/src/install/cora_bringup/share/ament_index/resource_index/packages
copying resource/cora_bringup -> /home/matth/Desktop/Colossus/Software/cora_robot/src/install/cora_bringup/share/ament_index/resource_index/packages
copying package.xml -> /home/matth/Desktop/Colossus/Software/cora_robot/src/install/cora_bringup/share/cora_bringup
creating /home/matth/Desktop/Colossus/Software/cora_robot/src/install/cora_bringup/share/cora_bringup/launch
copying launch/bringup.launch.py -> /home/matth/Desktop/Colossus/Software/cora_robot/src/install/cora_bringup/share/cora_bringup/launch
running install_egg_info
Copying ../build/cora_bringup/cora_bringup.egg-info to /home/matth/Desktop/Colossus/Software/cora_robot/src/install/cora_bringup/lib/python3.12/site-packages/cora_bringup-0.0.0-py3.12.egg-info
running install_scripts
writing list of installed files to '/home/matth/Desktop/Colossus/Software/cora_robot/src/build/cora_bringup/install.log'
