[0.848s] Invoking command in '/home/matth/Desktop/Colossus/Software/cora_robot/src/cora_bringup': DEBUGINFOD_URLS=https://debuginfod.ubuntu.com PYTHONPATH=/home/matth/Desktop/Colossus/Software/cora_robot/src/build/cora_bringup/prefix_override:/usr/lib/python3/dist-packages/colcon_core/task/python/colcon_distutils_commands:/home/matth/Desktop/Colossus/Software/cora_robot/src/install/cora_bringup/lib/python3.12/site-packages:${PYTHONPATH} /usr/bin/python3 -W ignore:setup.py install is deprecated -W ignore:easy_install command is deprecated setup.py egg_info --egg-base ../build/cora_bringup build --build-base /home/matth/Desktop/Colossus/Software/cora_robot/src/build/cora_bringup/build install --record /home/matth/Desktop/Colossus/Software/cora_robot/src/build/cora_bringup/install.log --single-version-externally-managed install_data
[1.009s] running egg_info
[1.010s] creating ../build/cora_bringup/cora_bringup.egg-info
[1.023s] writing ../build/cora_bringup/cora_bringup.egg-info/PKG-INFO
[1.023s] writing dependency_links to ../build/cora_bringup/cora_bringup.egg-info/dependency_links.txt
[1.023s] writing requirements to ../build/cora_bringup/cora_bringup.egg-info/requires.txt
[1.023s] writing top-level names to ../build/cora_bringup/cora_bringup.egg-info/top_level.txt
[1.023s] writing manifest file '../build/cora_bringup/cora_bringup.egg-info/SOURCES.txt'
[1.045s] reading manifest file '../build/cora_bringup/cora_bringup.egg-info/SOURCES.txt'
[1.045s] writing manifest file '../build/cora_bringup/cora_bringup.egg-info/SOURCES.txt'
[1.045s] running build
[1.046s] running build_py
[1.046s] creating /home/matth/Desktop/Colossus/Software/cora_robot/src/build/cora_bringup/build
[1.046s] creating /home/matth/Desktop/Colossus/Software/cora_robot/src/build/cora_bringup/build/lib
[1.046s] creating /home/matth/Desktop/Colossus/Software/cora_robot/src/build/cora_bringup/build/lib/cora_bringup
[1.046s] copying cora_bringup/__init__.py -> /home/matth/Desktop/Colossus/Software/cora_robot/src/build/cora_bringup/build/lib/cora_bringup
[1.046s] running install
[1.049s] running install_lib
[1.060s] creating /home/matth/Desktop/Colossus/Software/cora_robot/src/install/cora_bringup/lib/python3.12/site-packages/cora_bringup
[1.060s] copying /home/matth/Desktop/Colossus/Software/cora_robot/src/build/cora_bringup/build/lib/cora_bringup/__init__.py -> /home/matth/Desktop/Colossus/Software/cora_robot/src/install/cora_bringup/lib/python3.12/site-packages/cora_bringup
[1.060s] byte-compiling /home/matth/Desktop/Colossus/Software/cora_robot/src/install/cora_bringup/lib/python3.12/site-packages/cora_bringup/__init__.py to __init__.cpython-312.pyc
[1.061s] running install_data
[1.061s] creating /home/matth/Desktop/Colossus/Software/cora_robot/src/install/cora_bringup/share/ament_index
[1.061s] creating /home/matth/Desktop/Colossus/Software/cora_robot/src/install/cora_bringup/share/ament_index/resource_index
[1.061s] creating /home/matth/Desktop/Colossus/Software/cora_robot/src/install/cora_bringup/share/ament_index/resource_index/packages
[1.061s] copying resource/cora_bringup -> /home/matth/Desktop/Colossus/Software/cora_robot/src/install/cora_bringup/share/ament_index/resource_index/packages
[1.061s] copying package.xml -> /home/matth/Desktop/Colossus/Software/cora_robot/src/install/cora_bringup/share/cora_bringup
[1.061s] creating /home/matth/Desktop/Colossus/Software/cora_robot/src/install/cora_bringup/share/cora_bringup/launch
[1.061s] copying launch/bringup.launch.py -> /home/matth/Desktop/Colossus/Software/cora_robot/src/install/cora_bringup/share/cora_bringup/launch
[1.061s] running install_egg_info
[1.073s] Copying ../build/cora_bringup/cora_bringup.egg-info to /home/matth/Desktop/Colossus/Software/cora_robot/src/install/cora_bringup/lib/python3.12/site-packages/cora_bringup-0.0.0-py3.12.egg-info
[1.073s] running install_scripts
[1.154s] writing list of installed files to '/home/matth/Desktop/Colossus/Software/cora_robot/src/build/cora_bringup/install.log'
[1.171s] Invoked command in '/home/matth/Desktop/Colossus/Software/cora_robot/src/cora_bringup' returned '0': DEBUGINFOD_URLS=https://debuginfod.ubuntu.com PYTHONPATH=/home/matth/Desktop/Colossus/Software/cora_robot/src/build/cora_bringup/prefix_override:/usr/lib/python3/dist-packages/colcon_core/task/python/colcon_distutils_commands:/home/matth/Desktop/Colossus/Software/cora_robot/src/install/cora_bringup/lib/python3.12/site-packages:${PYTHONPATH} /usr/bin/python3 -W ignore:setup.py install is deprecated -W ignore:easy_install command is deprecated setup.py egg_info --egg-base ../build/cora_bringup build --build-base /home/matth/Desktop/Colossus/Software/cora_robot/src/build/cora_bringup/build install --record /home/matth/Desktop/Colossus/Software/cora_robot/src/build/cora_bringup/install.log --single-version-externally-managed install_data
