[0.029s] Invoking command in '/home/matth/Desktop/Colossus/Software/cora_robot/src/build/cora_description': CMAKE_PREFIX_PATH=${CMAKE_PREFIX_PATH}:/home/matth/Desktop/Colossus/Software/cora_robot/install/cora_vision:/home/matth/Desktop/Colossus/Software/cora_robot/install/cora_moveit:/home/matth/Desktop/Colossus/Software/cora_robot/install/cora_codi:/home/matth/Desktop/Colossus/Software/cora_robot/install/cora_bringup:/opt/ros/jazzy DEBUGINFOD_URLS=https://debuginfod.ubuntu.com /usr/bin/cmake /home/matth/Desktop/Colossus/Software/cora_robot/src/cora_description -DCMAKE_INSTALL_PREFIX=/home/matth/Desktop/Colossus/Software/cora_robot/src/install/cora_description
[0.480s] -- The C compiler identification is GNU 13.3.0
[0.480s] -- The CXX compiler identification is GNU 13.3.0
[0.480s] -- Detecting C compiler ABI info
[0.480s] -- Detecting C compiler ABI info - done
[0.480s] -- Check for working C compiler: /usr/bin/cc - skipped
[0.480s] -- Detecting C compile features
[0.480s] -- Detecting C compile features - done
[0.480s] -- Detecting CXX compiler ABI info
[0.480s] -- Detecting CXX compiler ABI info - done
[0.480s] -- Check for working CXX compiler: /usr/bin/c++ - skipped
[0.480s] -- Detecting CXX compile features
[0.481s] -- Detecting CXX compile features - done
[0.481s] -- Found ament_cmake: 2.5.4 (/opt/ros/jazzy/share/ament_cmake/cmake)
[0.481s] -- Found Python3: /usr/bin/python3 (found version "3.12.3") found components: Interpreter 
[0.481s] -- Found xacro: 2.1.1 (/opt/ros/jazzy/share/xacro/cmake)
[0.481s] -- Found ament_lint_auto: 0.17.3 (/opt/ros/jazzy/share/ament_lint_auto/cmake)
[0.551s] -- Added test 'lint_cmake' to check CMake code style
[0.558s] -- Added test 'xmllint' to check XML markup files
[0.560s] -- Configuring done (0.5s)
[0.564s] -- Generating done (0.0s)
[0.566s] -- Build files have been written to: /home/matth/Desktop/Colossus/Software/cora_robot/src/build/cora_description
[0.569s] Invoked command in '/home/matth/Desktop/Colossus/Software/cora_robot/src/build/cora_description' returned '0': CMAKE_PREFIX_PATH=${CMAKE_PREFIX_PATH}:/home/matth/Desktop/Colossus/Software/cora_robot/install/cora_vision:/home/matth/Desktop/Colossus/Software/cora_robot/install/cora_moveit:/home/matth/Desktop/Colossus/Software/cora_robot/install/cora_codi:/home/matth/Desktop/Colossus/Software/cora_robot/install/cora_bringup:/opt/ros/jazzy DEBUGINFOD_URLS=https://debuginfod.ubuntu.com /usr/bin/cmake /home/matth/Desktop/Colossus/Software/cora_robot/src/cora_description -DCMAKE_INSTALL_PREFIX=/home/matth/Desktop/Colossus/Software/cora_robot/src/install/cora_description
[0.570s] Invoking command in '/home/matth/Desktop/Colossus/Software/cora_robot/src/build/cora_description': CMAKE_PREFIX_PATH=${CMAKE_PREFIX_PATH}:/home/matth/Desktop/Colossus/Software/cora_robot/install/cora_vision:/home/matth/Desktop/Colossus/Software/cora_robot/install/cora_moveit:/home/matth/Desktop/Colossus/Software/cora_robot/install/cora_codi:/home/matth/Desktop/Colossus/Software/cora_robot/install/cora_bringup:/opt/ros/jazzy DEBUGINFOD_URLS=https://debuginfod.ubuntu.com /usr/bin/cmake --build /home/matth/Desktop/Colossus/Software/cora_robot/src/build/cora_description -- -j12 -l12
[0.607s] Invoked command in '/home/matth/Desktop/Colossus/Software/cora_robot/src/build/cora_description' returned '0': CMAKE_PREFIX_PATH=${CMAKE_PREFIX_PATH}:/home/matth/Desktop/Colossus/Software/cora_robot/install/cora_vision:/home/matth/Desktop/Colossus/Software/cora_robot/install/cora_moveit:/home/matth/Desktop/Colossus/Software/cora_robot/install/cora_codi:/home/matth/Desktop/Colossus/Software/cora_robot/install/cora_bringup:/opt/ros/jazzy DEBUGINFOD_URLS=https://debuginfod.ubuntu.com /usr/bin/cmake --build /home/matth/Desktop/Colossus/Software/cora_robot/src/build/cora_description -- -j12 -l12
[0.617s] Invoking command in '/home/matth/Desktop/Colossus/Software/cora_robot/src/build/cora_description': CMAKE_PREFIX_PATH=${CMAKE_PREFIX_PATH}:/home/matth/Desktop/Colossus/Software/cora_robot/install/cora_vision:/home/matth/Desktop/Colossus/Software/cora_robot/install/cora_moveit:/home/matth/Desktop/Colossus/Software/cora_robot/install/cora_codi:/home/matth/Desktop/Colossus/Software/cora_robot/install/cora_bringup:/opt/ros/jazzy DEBUGINFOD_URLS=https://debuginfod.ubuntu.com /usr/bin/cmake --install /home/matth/Desktop/Colossus/Software/cora_robot/src/build/cora_description
[0.624s] -- Install configuration: ""
[0.624s] -- Installing: /home/matth/Desktop/Colossus/Software/cora_robot/src/install/cora_description/share/cora_description/urdf
[0.624s] -- Installing: /home/matth/Desktop/Colossus/Software/cora_robot/src/install/cora_description/share/cora_description/urdf/cora.urdf
[0.624s] -- Installing: /home/matth/Desktop/Colossus/Software/cora_robot/src/install/cora_description/share/cora_description/meshes
[0.624s] -- Installing: /home/matth/Desktop/Colossus/Software/cora_robot/src/install/cora_description/share/cora_description/meshes/cora
[0.624s] -- Installing: /home/matth/Desktop/Colossus/Software/cora_robot/src/install/cora_description/share/cora_description/meshes/cora/back_shell__configuration_large.stl
[0.628s] -- Installing: /home/matth/Desktop/Colossus/Software/cora_robot/src/install/cora_description/share/cora_description/meshes/cora/part_4.part
[0.628s] -- Installing: /home/matth/Desktop/Colossus/Software/cora_robot/src/install/cora_description/share/cora_description/meshes/cora/mgn9_c__colossus__2.stl
[0.628s] -- Installing: /home/matth/Desktop/Colossus/Software/cora_robot/src/install/cora_description/share/cora_description/meshes/cora/part_10.part
[0.628s] -- Installing: /home/matth/Desktop/Colossus/Software/cora_robot/src/install/cora_description/share/cora_description/meshes/cora/part_1.stl
[0.630s] -- Installing: /home/matth/Desktop/Colossus/Software/cora_robot/src/install/cora_description/share/cora_description/meshes/cora/connector_1__configuration_large.stl
[0.630s] -- Installing: /home/matth/Desktop/Colossus/Software/cora_robot/src/install/cora_description/share/cora_description/meshes/cora/part_1__4.part
[0.630s] -- Installing: /home/matth/Desktop/Colossus/Software/cora_robot/src/install/cora_description/share/cora_description/meshes/cora/connector_1__configuration_large.part
[0.630s] -- Installing: /home/matth/Desktop/Colossus/Software/cora_robot/src/install/cora_description/share/cora_description/meshes/cora/part_10.stl
[0.631s] -- Installing: /home/matth/Desktop/Colossus/Software/cora_robot/src/install/cora_description/share/cora_description/meshes/cora/part_2__2.part
[0.631s] -- Installing: /home/matth/Desktop/Colossus/Software/cora_robot/src/install/cora_description/share/cora_description/meshes/cora/mgn9_c__colossus__9.part
[0.631s] -- Installing: /home/matth/Desktop/Colossus/Software/cora_robot/src/install/cora_description/share/cora_description/meshes/cora/logitech_webcam_c270__colossus__3.stl
[0.631s] -- Installing: /home/matth/Desktop/Colossus/Software/cora_robot/src/install/cora_description/share/cora_description/meshes/cora/connector_2__configuration_large.part
[0.631s] -- Installing: /home/matth/Desktop/Colossus/Software/cora_robot/src/install/cora_description/share/cora_description/meshes/cora/part_9.part
[0.631s] -- Installing: /home/matth/Desktop/Colossus/Software/cora_robot/src/install/cora_description/share/cora_description/meshes/cora/part11_camera_gripper__colossus__3.part
[0.631s] -- Installing: /home/matth/Desktop/Colossus/Software/cora_robot/src/install/cora_description/share/cora_description/meshes/cora/part11_camera_gripper__colossus__4.stl
[0.631s] -- Installing: /home/matth/Desktop/Colossus/Software/cora_robot/src/install/cora_description/share/cora_description/meshes/cora/part11_camera_gripper__colossus__2.part
[0.631s] -- Installing: /home/matth/Desktop/Colossus/Software/cora_robot/src/install/cora_description/share/cora_description/meshes/cora/connector_3__configuration_small.stl
[0.633s] -- Installing: /home/matth/Desktop/Colossus/Software/cora_robot/src/install/cora_description/share/cora_description/meshes/cora/part_8.stl
[0.633s] -- Installing: /home/matth/Desktop/Colossus/Software/cora_robot/src/install/cora_description/share/cora_description/meshes/cora/part_1__configuration_small.part
[0.633s] -- Installing: /home/matth/Desktop/Colossus/Software/cora_robot/src/install/cora_description/share/cora_description/meshes/cora/connector_2__configuration__120_to_100.part
[0.633s] -- Installing: /home/matth/Desktop/Colossus/Software/cora_robot/src/install/cora_description/share/cora_description/meshes/cora/core__configuration_large.part
[0.633s] -- Installing: /home/matth/Desktop/Colossus/Software/cora_robot/src/install/cora_description/share/cora_description/meshes/cora/logitech_webcam_c270__colossus.part
[0.633s] -- Installing: /home/matth/Desktop/Colossus/Software/cora_robot/src/install/cora_description/share/cora_description/meshes/cora/back_shell__configuration_small.part
[0.633s] -- Installing: /home/matth/Desktop/Colossus/Software/cora_robot/src/install/cora_description/share/cora_description/meshes/cora/part_9.stl
[0.633s] -- Installing: /home/matth/Desktop/Colossus/Software/cora_robot/src/install/cora_description/share/cora_description/meshes/cora/connector_1.part
[0.634s] -- Installing: /home/matth/Desktop/Colossus/Software/cora_robot/src/install/cora_description/share/cora_description/meshes/cora/mgn9_c__colossus__7.part
[0.634s] -- Installing: /home/matth/Desktop/Colossus/Software/cora_robot/src/install/cora_description/share/cora_description/meshes/cora/part_6.stl
[0.634s] -- Installing: /home/matth/Desktop/Colossus/Software/cora_robot/src/install/cora_description/share/cora_description/meshes/cora/logitech_webcam_c270__colossus__4.stl
[0.634s] -- Installing: /home/matth/Desktop/Colossus/Software/cora_robot/src/install/cora_description/share/cora_description/meshes/cora/part_5.part
[0.634s] -- Installing: /home/matth/Desktop/Colossus/Software/cora_robot/src/install/cora_description/share/cora_description/meshes/cora/part_4.stl
[0.635s] -- Installing: /home/matth/Desktop/Colossus/Software/cora_robot/src/install/cora_description/share/cora_description/meshes/cora/part10_camera_gripper__colossus.part
[0.635s] -- Installing: /home/matth/Desktop/Colossus/Software/cora_robot/src/install/cora_description/share/cora_description/meshes/cora/part11_camera_gripper__colossus.part
[0.635s] -- Installing: /home/matth/Desktop/Colossus/Software/cora_robot/src/install/cora_description/share/cora_description/meshes/cora/connector_3__configuration_large.part
[0.635s] -- Installing: /home/matth/Desktop/Colossus/Software/cora_robot/src/install/cora_description/share/cora_description/meshes/cora/part10_camera_gripper__colossus.stl
[0.635s] -- Installing: /home/matth/Desktop/Colossus/Software/cora_robot/src/install/cora_description/share/cora_description/meshes/cora/mgn9_c__colossus.part
[0.635s] -- Installing: /home/matth/Desktop/Colossus/Software/cora_robot/src/install/cora_description/share/cora_description/meshes/cora/part_1__3.part
[0.635s] -- Installing: /home/matth/Desktop/Colossus/Software/cora_robot/src/install/cora_description/share/cora_description/meshes/cora/back_shell__configuration_small.stl
[0.638s] -- Installing: /home/matth/Desktop/Colossus/Software/cora_robot/src/install/cora_description/share/cora_description/meshes/cora/logitech_webcam_c270__colossus__4.part
[0.638s] -- Installing: /home/matth/Desktop/Colossus/Software/cora_robot/src/install/cora_description/share/cora_description/meshes/cora/core__configuration_large.stl
[0.640s] -- Installing: /home/matth/Desktop/Colossus/Software/cora_robot/src/install/cora_description/share/cora_description/meshes/cora/part_6.part
[0.641s] -- Installing: /home/matth/Desktop/Colossus/Software/cora_robot/src/install/cora_description/share/cora_description/meshes/cora/part_3__configuration__120_to_100.stl
[0.641s] -- Installing: /home/matth/Desktop/Colossus/Software/cora_robot/src/install/cora_description/share/cora_description/meshes/cora/mgn9_c__colossus__8.part
[0.642s] -- Installing: /home/matth/Desktop/Colossus/Software/cora_robot/src/install/cora_description/share/cora_description/meshes/cora/mgn9_c__colossus__5.stl
[0.642s] -- Installing: /home/matth/Desktop/Colossus/Software/cora_robot/src/install/cora_description/share/cora_description/meshes/cora/part_7.stl
[0.642s] -- Installing: /home/matth/Desktop/Colossus/Software/cora_robot/src/install/cora_description/share/cora_description/meshes/cora/mgn9_c__colossus__3.stl
[0.642s] -- Installing: /home/matth/Desktop/Colossus/Software/cora_robot/src/install/cora_description/share/cora_description/meshes/cora/part11_camera_gripper__colossus__2.stl
[0.642s] -- Installing: /home/matth/Desktop/Colossus/Software/cora_robot/src/install/cora_description/share/cora_description/meshes/cora/hex_nut_grade_a___b_m5x0_8__3336bc7e1c160bcfef19c0ceac4e2d46.part
[0.642s] -- Installing: /home/matth/Desktop/Colossus/Software/cora_robot/src/install/cora_description/share/cora_description/meshes/cora/part_1__configuration_small.stl
[0.642s] -- Installing: /home/matth/Desktop/Colossus/Software/cora_robot/src/install/cora_description/share/cora_description/meshes/cora/hex_nut_grade_a___b_m5x0_8__3336bc7e1c160bcfef19c0ceac4e2d46.stl
[0.642s] -- Installing: /home/matth/Desktop/Colossus/Software/cora_robot/src/install/cora_description/share/cora_description/meshes/cora/hex_socket_head_cap_screw_m5x0_80_x_40__470575574904615e18598206ae3385ac.stl
[0.643s] -- Installing: /home/matth/Desktop/Colossus/Software/cora_robot/src/install/cora_description/share/cora_description/meshes/cora/part11_camera_gripper__colossus.stl
[0.643s] -- Installing: /home/matth/Desktop/Colossus/Software/cora_robot/src/install/cora_description/share/cora_description/meshes/cora/logitech_webcam_c270__colossus.stl
[0.643s] -- Installing: /home/matth/Desktop/Colossus/Software/cora_robot/src/install/cora_description/share/cora_description/meshes/cora/connector_1__configuration__120_to_100.stl
[0.643s] -- Installing: /home/matth/Desktop/Colossus/Software/cora_robot/src/install/cora_description/share/cora_description/meshes/cora/base.part
[0.643s] -- Installing: /home/matth/Desktop/Colossus/Software/cora_robot/src/install/cora_description/share/cora_description/meshes/cora/logitech_webcam_c270__colossus__3.part
[0.643s] -- Installing: /home/matth/Desktop/Colossus/Software/cora_robot/src/install/cora_description/share/cora_description/meshes/cora/part_3__configuration__120_to_100.part
[0.643s] -- Installing: /home/matth/Desktop/Colossus/Software/cora_robot/src/install/cora_description/share/cora_description/meshes/cora/mgn9_rail__colossus.part
[0.643s] -- Installing: /home/matth/Desktop/Colossus/Software/cora_robot/src/install/cora_description/share/cora_description/meshes/cora/part_2.part
[0.644s] -- Installing: /home/matth/Desktop/Colossus/Software/cora_robot/src/install/cora_description/share/cora_description/meshes/cora/logitech_webcam_c270__colossus__2.part
[0.644s] -- Installing: /home/matth/Desktop/Colossus/Software/cora_robot/src/install/cora_description/share/cora_description/meshes/cora/merged
[0.644s] -- Installing: /home/matth/Desktop/Colossus/Software/cora_robot/src/install/cora_description/share/cora_description/meshes/cora/merged/endeffector_visual.stl
[0.644s] -- Installing: /home/matth/Desktop/Colossus/Software/cora_robot/src/install/cora_description/share/cora_description/meshes/cora/merged/l3_visual.stl
[0.650s] -- Installing: /home/matth/Desktop/Colossus/Software/cora_robot/src/install/cora_description/share/cora_description/meshes/cora/merged/endeffector_collision.stl
[0.650s] -- Installing: /home/matth/Desktop/Colossus/Software/cora_robot/src/install/cora_description/share/cora_description/meshes/cora/merged/baselink_visual.stl
[0.654s] -- Installing: /home/matth/Desktop/Colossus/Software/cora_robot/src/install/cora_description/share/cora_description/meshes/cora/merged/l5_collision.stl
[0.658s] -- Installing: /home/matth/Desktop/Colossus/Software/cora_robot/src/install/cora_description/share/cora_description/meshes/cora/merged/l4_visual.stl
[0.662s] -- Installing: /home/matth/Desktop/Colossus/Software/cora_robot/src/install/cora_description/share/cora_description/meshes/cora/merged/l3_collision.stl
[0.668s] -- Installing: /home/matth/Desktop/Colossus/Software/cora_robot/src/install/cora_description/share/cora_description/meshes/cora/merged/l2_visual.stl
[0.685s] -- Installing: /home/matth/Desktop/Colossus/Software/cora_robot/src/install/cora_description/share/cora_description/meshes/cora/merged/l1_collision.stl
[0.693s] -- Installing: /home/matth/Desktop/Colossus/Software/cora_robot/src/install/cora_description/share/cora_description/meshes/cora/merged/l4_collision.stl
[0.696s] -- Installing: /home/matth/Desktop/Colossus/Software/cora_robot/src/install/cora_description/share/cora_description/meshes/cora/merged/l2_collision.stl
[0.714s] -- Installing: /home/matth/Desktop/Colossus/Software/cora_robot/src/install/cora_description/share/cora_description/meshes/cora/merged/l5_visual.stl
[0.718s] -- Installing: /home/matth/Desktop/Colossus/Software/cora_robot/src/install/cora_description/share/cora_description/meshes/cora/merged/l1_visual.stl
[0.725s] -- Installing: /home/matth/Desktop/Colossus/Software/cora_robot/src/install/cora_description/share/cora_description/meshes/cora/merged/baselink_collision.stl
[0.728s] -- Installing: /home/matth/Desktop/Colossus/Software/cora_robot/src/install/cora_description/share/cora_description/meshes/cora/connector_1.stl
[0.729s] -- Installing: /home/matth/Desktop/Colossus/Software/cora_robot/src/install/cora_description/share/cora_description/meshes/cora/part_1__4.stl
[0.729s] -- Installing: /home/matth/Desktop/Colossus/Software/cora_robot/src/install/cora_description/share/cora_description/meshes/cora/mgn9_c__colossus__6.part
[0.729s] -- Installing: /home/matth/Desktop/Colossus/Software/cora_robot/src/install/cora_description/share/cora_description/meshes/cora/logitech_webcam_c270__colossus__5.stl
[0.729s] -- Installing: /home/matth/Desktop/Colossus/Software/cora_robot/src/install/cora_description/share/cora_description/meshes/cora/mgn9_c__colossus__3.part
[0.730s] -- Installing: /home/matth/Desktop/Colossus/Software/cora_robot/src/install/cora_description/share/cora_description/meshes/cora/connector_1__configuration__120_to_100.part
[0.730s] -- Installing: /home/matth/Desktop/Colossus/Software/cora_robot/src/install/cora_description/share/cora_description/meshes/cora/mgn9_c__colossus__8.stl
[0.730s] -- Installing: /home/matth/Desktop/Colossus/Software/cora_robot/src/install/cora_description/share/cora_description/meshes/cora/part_20.part
[0.730s] -- Installing: /home/matth/Desktop/Colossus/Software/cora_robot/src/install/cora_description/share/cora_description/meshes/cora/connector_2__configuration__120_to_100.stl
[0.730s] -- Installing: /home/matth/Desktop/Colossus/Software/cora_robot/src/install/cora_description/share/cora_description/meshes/cora/finger_topology_study5_smoothed_mesh_body__colossus.stl
[0.731s] -- Installing: /home/matth/Desktop/Colossus/Software/cora_robot/src/install/cora_description/share/cora_description/meshes/cora/mgn9_rail__colossus.stl
[0.731s] -- Installing: /home/matth/Desktop/Colossus/Software/cora_robot/src/install/cora_description/share/cora_description/meshes/cora/back_shell__configuration_large.part
[0.731s] -- Installing: /home/matth/Desktop/Colossus/Software/cora_robot/src/install/cora_description/share/cora_description/meshes/cora/mgn9_c__colossus.stl
[0.731s] -- Installing: /home/matth/Desktop/Colossus/Software/cora_robot/src/install/cora_description/share/cora_description/meshes/cora/base.stl
[0.732s] -- Installing: /home/matth/Desktop/Colossus/Software/cora_robot/src/install/cora_description/share/cora_description/meshes/cora/connector_2.part
[0.732s] -- Installing: /home/matth/Desktop/Colossus/Software/cora_robot/src/install/cora_description/share/cora_description/meshes/cora/finger_topology_study5_smoothed_mesh_body__colossus.part
[0.732s] -- Installing: /home/matth/Desktop/Colossus/Software/cora_robot/src/install/cora_description/share/cora_description/meshes/cora/part_20.stl
[0.733s] -- Installing: /home/matth/Desktop/Colossus/Software/cora_robot/src/install/cora_description/share/cora_description/meshes/cora/part_7__configuration_small.part
[0.733s] -- Installing: /home/matth/Desktop/Colossus/Software/cora_robot/src/install/cora_description/share/cora_description/meshes/cora/joint_sheet__configuration_large.stl
[0.733s] -- Installing: /home/matth/Desktop/Colossus/Software/cora_robot/src/install/cora_description/share/cora_description/meshes/cora/part_2.stl
[0.735s] -- Installing: /home/matth/Desktop/Colossus/Software/cora_robot/src/install/cora_description/share/cora_description/meshes/cora/part_7__configuration_small.stl
[0.735s] -- Installing: /home/matth/Desktop/Colossus/Software/cora_robot/src/install/cora_description/share/cora_description/meshes/cora/part_3.part
[0.735s] -- Installing: /home/matth/Desktop/Colossus/Software/cora_robot/src/install/cora_description/share/cora_description/meshes/cora/mgn9_c__colossus__9.stl
[0.735s] -- Installing: /home/matth/Desktop/Colossus/Software/cora_robot/src/install/cora_description/share/cora_description/meshes/cora/part11_camera_gripper__colossus__4.part
[0.735s] -- Installing: /home/matth/Desktop/Colossus/Software/cora_robot/src/install/cora_description/share/cora_description/meshes/cora/mgn9_c__colossus__4.stl
[0.735s] -- Installing: /home/matth/Desktop/Colossus/Software/cora_robot/src/install/cora_description/share/cora_description/meshes/cora/part_1__3.stl
[0.736s] -- Installing: /home/matth/Desktop/Colossus/Software/cora_robot/src/install/cora_description/share/cora_description/meshes/cora/part_1.part
[0.736s] -- Installing: /home/matth/Desktop/Colossus/Software/cora_robot/src/install/cora_description/share/cora_description/meshes/cora/mgn9_c__colossus__5.part
[0.737s] -- Installing: /home/matth/Desktop/Colossus/Software/cora_robot/src/install/cora_description/share/cora_description/meshes/cora/part_1__configuration_default.stl
[0.737s] -- Installing: /home/matth/Desktop/Colossus/Software/cora_robot/src/install/cora_description/share/cora_description/meshes/cora/part_5.stl
[0.737s] -- Installing: /home/matth/Desktop/Colossus/Software/cora_robot/src/install/cora_description/share/cora_description/meshes/cora/part_1__2.stl
[0.737s] -- Installing: /home/matth/Desktop/Colossus/Software/cora_robot/src/install/cora_description/share/cora_description/meshes/cora/part_7.part
[0.738s] -- Installing: /home/matth/Desktop/Colossus/Software/cora_robot/src/install/cora_description/share/cora_description/meshes/cora/mgn9_c__colossus__2.part
[0.738s] -- Installing: /home/matth/Desktop/Colossus/Software/cora_robot/src/install/cora_description/share/cora_description/meshes/cora/connector_2.stl
[0.738s] -- Installing: /home/matth/Desktop/Colossus/Software/cora_robot/src/install/cora_description/share/cora_description/meshes/cora/part_2__2.stl
[0.739s] -- Installing: /home/matth/Desktop/Colossus/Software/cora_robot/src/install/cora_description/share/cora_description/meshes/cora/part_1__configuration_default.part
[0.739s] -- Installing: /home/matth/Desktop/Colossus/Software/cora_robot/src/install/cora_description/share/cora_description/meshes/cora/connector_3__configuration_large.stl
[0.741s] -- Installing: /home/matth/Desktop/Colossus/Software/cora_robot/src/install/cora_description/share/cora_description/meshes/cora/mgn9_c__colossus__4.part
[0.741s] -- Installing: /home/matth/Desktop/Colossus/Software/cora_robot/src/install/cora_description/share/cora_description/meshes/cora/logitech_webcam_c270__colossus__2.stl
[0.741s] -- Installing: /home/matth/Desktop/Colossus/Software/cora_robot/src/install/cora_description/share/cora_description/meshes/cora/mgn9_c__colossus__6.stl
[0.741s] -- Installing: /home/matth/Desktop/Colossus/Software/cora_robot/src/install/cora_description/share/cora_description/meshes/cora/connector_3__configuration_small.part
[0.741s] -- Installing: /home/matth/Desktop/Colossus/Software/cora_robot/src/install/cora_description/share/cora_description/meshes/cora/logitech_webcam_c270__colossus__5.part
[0.741s] -- Installing: /home/matth/Desktop/Colossus/Software/cora_robot/src/install/cora_description/share/cora_description/meshes/cora/connector_2__configuration_large.stl
[0.742s] -- Installing: /home/matth/Desktop/Colossus/Software/cora_robot/src/install/cora_description/share/cora_description/meshes/cora/part_8.part
[0.742s] -- Installing: /home/matth/Desktop/Colossus/Software/cora_robot/src/install/cora_description/share/cora_description/meshes/cora/part_3.stl
[0.744s] -- Installing: /home/matth/Desktop/Colossus/Software/cora_robot/src/install/cora_description/share/cora_description/meshes/cora/joint_sheet__configuration_large.part
[0.744s] -- Installing: /home/matth/Desktop/Colossus/Software/cora_robot/src/install/cora_description/share/cora_description/meshes/cora/part11_camera_gripper__colossus__3.stl
[0.745s] -- Installing: /home/matth/Desktop/Colossus/Software/cora_robot/src/install/cora_description/share/cora_description/meshes/cora/hex_socket_head_cap_screw_m5x0_80_x_40__470575574904615e18598206ae3385ac.part
[0.745s] -- Installing: /home/matth/Desktop/Colossus/Software/cora_robot/src/install/cora_description/share/cora_description/meshes/cora/mgn9_c__colossus__7.stl
[0.745s] -- Installing: /home/matth/Desktop/Colossus/Software/cora_robot/src/install/cora_description/share/cora_description/meshes/cora/part_1__2.part
[0.745s] -- Installing: /home/matth/Desktop/Colossus/Software/cora_robot/src/install/cora_description/share/ament_index/resource_index/package_run_dependencies/cora_description
[0.746s] -- Installing: /home/matth/Desktop/Colossus/Software/cora_robot/src/install/cora_description/share/ament_index/resource_index/parent_prefix_path/cora_description
[0.746s] -- Installing: /home/matth/Desktop/Colossus/Software/cora_robot/src/install/cora_description/share/cora_description/environment/ament_prefix_path.sh
[0.746s] -- Installing: /home/matth/Desktop/Colossus/Software/cora_robot/src/install/cora_description/share/cora_description/environment/ament_prefix_path.dsv
[0.746s] -- Installing: /home/matth/Desktop/Colossus/Software/cora_robot/src/install/cora_description/share/cora_description/environment/path.sh
[0.747s] -- Installing: /home/matth/Desktop/Colossus/Software/cora_robot/src/install/cora_description/share/cora_description/environment/path.dsv
[0.747s] -- Installing: /home/matth/Desktop/Colossus/Software/cora_robot/src/install/cora_description/share/cora_description/local_setup.bash
[0.747s] -- Installing: /home/matth/Desktop/Colossus/Software/cora_robot/src/install/cora_description/share/cora_description/local_setup.sh
[0.747s] -- Installing: /home/matth/Desktop/Colossus/Software/cora_robot/src/install/cora_description/share/cora_description/local_setup.zsh
[0.747s] -- Installing: /home/matth/Desktop/Colossus/Software/cora_robot/src/install/cora_description/share/cora_description/local_setup.dsv
[0.747s] -- Installing: /home/matth/Desktop/Colossus/Software/cora_robot/src/install/cora_description/share/cora_description/package.dsv
[0.747s] -- Installing: /home/matth/Desktop/Colossus/Software/cora_robot/src/install/cora_description/share/ament_index/resource_index/packages/cora_description
[0.747s] -- Installing: /home/matth/Desktop/Colossus/Software/cora_robot/src/install/cora_description/share/cora_description/cmake/cora_descriptionConfig.cmake
[0.747s] -- Installing: /home/matth/Desktop/Colossus/Software/cora_robot/src/install/cora_description/share/cora_description/cmake/cora_descriptionConfig-version.cmake
[0.747s] -- Installing: /home/matth/Desktop/Colossus/Software/cora_robot/src/install/cora_description/share/cora_description/package.xml
[0.749s] Invoked command in '/home/matth/Desktop/Colossus/Software/cora_robot/src/build/cora_description' returned '0': CMAKE_PREFIX_PATH=${CMAKE_PREFIX_PATH}:/home/matth/Desktop/Colossus/Software/cora_robot/install/cora_vision:/home/matth/Desktop/Colossus/Software/cora_robot/install/cora_moveit:/home/matth/Desktop/Colossus/Software/cora_robot/install/cora_codi:/home/matth/Desktop/Colossus/Software/cora_robot/install/cora_bringup:/opt/ros/jazzy DEBUGINFOD_URLS=https://debuginfod.ubuntu.com /usr/bin/cmake --install /home/matth/Desktop/Colossus/Software/cora_robot/src/build/cora_description
