[0.792s] Invoking command in '/home/matth/Desktop/Colossus/Software/cora_robot/src/cora_moveit': DEBUGINFOD_URLS=https://debuginfod.ubuntu.com PYTHONPATH=/home/matth/Desktop/Colossus/Software/cora_robot/src/build/cora_moveit/prefix_override:/usr/lib/python3/dist-packages/colcon_core/task/python/colcon_distutils_commands:/home/matth/Desktop/Colossus/Software/cora_robot/src/install/cora_moveit/lib/python3.12/site-packages:${PYTHONPATH} /usr/bin/python3 -W ignore:setup.py install is deprecated -W ignore:easy_install command is deprecated setup.py egg_info --egg-base ../build/cora_moveit build --build-base /home/matth/Desktop/Colossus/Software/cora_robot/src/build/cora_moveit/build install --record /home/matth/Desktop/Colossus/Software/cora_robot/src/build/cora_moveit/install.log --single-version-externally-managed install_data
[0.934s] running egg_info
[0.945s] writing ../build/cora_moveit/cora_moveit.egg-info/PKG-INFO
[0.945s] writing dependency_links to ../build/cora_moveit/cora_moveit.egg-info/dependency_links.txt
[0.946s] writing entry points to ../build/cora_moveit/cora_moveit.egg-info/entry_points.txt
[0.946s] writing requirements to ../build/cora_moveit/cora_moveit.egg-info/requires.txt
[0.946s] writing top-level names to ../build/cora_moveit/cora_moveit.egg-info/top_level.txt
[0.967s] reading manifest file '../build/cora_moveit/cora_moveit.egg-info/SOURCES.txt'
[0.967s] writing manifest file '../build/cora_moveit/cora_moveit.egg-info/SOURCES.txt'
[0.967s] running build
[0.967s] running build_py
[0.967s] running install
[0.971s] running install_lib
[0.981s] running install_data
[0.982s] running install_egg_info
[0.992s] removing '/home/matth/Desktop/Colossus/Software/cora_robot/src/install/cora_moveit/lib/python3.12/site-packages/cora_moveit-0.0.0-py3.12.egg-info' (and everything under it)
[0.992s] Copying ../build/cora_moveit/cora_moveit.egg-info to /home/matth/Desktop/Colossus/Software/cora_robot/src/install/cora_moveit/lib/python3.12/site-packages/cora_moveit-0.0.0-py3.12.egg-info
[0.993s] running install_scripts
[1.061s] Installing cora_moveit_test script to /home/matth/Desktop/Colossus/Software/cora_robot/src/install/cora_moveit/lib/cora_moveit
[1.061s] Installing keyboard_servo_node script to /home/matth/Desktop/Colossus/Software/cora_robot/src/install/cora_moveit/lib/cora_moveit
[1.061s] Installing moveitpy_node script to /home/matth/Desktop/Colossus/Software/cora_robot/src/install/cora_moveit/lib/cora_moveit
[1.061s] writing list of installed files to '/home/matth/Desktop/Colossus/Software/cora_robot/src/build/cora_moveit/install.log'
[1.077s] Invoked command in '/home/matth/Desktop/Colossus/Software/cora_robot/src/cora_moveit' returned '0': DEBUGINFOD_URLS=https://debuginfod.ubuntu.com PYTHONPATH=/home/matth/Desktop/Colossus/Software/cora_robot/src/build/cora_moveit/prefix_override:/usr/lib/python3/dist-packages/colcon_core/task/python/colcon_distutils_commands:/home/matth/Desktop/Colossus/Software/cora_robot/src/install/cora_moveit/lib/python3.12/site-packages:${PYTHONPATH} /usr/bin/python3 -W ignore:setup.py install is deprecated -W ignore:easy_install command is deprecated setup.py egg_info --egg-base ../build/cora_moveit build --build-base /home/matth/Desktop/Colossus/Software/cora_robot/src/build/cora_moveit/build install --record /home/matth/Desktop/Colossus/Software/cora_robot/src/build/cora_moveit/install.log --single-version-externally-managed install_data
