[0.341s] Invoking command in '/home/matth/Desktop/Colossus/Software/cora_robot/src/build/cora_msgs': CMAKE_PREFIX_PATH=${CMAKE_PREFIX_PATH}:/home/matth/Desktop/Colossus/Software/cora_robot/install/cora_vision:/home/matth/Desktop/Colossus/Software/cora_robot/install/cora_moveit:/home/matth/Desktop/Colossus/Software/cora_robot/install/cora_codi:/home/matth/Desktop/Colossus/Software/cora_robot/install/cora_bringup:/opt/ros/jazzy DEBUGINFOD_URLS=https://debuginfod.ubuntu.com /usr/bin/cmake /home/matth/Desktop/Colossus/Software/cora_robot/src/cora_msgs -DCMAKE_INSTALL_PREFIX=/home/matth/Desktop/Colossus/Software/cora_robot/src/install/cora_msgs
[0.464s] -- The C compiler identification is GNU 13.3.0
[0.464s] -- The CXX compiler identification is GNU 13.3.0
[0.464s] -- Detecting C compiler ABI info
[0.483s] -- Detecting C compiler ABI info - done
[0.491s] -- Check for working C compiler: /usr/bin/cc - skipped
[0.492s] -- Detecting C compile features
[0.493s] -- Detecting C compile features - done
[0.500s] -- Detecting CXX compiler ABI info
[0.594s] -- Detecting CXX compiler ABI info - done
[0.605s] -- Check for working CXX compiler: /usr/bin/c++ - skipped
[0.606s] -- Detecting CXX compile features
[0.606s] -- Detecting CXX compile features - done
[0.612s] -- Found ament_cmake: 2.5.4 (/opt/ros/jazzy/share/ament_cmake/cmake)
[0.756s] -- Found Python3: /usr/bin/python3 (found version "3.12.3") found components: Interpreter 
[0.872s] -- Found std_msgs: 5.3.6 (/opt/ros/jazzy/share/std_msgs/cmake)
[0.928s] -- Found rosidl_generator_c: 4.6.6 (/opt/ros/jazzy/share/rosidl_generator_c/cmake)
[0.944s] -- Found rosidl_generator_cpp: 4.6.6 (/opt/ros/jazzy/share/rosidl_generator_cpp/cmake)
[0.963s] -- Using all available rosidl_typesupport_c: rosidl_typesupport_fastrtps_c;rosidl_typesupport_introspection_c
[0.980s] -- Using all available rosidl_typesupport_cpp: rosidl_typesupport_fastrtps_cpp;rosidl_typesupport_introspection_cpp
[1.013s] -- Found geometry_msgs: 5.3.6 (/opt/ros/jazzy/share/geometry_msgs/cmake)
[1.025s] -- Found rosidl_default_generators: 1.6.0 (/opt/ros/jazzy/share/rosidl_default_generators/cmake)
[1.045s] -- Found rosidl_adapter: 4.6.6 (/opt/ros/jazzy/share/rosidl_adapter/cmake)
[1.489s] -- Found ament_cmake_cppcheck: 0.17.3 (/opt/ros/jazzy/share/ament_cmake_cppcheck/cmake)
[1.493s] -- Found ament_cmake_cpplint: 0.17.3 (/opt/ros/jazzy/share/ament_cmake_cpplint/cmake)
[1.497s] -- Found ament_cmake_uncrustify: 0.17.3 (/opt/ros/jazzy/share/ament_cmake_uncrustify/cmake)
[1.501s] -- Found ament_cmake_ros: 0.12.0 (/opt/ros/jazzy/share/ament_cmake_ros/cmake)
[2.057s] -- Using all available rosidl_typesupport_c: rosidl_typesupport_fastrtps_c;rosidl_typesupport_introspection_c
[2.269s] -- Using all available rosidl_typesupport_cpp: rosidl_typesupport_fastrtps_cpp;rosidl_typesupport_introspection_cpp
[2.273s] -- Found python_cmake_module: 0.11.1 (/opt/ros/jazzy/share/python_cmake_module/cmake)
[2.357s] -- Found PythonExtra: /usr/bin/python3  
[2.663s] -- Found Python3: /usr/bin/python3 (found version "3.12.3") found components: Interpreter Development NumPy Development.Module Development.Embed 
[2.706s] -- Found ament_cmake_flake8: 0.17.3 (/opt/ros/jazzy/share/ament_cmake_flake8/cmake)
[2.710s] -- Found ament_cmake_pep257: 0.17.3 (/opt/ros/jazzy/share/ament_cmake_pep257/cmake)
[2.714s] -- Found ament_lint_auto: 0.17.3 (/opt/ros/jazzy/share/ament_lint_auto/cmake)
[2.728s] -- Added test 'lint_cmake' to check CMake code style
[2.729s] -- Added test 'xmllint' to check XML markup files
[2.731s] -- Configuring done (2.4s)
[2.756s] -- Generating done (0.0s)
[2.762s] -- Build files have been written to: /home/matth/Desktop/Colossus/Software/cora_robot/src/build/cora_msgs
[2.769s] Invoked command in '/home/matth/Desktop/Colossus/Software/cora_robot/src/build/cora_msgs' returned '0': CMAKE_PREFIX_PATH=${CMAKE_PREFIX_PATH}:/home/matth/Desktop/Colossus/Software/cora_robot/install/cora_vision:/home/matth/Desktop/Colossus/Software/cora_robot/install/cora_moveit:/home/matth/Desktop/Colossus/Software/cora_robot/install/cora_codi:/home/matth/Desktop/Colossus/Software/cora_robot/install/cora_bringup:/opt/ros/jazzy DEBUGINFOD_URLS=https://debuginfod.ubuntu.com /usr/bin/cmake /home/matth/Desktop/Colossus/Software/cora_robot/src/cora_msgs -DCMAKE_INSTALL_PREFIX=/home/matth/Desktop/Colossus/Software/cora_robot/src/install/cora_msgs
[2.769s] Invoking command in '/home/matth/Desktop/Colossus/Software/cora_robot/src/build/cora_msgs': CMAKE_PREFIX_PATH=${CMAKE_PREFIX_PATH}:/home/matth/Desktop/Colossus/Software/cora_robot/install/cora_vision:/home/matth/Desktop/Colossus/Software/cora_robot/install/cora_moveit:/home/matth/Desktop/Colossus/Software/cora_robot/install/cora_codi:/home/matth/Desktop/Colossus/Software/cora_robot/install/cora_bringup:/opt/ros/jazzy DEBUGINFOD_URLS=https://debuginfod.ubuntu.com /usr/bin/cmake --build /home/matth/Desktop/Colossus/Software/cora_robot/src/build/cora_msgs -- -j12 -l12
[2.806s] [  2%] [34m[1mGenerating type hashes for ROS interfaces[0m
[2.814s] [  2%] Built target ament_cmake_python_copy_cora_msgs
[2.932s] running egg_info
[2.932s] creating cora_msgs.egg-info
[2.946s] writing cora_msgs.egg-info/PKG-INFO
[2.946s] writing dependency_links to cora_msgs.egg-info/dependency_links.txt
[2.946s] writing top-level names to cora_msgs.egg-info/top_level.txt
[2.946s] writing manifest file 'cora_msgs.egg-info/SOURCES.txt'
[2.973s] reading manifest file 'cora_msgs.egg-info/SOURCES.txt'
[2.973s] writing manifest file 'cora_msgs.egg-info/SOURCES.txt'
[2.977s] [  2%] Built target cora_msgs__rosidl_generator_type_description
[2.984s] [  4%] [34m[1mGenerating C code for ROS interfaces[0m
[2.989s] [  4%] Built target ament_cmake_python_build_cora_msgs_egg
[2.991s] [  6%] [34m[1mGenerating C++ code for ROS interfaces[0m
[3.269s] [  6%] Built target cora_msgs__cpp
[3.306s] [ 11%] [32mBuilding C object CMakeFiles/cora_msgs__rosidl_generator_c.dir/rosidl_generator_c/cora_msgs/msg/detail/targeted_pose_stamped__functions.c.o[0m
[3.306s] [ 11%] [32mBuilding C object CMakeFiles/cora_msgs__rosidl_generator_c.dir/rosidl_generator_c/cora_msgs/msg/detail/targeted_pose_stamped__type_support.c.o[0m
[3.306s] [ 13%] [32mBuilding C object CMakeFiles/cora_msgs__rosidl_generator_c.dir/rosidl_generator_c/cora_msgs/msg/detail/targeted_pose_stamped__description.c.o[0m
[3.306s] [ 15%] [32mBuilding C object CMakeFiles/cora_msgs__rosidl_generator_c.dir/rosidl_generator_c/cora_msgs/action/detail/pose_goal__functions.c.o[0m
[3.306s] [ 20%] [32mBuilding C object CMakeFiles/cora_msgs__rosidl_generator_c.dir/rosidl_generator_c/cora_msgs/action/detail/pose_goal__description.c.o[0m
[3.306s] [ 20%] [32mBuilding C object CMakeFiles/cora_msgs__rosidl_generator_c.dir/rosidl_generator_c/cora_msgs/action/detail/pose_goal__type_support.c.o[0m
[3.397s] [ 22%] [32m[1mLinking C shared library libcora_msgs__rosidl_generator_c.so[0m
[3.425s] [ 22%] Built target cora_msgs__rosidl_generator_c
[3.433s] [ 27%] [34m[1mGenerating C type support for eProsima Fast-RTPS[0m
[3.433s] [ 27%] [34m[1mGenerating C++ type support for eProsima Fast-RTPS[0m
[3.433s] [ 29%] [34m[1mGenerating C type support dispatch for ROS interfaces[0m
[3.433s] [ 31%] [34m[1mGenerating C++ type support dispatch for ROS interfaces[0m
[3.433s] [ 34%] [34m[1mGenerating C introspection for ROS interfaces[0m
[3.434s] [ 36%] [34m[1mGenerating C++ introspection for ROS interfaces[0m
[3.654s] [ 38%] [32mBuilding CXX object CMakeFiles/cora_msgs__rosidl_typesupport_cpp.dir/rosidl_typesupport_cpp/cora_msgs/action/pose_goal__type_support.cpp.o[0m
[3.657s] [ 40%] [32mBuilding CXX object CMakeFiles/cora_msgs__rosidl_typesupport_cpp.dir/rosidl_typesupport_cpp/cora_msgs/msg/targeted_pose_stamped__type_support.cpp.o[0m
[3.681s] [ 43%] [32mBuilding CXX object CMakeFiles/cora_msgs__rosidl_typesupport_introspection_cpp.dir/rosidl_typesupport_introspection_cpp/cora_msgs/action/detail/pose_goal__type_support.cpp.o[0m
[3.681s] [ 45%] [32mBuilding CXX object CMakeFiles/cora_msgs__rosidl_typesupport_introspection_cpp.dir/rosidl_typesupport_introspection_cpp/cora_msgs/msg/detail/targeted_pose_stamped__type_support.cpp.o[0m
[3.702s] [ 47%] [32mBuilding C object CMakeFiles/cora_msgs__rosidl_typesupport_introspection_c.dir/rosidl_typesupport_introspection_c/cora_msgs/action/detail/pose_goal__type_support.c.o[0m
[3.702s] [ 50%] [32mBuilding C object CMakeFiles/cora_msgs__rosidl_typesupport_introspection_c.dir/rosidl_typesupport_introspection_c/cora_msgs/msg/detail/targeted_pose_stamped__type_support.c.o[0m
[3.743s] [ 54%] [32mBuilding CXX object CMakeFiles/cora_msgs__rosidl_typesupport_c.dir/rosidl_typesupport_c/cora_msgs/msg/targeted_pose_stamped__type_support.cpp.o[0m
[3.743s] [ 54%] [32mBuilding CXX object CMakeFiles/cora_msgs__rosidl_typesupport_c.dir/rosidl_typesupport_c/cora_msgs/action/pose_goal__type_support.cpp.o[0m
[3.759s] [ 56%] [32m[1mLinking C shared library libcora_msgs__rosidl_typesupport_introspection_c.so[0m
[3.795s] [ 56%] Built target cora_msgs__rosidl_typesupport_introspection_c
[3.796s] [ 59%] [32m[1mLinking CXX shared library libcora_msgs__rosidl_typesupport_c.so[0m
[3.820s] [ 63%] [32mBuilding CXX object CMakeFiles/cora_msgs__rosidl_typesupport_fastrtps_cpp.dir/rosidl_typesupport_fastrtps_cpp/cora_msgs/action/detail/dds_fastrtps/pose_goal__type_support.cpp.o[0m
[3.820s] [ 63%] [32mBuilding CXX object CMakeFiles/cora_msgs__rosidl_typesupport_fastrtps_cpp.dir/rosidl_typesupport_fastrtps_cpp/cora_msgs/msg/detail/dds_fastrtps/targeted_pose_stamped__type_support.cpp.o[0m
[3.841s] [ 63%] Built target cora_msgs__rosidl_typesupport_c
[3.873s] [ 65%] [32mBuilding CXX object CMakeFiles/cora_msgs__rosidl_typesupport_fastrtps_c.dir/rosidl_typesupport_fastrtps_c/cora_msgs/action/detail/pose_goal__type_support_c.cpp.o[0m
[3.874s] [ 68%] [32mBuilding CXX object CMakeFiles/cora_msgs__rosidl_typesupport_fastrtps_c.dir/rosidl_typesupport_fastrtps_c/cora_msgs/msg/detail/targeted_pose_stamped__type_support_c.cpp.o[0m
[4.105s] [ 70%] [32m[1mLinking CXX shared library libcora_msgs__rosidl_typesupport_cpp.so[0m
[4.154s] [ 70%] Built target cora_msgs__rosidl_typesupport_cpp
[4.202s] [ 72%] [32m[1mLinking CXX shared library libcora_msgs__rosidl_typesupport_introspection_cpp.so[0m
[4.225s] [ 75%] [32m[1mLinking CXX shared library libcora_msgs__rosidl_typesupport_fastrtps_c.so[0m
[4.252s] [ 75%] Built target cora_msgs__rosidl_typesupport_introspection_cpp
[4.273s] [ 75%] Built target cora_msgs__rosidl_typesupport_fastrtps_c
[4.432s] [ 77%] [32m[1mLinking CXX shared library libcora_msgs__rosidl_typesupport_fastrtps_cpp.so[0m
[4.479s] [ 77%] Built target cora_msgs__rosidl_typesupport_fastrtps_cpp
[4.494s] [ 77%] Built target cora_msgs
[4.510s] [ 79%] [34m[1mGenerating Python code for ROS interfaces[0m
[4.975s] [ 79%] Built target cora_msgs__py
[4.990s] [ 81%] [32mBuilding C object CMakeFiles/cora_msgs__rosidl_generator_py.dir/rosidl_generator_py/cora_msgs/msg/_targeted_pose_stamped_s.c.o[0m
[4.990s] [ 84%] [32mBuilding C object CMakeFiles/cora_msgs__rosidl_generator_py.dir/rosidl_generator_py/cora_msgs/action/_pose_goal_s.c.o[0m
[5.114s] [ 86%] [32m[1mLinking C shared library libcora_msgs__rosidl_generator_py.so[0m
[5.146s] [ 86%] Built target cora_msgs__rosidl_generator_py
[5.160s] [ 88%] [32mBuilding C object CMakeFiles/cora_msgs_s__rosidl_typesupport_introspection_c.dir/rosidl_generator_py/cora_msgs/_cora_msgs_s.ep.rosidl_typesupport_introspection_c.c.o[0m
[5.160s] [ 90%] [32mBuilding C object CMakeFiles/cora_msgs_s__rosidl_typesupport_c.dir/rosidl_generator_py/cora_msgs/_cora_msgs_s.ep.rosidl_typesupport_c.c.o[0m
[5.160s] [ 93%] [32mBuilding C object CMakeFiles/cora_msgs_s__rosidl_typesupport_fastrtps_c.dir/rosidl_generator_py/cora_msgs/_cora_msgs_s.ep.rosidl_typesupport_fastrtps_c.c.o[0m
[5.234s] [ 95%] [32m[1mLinking C shared module rosidl_generator_py/cora_msgs/cora_msgs_s__rosidl_typesupport_introspection_c.so[0m
[5.235s] [ 97%] [32m[1mLinking C shared module rosidl_generator_py/cora_msgs/cora_msgs_s__rosidl_typesupport_c.so[0m
[5.236s] [100%] [32m[1mLinking C shared module rosidl_generator_py/cora_msgs/cora_msgs_s__rosidl_typesupport_fastrtps_c.so[0m
[5.257s] [100%] Built target cora_msgs_s__rosidl_typesupport_c
[5.257s] [100%] Built target cora_msgs_s__rosidl_typesupport_introspection_c
[5.259s] [100%] Built target cora_msgs_s__rosidl_typesupport_fastrtps_c
[5.268s] Invoked command in '/home/matth/Desktop/Colossus/Software/cora_robot/src/build/cora_msgs' returned '0': CMAKE_PREFIX_PATH=${CMAKE_PREFIX_PATH}:/home/matth/Desktop/Colossus/Software/cora_robot/install/cora_vision:/home/matth/Desktop/Colossus/Software/cora_robot/install/cora_moveit:/home/matth/Desktop/Colossus/Software/cora_robot/install/cora_codi:/home/matth/Desktop/Colossus/Software/cora_robot/install/cora_bringup:/opt/ros/jazzy DEBUGINFOD_URLS=https://debuginfod.ubuntu.com /usr/bin/cmake --build /home/matth/Desktop/Colossus/Software/cora_robot/src/build/cora_msgs -- -j12 -l12
[5.268s] Invoking command in '/home/matth/Desktop/Colossus/Software/cora_robot/src/build/cora_msgs': CMAKE_PREFIX_PATH=${CMAKE_PREFIX_PATH}:/home/matth/Desktop/Colossus/Software/cora_robot/install/cora_vision:/home/matth/Desktop/Colossus/Software/cora_robot/install/cora_moveit:/home/matth/Desktop/Colossus/Software/cora_robot/install/cora_codi:/home/matth/Desktop/Colossus/Software/cora_robot/install/cora_bringup:/opt/ros/jazzy DEBUGINFOD_URLS=https://debuginfod.ubuntu.com /usr/bin/cmake --install /home/matth/Desktop/Colossus/Software/cora_robot/src/build/cora_msgs
[5.274s] -- Install configuration: ""
[5.274s] -- Installing: /home/matth/Desktop/Colossus/Software/cora_robot/src/install/cora_msgs/share/ament_index/resource_index/rosidl_interfaces/cora_msgs
[5.275s] -- Installing: /home/matth/Desktop/Colossus/Software/cora_robot/src/install/cora_msgs/share/cora_msgs/action/PoseGoal.json
[5.275s] -- Installing: /home/matth/Desktop/Colossus/Software/cora_robot/src/install/cora_msgs/share/cora_msgs/msg/TargetedPoseStamped.json
[5.275s] -- Installing: /home/matth/Desktop/Colossus/Software/cora_robot/src/install/cora_msgs/include/cora_msgs/cora_msgs
[5.275s] -- Installing: /home/matth/Desktop/Colossus/Software/cora_robot/src/install/cora_msgs/include/cora_msgs/cora_msgs/action
[5.275s] -- Installing: /home/matth/Desktop/Colossus/Software/cora_robot/src/install/cora_msgs/include/cora_msgs/cora_msgs/action/pose_goal.h
[5.275s] -- Installing: /home/matth/Desktop/Colossus/Software/cora_robot/src/install/cora_msgs/include/cora_msgs/cora_msgs/action/detail
[5.275s] -- Installing: /home/matth/Desktop/Colossus/Software/cora_robot/src/install/cora_msgs/include/cora_msgs/cora_msgs/action/detail/pose_goal__type_support.c
[5.275s] -- Installing: /home/matth/Desktop/Colossus/Software/cora_robot/src/install/cora_msgs/include/cora_msgs/cora_msgs/action/detail/pose_goal__type_support.h
[5.275s] -- Installing: /home/matth/Desktop/Colossus/Software/cora_robot/src/install/cora_msgs/include/cora_msgs/cora_msgs/action/detail/pose_goal__functions.h
[5.275s] -- Installing: /home/matth/Desktop/Colossus/Software/cora_robot/src/install/cora_msgs/include/cora_msgs/cora_msgs/action/detail/pose_goal__functions.c
[5.275s] -- Installing: /home/matth/Desktop/Colossus/Software/cora_robot/src/install/cora_msgs/include/cora_msgs/cora_msgs/action/detail/pose_goal__description.c
[5.275s] -- Installing: /home/matth/Desktop/Colossus/Software/cora_robot/src/install/cora_msgs/include/cora_msgs/cora_msgs/action/detail/pose_goal__struct.h
[5.276s] -- Installing: /home/matth/Desktop/Colossus/Software/cora_robot/src/install/cora_msgs/include/cora_msgs/cora_msgs/msg
[5.276s] -- Installing: /home/matth/Desktop/Colossus/Software/cora_robot/src/install/cora_msgs/include/cora_msgs/cora_msgs/msg/detail
[5.276s] -- Installing: /home/matth/Desktop/Colossus/Software/cora_robot/src/install/cora_msgs/include/cora_msgs/cora_msgs/msg/detail/targeted_pose_stamped__functions.c
[5.276s] -- Installing: /home/matth/Desktop/Colossus/Software/cora_robot/src/install/cora_msgs/include/cora_msgs/cora_msgs/msg/detail/targeted_pose_stamped__struct.h
[5.276s] -- Installing: /home/matth/Desktop/Colossus/Software/cora_robot/src/install/cora_msgs/include/cora_msgs/cora_msgs/msg/detail/targeted_pose_stamped__description.c
[5.276s] -- Installing: /home/matth/Desktop/Colossus/Software/cora_robot/src/install/cora_msgs/include/cora_msgs/cora_msgs/msg/detail/targeted_pose_stamped__functions.h
[5.276s] -- Installing: /home/matth/Desktop/Colossus/Software/cora_robot/src/install/cora_msgs/include/cora_msgs/cora_msgs/msg/detail/targeted_pose_stamped__type_support.h
[5.276s] -- Installing: /home/matth/Desktop/Colossus/Software/cora_robot/src/install/cora_msgs/include/cora_msgs/cora_msgs/msg/detail/targeted_pose_stamped__type_support.c
[5.276s] -- Installing: /home/matth/Desktop/Colossus/Software/cora_robot/src/install/cora_msgs/include/cora_msgs/cora_msgs/msg/rosidl_generator_c__visibility_control.h
[5.276s] -- Installing: /home/matth/Desktop/Colossus/Software/cora_robot/src/install/cora_msgs/include/cora_msgs/cora_msgs/msg/targeted_pose_stamped.h
[5.276s] -- Installing: /home/matth/Desktop/Colossus/Software/cora_robot/src/install/cora_msgs/share/cora_msgs/environment/library_path.sh
[5.276s] -- Installing: /home/matth/Desktop/Colossus/Software/cora_robot/src/install/cora_msgs/share/cora_msgs/environment/library_path.dsv
[5.276s] -- Installing: /home/matth/Desktop/Colossus/Software/cora_robot/src/install/cora_msgs/lib/libcora_msgs__rosidl_generator_c.so
[5.277s] -- Set non-toolchain portion of runtime path of "/home/matth/Desktop/Colossus/Software/cora_robot/src/install/cora_msgs/lib/libcora_msgs__rosidl_generator_c.so" to ""
[5.277s] -- Up-to-date: /home/matth/Desktop/Colossus/Software/cora_robot/src/install/cora_msgs/include/cora_msgs/cora_msgs
[5.277s] -- Up-to-date: /home/matth/Desktop/Colossus/Software/cora_robot/src/install/cora_msgs/include/cora_msgs/cora_msgs/action
[5.277s] -- Up-to-date: /home/matth/Desktop/Colossus/Software/cora_robot/src/install/cora_msgs/include/cora_msgs/cora_msgs/action/detail
[5.277s] -- Installing: /home/matth/Desktop/Colossus/Software/cora_robot/src/install/cora_msgs/include/cora_msgs/cora_msgs/action/detail/pose_goal__rosidl_typesupport_fastrtps_c.h
[5.277s] -- Up-to-date: /home/matth/Desktop/Colossus/Software/cora_robot/src/install/cora_msgs/include/cora_msgs/cora_msgs/msg
[5.277s] -- Installing: /home/matth/Desktop/Colossus/Software/cora_robot/src/install/cora_msgs/include/cora_msgs/cora_msgs/msg/rosidl_typesupport_fastrtps_c__visibility_control.h
[5.277s] -- Up-to-date: /home/matth/Desktop/Colossus/Software/cora_robot/src/install/cora_msgs/include/cora_msgs/cora_msgs/msg/detail
[5.277s] -- Installing: /home/matth/Desktop/Colossus/Software/cora_robot/src/install/cora_msgs/include/cora_msgs/cora_msgs/msg/detail/targeted_pose_stamped__rosidl_typesupport_fastrtps_c.h
[5.277s] -- Installing: /home/matth/Desktop/Colossus/Software/cora_robot/src/install/cora_msgs/lib/libcora_msgs__rosidl_typesupport_fastrtps_c.so
[5.277s] -- Set non-toolchain portion of runtime path of "/home/matth/Desktop/Colossus/Software/cora_robot/src/install/cora_msgs/lib/libcora_msgs__rosidl_typesupport_fastrtps_c.so" to ""
[5.277s] -- Up-to-date: /home/matth/Desktop/Colossus/Software/cora_robot/src/install/cora_msgs/include/cora_msgs/cora_msgs
[5.277s] -- Up-to-date: /home/matth/Desktop/Colossus/Software/cora_robot/src/install/cora_msgs/include/cora_msgs/cora_msgs/action
[5.278s] -- Installing: /home/matth/Desktop/Colossus/Software/cora_robot/src/install/cora_msgs/include/cora_msgs/cora_msgs/action/pose_goal.hpp
[5.278s] -- Up-to-date: /home/matth/Desktop/Colossus/Software/cora_robot/src/install/cora_msgs/include/cora_msgs/cora_msgs/action/detail
[5.278s] -- Installing: /home/matth/Desktop/Colossus/Software/cora_robot/src/install/cora_msgs/include/cora_msgs/cora_msgs/action/detail/pose_goal__struct.hpp
[5.278s] -- Installing: /home/matth/Desktop/Colossus/Software/cora_robot/src/install/cora_msgs/include/cora_msgs/cora_msgs/action/detail/pose_goal__builder.hpp
[5.278s] -- Installing: /home/matth/Desktop/Colossus/Software/cora_robot/src/install/cora_msgs/include/cora_msgs/cora_msgs/action/detail/pose_goal__type_support.hpp
[5.278s] -- Installing: /home/matth/Desktop/Colossus/Software/cora_robot/src/install/cora_msgs/include/cora_msgs/cora_msgs/action/detail/pose_goal__traits.hpp
[5.278s] -- Up-to-date: /home/matth/Desktop/Colossus/Software/cora_robot/src/install/cora_msgs/include/cora_msgs/cora_msgs/msg
[5.278s] -- Installing: /home/matth/Desktop/Colossus/Software/cora_robot/src/install/cora_msgs/include/cora_msgs/cora_msgs/msg/rosidl_generator_cpp__visibility_control.hpp
[5.278s] -- Up-to-date: /home/matth/Desktop/Colossus/Software/cora_robot/src/install/cora_msgs/include/cora_msgs/cora_msgs/msg/detail
[5.278s] -- Installing: /home/matth/Desktop/Colossus/Software/cora_robot/src/install/cora_msgs/include/cora_msgs/cora_msgs/msg/detail/targeted_pose_stamped__builder.hpp
[5.278s] -- Installing: /home/matth/Desktop/Colossus/Software/cora_robot/src/install/cora_msgs/include/cora_msgs/cora_msgs/msg/detail/targeted_pose_stamped__struct.hpp
[5.278s] -- Installing: /home/matth/Desktop/Colossus/Software/cora_robot/src/install/cora_msgs/include/cora_msgs/cora_msgs/msg/detail/targeted_pose_stamped__traits.hpp
[5.278s] -- Installing: /home/matth/Desktop/Colossus/Software/cora_robot/src/install/cora_msgs/include/cora_msgs/cora_msgs/msg/detail/targeted_pose_stamped__type_support.hpp
[5.278s] -- Installing: /home/matth/Desktop/Colossus/Software/cora_robot/src/install/cora_msgs/include/cora_msgs/cora_msgs/msg/targeted_pose_stamped.hpp
[5.278s] -- Up-to-date: /home/matth/Desktop/Colossus/Software/cora_robot/src/install/cora_msgs/include/cora_msgs/cora_msgs
[5.278s] -- Up-to-date: /home/matth/Desktop/Colossus/Software/cora_robot/src/install/cora_msgs/include/cora_msgs/cora_msgs/action
[5.278s] -- Up-to-date: /home/matth/Desktop/Colossus/Software/cora_robot/src/install/cora_msgs/include/cora_msgs/cora_msgs/action/detail
[5.279s] -- Installing: /home/matth/Desktop/Colossus/Software/cora_robot/src/install/cora_msgs/include/cora_msgs/cora_msgs/action/detail/pose_goal__rosidl_typesupport_fastrtps_cpp.hpp
[5.279s] -- Installing: /home/matth/Desktop/Colossus/Software/cora_robot/src/install/cora_msgs/include/cora_msgs/cora_msgs/action/detail/dds_fastrtps
[5.279s] -- Up-to-date: /home/matth/Desktop/Colossus/Software/cora_robot/src/install/cora_msgs/include/cora_msgs/cora_msgs/msg
[5.279s] -- Installing: /home/matth/Desktop/Colossus/Software/cora_robot/src/install/cora_msgs/include/cora_msgs/cora_msgs/msg/rosidl_typesupport_fastrtps_cpp__visibility_control.h
[5.279s] -- Up-to-date: /home/matth/Desktop/Colossus/Software/cora_robot/src/install/cora_msgs/include/cora_msgs/cora_msgs/msg/detail
[5.279s] -- Installing: /home/matth/Desktop/Colossus/Software/cora_robot/src/install/cora_msgs/include/cora_msgs/cora_msgs/msg/detail/dds_fastrtps
[5.279s] -- Installing: /home/matth/Desktop/Colossus/Software/cora_robot/src/install/cora_msgs/include/cora_msgs/cora_msgs/msg/detail/targeted_pose_stamped__rosidl_typesupport_fastrtps_cpp.hpp
[5.279s] -- Installing: /home/matth/Desktop/Colossus/Software/cora_robot/src/install/cora_msgs/lib/libcora_msgs__rosidl_typesupport_fastrtps_cpp.so
[5.279s] -- Set non-toolchain portion of runtime path of "/home/matth/Desktop/Colossus/Software/cora_robot/src/install/cora_msgs/lib/libcora_msgs__rosidl_typesupport_fastrtps_cpp.so" to ""
[5.279s] -- Up-to-date: /home/matth/Desktop/Colossus/Software/cora_robot/src/install/cora_msgs/include/cora_msgs/cora_msgs
[5.279s] -- Up-to-date: /home/matth/Desktop/Colossus/Software/cora_robot/src/install/cora_msgs/include/cora_msgs/cora_msgs/action
[5.279s] -- Up-to-date: /home/matth/Desktop/Colossus/Software/cora_robot/src/install/cora_msgs/include/cora_msgs/cora_msgs/action/detail
[5.279s] -- Up-to-date: /home/matth/Desktop/Colossus/Software/cora_robot/src/install/cora_msgs/include/cora_msgs/cora_msgs/action/detail/pose_goal__type_support.c
[5.279s] -- Installing: /home/matth/Desktop/Colossus/Software/cora_robot/src/install/cora_msgs/include/cora_msgs/cora_msgs/action/detail/pose_goal__rosidl_typesupport_introspection_c.h
[5.279s] -- Up-to-date: /home/matth/Desktop/Colossus/Software/cora_robot/src/install/cora_msgs/include/cora_msgs/cora_msgs/msg
[5.279s] -- Installing: /home/matth/Desktop/Colossus/Software/cora_robot/src/install/cora_msgs/include/cora_msgs/cora_msgs/msg/rosidl_typesupport_introspection_c__visibility_control.h
[5.280s] -- Up-to-date: /home/matth/Desktop/Colossus/Software/cora_robot/src/install/cora_msgs/include/cora_msgs/cora_msgs/msg/detail
[5.280s] -- Installing: /home/matth/Desktop/Colossus/Software/cora_robot/src/install/cora_msgs/include/cora_msgs/cora_msgs/msg/detail/targeted_pose_stamped__rosidl_typesupport_introspection_c.h
[5.280s] -- Up-to-date: /home/matth/Desktop/Colossus/Software/cora_robot/src/install/cora_msgs/include/cora_msgs/cora_msgs/msg/detail/targeted_pose_stamped__type_support.c
[5.280s] -- Installing: /home/matth/Desktop/Colossus/Software/cora_robot/src/install/cora_msgs/lib/libcora_msgs__rosidl_typesupport_introspection_c.so
[5.280s] -- Set non-toolchain portion of runtime path of "/home/matth/Desktop/Colossus/Software/cora_robot/src/install/cora_msgs/lib/libcora_msgs__rosidl_typesupport_introspection_c.so" to ""
[5.280s] -- Installing: /home/matth/Desktop/Colossus/Software/cora_robot/src/install/cora_msgs/lib/libcora_msgs__rosidl_typesupport_c.so
[5.280s] -- Set non-toolchain portion of runtime path of "/home/matth/Desktop/Colossus/Software/cora_robot/src/install/cora_msgs/lib/libcora_msgs__rosidl_typesupport_c.so" to ""
[5.280s] -- Up-to-date: /home/matth/Desktop/Colossus/Software/cora_robot/src/install/cora_msgs/include/cora_msgs/cora_msgs
[5.280s] -- Up-to-date: /home/matth/Desktop/Colossus/Software/cora_robot/src/install/cora_msgs/include/cora_msgs/cora_msgs/action
[5.280s] -- Up-to-date: /home/matth/Desktop/Colossus/Software/cora_robot/src/install/cora_msgs/include/cora_msgs/cora_msgs/action/detail
[5.280s] -- Installing: /home/matth/Desktop/Colossus/Software/cora_robot/src/install/cora_msgs/include/cora_msgs/cora_msgs/action/detail/pose_goal__rosidl_typesupport_introspection_cpp.hpp
[5.280s] -- Installing: /home/matth/Desktop/Colossus/Software/cora_robot/src/install/cora_msgs/include/cora_msgs/cora_msgs/action/detail/pose_goal__type_support.cpp
[5.280s] -- Up-to-date: /home/matth/Desktop/Colossus/Software/cora_robot/src/install/cora_msgs/include/cora_msgs/cora_msgs/msg
[5.280s] -- Up-to-date: /home/matth/Desktop/Colossus/Software/cora_robot/src/install/cora_msgs/include/cora_msgs/cora_msgs/msg/detail
[5.280s] -- Installing: /home/matth/Desktop/Colossus/Software/cora_robot/src/install/cora_msgs/include/cora_msgs/cora_msgs/msg/detail/targeted_pose_stamped__type_support.cpp
[5.281s] -- Installing: /home/matth/Desktop/Colossus/Software/cora_robot/src/install/cora_msgs/include/cora_msgs/cora_msgs/msg/detail/targeted_pose_stamped__rosidl_typesupport_introspection_cpp.hpp
[5.281s] -- Installing: /home/matth/Desktop/Colossus/Software/cora_robot/src/install/cora_msgs/lib/libcora_msgs__rosidl_typesupport_introspection_cpp.so
[5.281s] -- Set non-toolchain portion of runtime path of "/home/matth/Desktop/Colossus/Software/cora_robot/src/install/cora_msgs/lib/libcora_msgs__rosidl_typesupport_introspection_cpp.so" to ""
[5.281s] -- Installing: /home/matth/Desktop/Colossus/Software/cora_robot/src/install/cora_msgs/lib/libcora_msgs__rosidl_typesupport_cpp.so
[5.281s] -- Set non-toolchain portion of runtime path of "/home/matth/Desktop/Colossus/Software/cora_robot/src/install/cora_msgs/lib/libcora_msgs__rosidl_typesupport_cpp.so" to ""
[5.281s] -- Installing: /home/matth/Desktop/Colossus/Software/cora_robot/src/install/cora_msgs/share/cora_msgs/environment/pythonpath.sh
[5.281s] -- Installing: /home/matth/Desktop/Colossus/Software/cora_robot/src/install/cora_msgs/share/cora_msgs/environment/pythonpath.dsv
[5.281s] -- Installing: /home/matth/Desktop/Colossus/Software/cora_robot/src/install/cora_msgs/lib/python3.12/site-packages/cora_msgs-0.0.0-py3.12.egg-info
[5.282s] -- Installing: /home/matth/Desktop/Colossus/Software/cora_robot/src/install/cora_msgs/lib/python3.12/site-packages/cora_msgs-0.0.0-py3.12.egg-info/SOURCES.txt
[5.282s] -- Installing: /home/matth/Desktop/Colossus/Software/cora_robot/src/install/cora_msgs/lib/python3.12/site-packages/cora_msgs-0.0.0-py3.12.egg-info/PKG-INFO
[5.282s] -- Installing: /home/matth/Desktop/Colossus/Software/cora_robot/src/install/cora_msgs/lib/python3.12/site-packages/cora_msgs-0.0.0-py3.12.egg-info/dependency_links.txt
[5.282s] -- Installing: /home/matth/Desktop/Colossus/Software/cora_robot/src/install/cora_msgs/lib/python3.12/site-packages/cora_msgs-0.0.0-py3.12.egg-info/top_level.txt
[5.282s] -- Installing: /home/matth/Desktop/Colossus/Software/cora_robot/src/install/cora_msgs/lib/python3.12/site-packages/cora_msgs
[5.282s] -- Installing: /home/matth/Desktop/Colossus/Software/cora_robot/src/install/cora_msgs/lib/python3.12/site-packages/cora_msgs/action
[5.282s] -- Installing: /home/matth/Desktop/Colossus/Software/cora_robot/src/install/cora_msgs/lib/python3.12/site-packages/cora_msgs/action/_pose_goal_s.c
[5.282s] -- Installing: /home/matth/Desktop/Colossus/Software/cora_robot/src/install/cora_msgs/lib/python3.12/site-packages/cora_msgs/action/_pose_goal.py
[5.282s] -- Installing: /home/matth/Desktop/Colossus/Software/cora_robot/src/install/cora_msgs/lib/python3.12/site-packages/cora_msgs/action/__init__.py
[5.282s] -- Installing: /home/matth/Desktop/Colossus/Software/cora_robot/src/install/cora_msgs/lib/python3.12/site-packages/cora_msgs/_cora_msgs_s.ep.rosidl_typesupport_c.c
[5.282s] -- Installing: /home/matth/Desktop/Colossus/Software/cora_robot/src/install/cora_msgs/lib/python3.12/site-packages/cora_msgs/msg
[5.282s] -- Installing: /home/matth/Desktop/Colossus/Software/cora_robot/src/install/cora_msgs/lib/python3.12/site-packages/cora_msgs/msg/_targeted_pose_stamped.py
[5.282s] -- Installing: /home/matth/Desktop/Colossus/Software/cora_robot/src/install/cora_msgs/lib/python3.12/site-packages/cora_msgs/msg/_targeted_pose_stamped_s.c
[5.283s] -- Installing: /home/matth/Desktop/Colossus/Software/cora_robot/src/install/cora_msgs/lib/python3.12/site-packages/cora_msgs/msg/__init__.py
[5.283s] -- Installing: /home/matth/Desktop/Colossus/Software/cora_robot/src/install/cora_msgs/lib/python3.12/site-packages/cora_msgs/_cora_msgs_s.ep.rosidl_typesupport_introspection_c.c
[5.283s] -- Installing: /home/matth/Desktop/Colossus/Software/cora_robot/src/install/cora_msgs/lib/python3.12/site-packages/cora_msgs/cora_msgs_s__rosidl_typesupport_introspection_c.so
[5.283s] -- Installing: /home/matth/Desktop/Colossus/Software/cora_robot/src/install/cora_msgs/lib/python3.12/site-packages/cora_msgs/cora_msgs_s__rosidl_typesupport_c.so
[5.283s] -- Installing: /home/matth/Desktop/Colossus/Software/cora_robot/src/install/cora_msgs/lib/python3.12/site-packages/cora_msgs/cora_msgs_s__rosidl_typesupport_fastrtps_c.so
[5.283s] -- Installing: /home/matth/Desktop/Colossus/Software/cora_robot/src/install/cora_msgs/lib/python3.12/site-packages/cora_msgs/_cora_msgs_s.ep.rosidl_typesupport_fastrtps_c.c
[5.283s] -- Installing: /home/matth/Desktop/Colossus/Software/cora_robot/src/install/cora_msgs/lib/python3.12/site-packages/cora_msgs/__init__.py
[5.311s] Listing '/home/matth/Desktop/Colossus/Software/cora_robot/src/install/cora_msgs/lib/python3.12/site-packages/cora_msgs'...
[5.311s] Compiling '/home/matth/Desktop/Colossus/Software/cora_robot/src/install/cora_msgs/lib/python3.12/site-packages/cora_msgs/__init__.py'...
[5.311s] Listing '/home/matth/Desktop/Colossus/Software/cora_robot/src/install/cora_msgs/lib/python3.12/site-packages/cora_msgs/action'...
[5.312s] Compiling '/home/matth/Desktop/Colossus/Software/cora_robot/src/install/cora_msgs/lib/python3.12/site-packages/cora_msgs/action/__init__.py'...
[5.312s] Compiling '/home/matth/Desktop/Colossus/Software/cora_robot/src/install/cora_msgs/lib/python3.12/site-packages/cora_msgs/action/_pose_goal.py'...
[5.312s] Listing '/home/matth/Desktop/Colossus/Software/cora_robot/src/install/cora_msgs/lib/python3.12/site-packages/cora_msgs/msg'...
[5.312s] Compiling '/home/matth/Desktop/Colossus/Software/cora_robot/src/install/cora_msgs/lib/python3.12/site-packages/cora_msgs/msg/__init__.py'...
[5.312s] Compiling '/home/matth/Desktop/Colossus/Software/cora_robot/src/install/cora_msgs/lib/python3.12/site-packages/cora_msgs/msg/_targeted_pose_stamped.py'...
[5.315s] -- Installing: /home/matth/Desktop/Colossus/Software/cora_robot/src/install/cora_msgs/lib/python3.12/site-packages/cora_msgs/cora_msgs_s__rosidl_typesupport_fastrtps_c.so
[5.315s] -- Set non-toolchain portion of runtime path of "/home/matth/Desktop/Colossus/Software/cora_robot/src/install/cora_msgs/lib/python3.12/site-packages/cora_msgs/cora_msgs_s__rosidl_typesupport_fastrtps_c.so" to ""
[5.315s] -- Installing: /home/matth/Desktop/Colossus/Software/cora_robot/src/install/cora_msgs/lib/python3.12/site-packages/cora_msgs/cora_msgs_s__rosidl_typesupport_introspection_c.so
[5.315s] -- Set non-toolchain portion of runtime path of "/home/matth/Desktop/Colossus/Software/cora_robot/src/install/cora_msgs/lib/python3.12/site-packages/cora_msgs/cora_msgs_s__rosidl_typesupport_introspection_c.so" to ""
[5.316s] -- Installing: /home/matth/Desktop/Colossus/Software/cora_robot/src/install/cora_msgs/lib/python3.12/site-packages/cora_msgs/cora_msgs_s__rosidl_typesupport_c.so
[5.316s] -- Set non-toolchain portion of runtime path of "/home/matth/Desktop/Colossus/Software/cora_robot/src/install/cora_msgs/lib/python3.12/site-packages/cora_msgs/cora_msgs_s__rosidl_typesupport_c.so" to ""
[5.316s] -- Installing: /home/matth/Desktop/Colossus/Software/cora_robot/src/install/cora_msgs/lib/libcora_msgs__rosidl_generator_py.so
[5.316s] -- Set non-toolchain portion of runtime path of "/home/matth/Desktop/Colossus/Software/cora_robot/src/install/cora_msgs/lib/libcora_msgs__rosidl_generator_py.so" to ""
[5.316s] -- Installing: /home/matth/Desktop/Colossus/Software/cora_robot/src/install/cora_msgs/share/cora_msgs/action/PoseGoal.idl
[5.316s] -- Installing: /home/matth/Desktop/Colossus/Software/cora_robot/src/install/cora_msgs/share/cora_msgs/msg/TargetedPoseStamped.idl
[5.316s] -- Installing: /home/matth/Desktop/Colossus/Software/cora_robot/src/install/cora_msgs/share/cora_msgs/action/PoseGoal.action
[5.316s] -- Installing: /home/matth/Desktop/Colossus/Software/cora_robot/src/install/cora_msgs/share/cora_msgs/msg/TargetedPoseStamped.msg
[5.317s] -- Installing: /home/matth/Desktop/Colossus/Software/cora_robot/src/install/cora_msgs/share/ament_index/resource_index/package_run_dependencies/cora_msgs
[5.317s] -- Installing: /home/matth/Desktop/Colossus/Software/cora_robot/src/install/cora_msgs/share/ament_index/resource_index/parent_prefix_path/cora_msgs
[5.317s] -- Installing: /home/matth/Desktop/Colossus/Software/cora_robot/src/install/cora_msgs/share/cora_msgs/environment/ament_prefix_path.sh
[5.317s] -- Installing: /home/matth/Desktop/Colossus/Software/cora_robot/src/install/cora_msgs/share/cora_msgs/environment/ament_prefix_path.dsv
[5.317s] -- Installing: /home/matth/Desktop/Colossus/Software/cora_robot/src/install/cora_msgs/share/cora_msgs/environment/path.sh
[5.317s] -- Installing: /home/matth/Desktop/Colossus/Software/cora_robot/src/install/cora_msgs/share/cora_msgs/environment/path.dsv
[5.317s] -- Installing: /home/matth/Desktop/Colossus/Software/cora_robot/src/install/cora_msgs/share/cora_msgs/local_setup.bash
[5.317s] -- Installing: /home/matth/Desktop/Colossus/Software/cora_robot/src/install/cora_msgs/share/cora_msgs/local_setup.sh
[5.317s] -- Installing: /home/matth/Desktop/Colossus/Software/cora_robot/src/install/cora_msgs/share/cora_msgs/local_setup.zsh
[5.317s] -- Installing: /home/matth/Desktop/Colossus/Software/cora_robot/src/install/cora_msgs/share/cora_msgs/local_setup.dsv
[5.317s] -- Installing: /home/matth/Desktop/Colossus/Software/cora_robot/src/install/cora_msgs/share/cora_msgs/package.dsv
[5.317s] -- Installing: /home/matth/Desktop/Colossus/Software/cora_robot/src/install/cora_msgs/share/ament_index/resource_index/packages/cora_msgs
[5.318s] -- Installing: /home/matth/Desktop/Colossus/Software/cora_robot/src/install/cora_msgs/share/cora_msgs/cmake/export_cora_msgs__rosidl_generator_cExport.cmake
[5.318s] -- Installing: /home/matth/Desktop/Colossus/Software/cora_robot/src/install/cora_msgs/share/cora_msgs/cmake/export_cora_msgs__rosidl_generator_cExport-noconfig.cmake
[5.318s] -- Installing: /home/matth/Desktop/Colossus/Software/cora_robot/src/install/cora_msgs/share/cora_msgs/cmake/export_cora_msgs__rosidl_typesupport_fastrtps_cExport.cmake
[5.318s] -- Installing: /home/matth/Desktop/Colossus/Software/cora_robot/src/install/cora_msgs/share/cora_msgs/cmake/export_cora_msgs__rosidl_typesupport_fastrtps_cExport-noconfig.cmake
[5.318s] -- Installing: /home/matth/Desktop/Colossus/Software/cora_robot/src/install/cora_msgs/share/cora_msgs/cmake/export_cora_msgs__rosidl_generator_cppExport.cmake
[5.318s] -- Installing: /home/matth/Desktop/Colossus/Software/cora_robot/src/install/cora_msgs/share/cora_msgs/cmake/export_cora_msgs__rosidl_typesupport_fastrtps_cppExport.cmake
[5.318s] -- Installing: /home/matth/Desktop/Colossus/Software/cora_robot/src/install/cora_msgs/share/cora_msgs/cmake/export_cora_msgs__rosidl_typesupport_fastrtps_cppExport-noconfig.cmake
[5.318s] -- Installing: /home/matth/Desktop/Colossus/Software/cora_robot/src/install/cora_msgs/share/cora_msgs/cmake/cora_msgs__rosidl_typesupport_introspection_cExport.cmake
[5.318s] -- Installing: /home/matth/Desktop/Colossus/Software/cora_robot/src/install/cora_msgs/share/cora_msgs/cmake/cora_msgs__rosidl_typesupport_introspection_cExport-noconfig.cmake
[5.318s] -- Installing: /home/matth/Desktop/Colossus/Software/cora_robot/src/install/cora_msgs/share/cora_msgs/cmake/cora_msgs__rosidl_typesupport_cExport.cmake
[5.319s] -- Installing: /home/matth/Desktop/Colossus/Software/cora_robot/src/install/cora_msgs/share/cora_msgs/cmake/cora_msgs__rosidl_typesupport_cExport-noconfig.cmake
[5.319s] -- Installing: /home/matth/Desktop/Colossus/Software/cora_robot/src/install/cora_msgs/share/cora_msgs/cmake/cora_msgs__rosidl_typesupport_introspection_cppExport.cmake
[5.319s] -- Installing: /home/matth/Desktop/Colossus/Software/cora_robot/src/install/cora_msgs/share/cora_msgs/cmake/cora_msgs__rosidl_typesupport_introspection_cppExport-noconfig.cmake
[5.319s] -- Installing: /home/matth/Desktop/Colossus/Software/cora_robot/src/install/cora_msgs/share/cora_msgs/cmake/cora_msgs__rosidl_typesupport_cppExport.cmake
[5.319s] -- Installing: /home/matth/Desktop/Colossus/Software/cora_robot/src/install/cora_msgs/share/cora_msgs/cmake/cora_msgs__rosidl_typesupport_cppExport-noconfig.cmake
[5.319s] -- Installing: /home/matth/Desktop/Colossus/Software/cora_robot/src/install/cora_msgs/share/cora_msgs/cmake/export_cora_msgs__rosidl_generator_pyExport.cmake
[5.319s] -- Installing: /home/matth/Desktop/Colossus/Software/cora_robot/src/install/cora_msgs/share/cora_msgs/cmake/export_cora_msgs__rosidl_generator_pyExport-noconfig.cmake
[5.319s] -- Installing: /home/matth/Desktop/Colossus/Software/cora_robot/src/install/cora_msgs/share/cora_msgs/cmake/rosidl_cmake-extras.cmake
[5.319s] -- Installing: /home/matth/Desktop/Colossus/Software/cora_robot/src/install/cora_msgs/share/cora_msgs/cmake/ament_cmake_export_dependencies-extras.cmake
[5.319s] -- Installing: /home/matth/Desktop/Colossus/Software/cora_robot/src/install/cora_msgs/share/cora_msgs/cmake/ament_cmake_export_include_directories-extras.cmake
[5.319s] -- Installing: /home/matth/Desktop/Colossus/Software/cora_robot/src/install/cora_msgs/share/cora_msgs/cmake/ament_cmake_export_libraries-extras.cmake
[5.320s] -- Installing: /home/matth/Desktop/Colossus/Software/cora_robot/src/install/cora_msgs/share/cora_msgs/cmake/ament_cmake_export_targets-extras.cmake
[5.320s] -- Installing: /home/matth/Desktop/Colossus/Software/cora_robot/src/install/cora_msgs/share/cora_msgs/cmake/rosidl_cmake_export_typesupport_targets-extras.cmake
[5.320s] -- Installing: /home/matth/Desktop/Colossus/Software/cora_robot/src/install/cora_msgs/share/cora_msgs/cmake/rosidl_cmake_export_typesupport_libraries-extras.cmake
[5.320s] -- Installing: /home/matth/Desktop/Colossus/Software/cora_robot/src/install/cora_msgs/share/cora_msgs/cmake/cora_msgsConfig.cmake
[5.320s] -- Installing: /home/matth/Desktop/Colossus/Software/cora_robot/src/install/cora_msgs/share/cora_msgs/cmake/cora_msgsConfig-version.cmake
[5.320s] -- Installing: /home/matth/Desktop/Colossus/Software/cora_robot/src/install/cora_msgs/share/cora_msgs/package.xml
[5.321s] Invoked command in '/home/matth/Desktop/Colossus/Software/cora_robot/src/build/cora_msgs' returned '0': CMAKE_PREFIX_PATH=${CMAKE_PREFIX_PATH}:/home/matth/Desktop/Colossus/Software/cora_robot/install/cora_vision:/home/matth/Desktop/Colossus/Software/cora_robot/install/cora_moveit:/home/matth/Desktop/Colossus/Software/cora_robot/install/cora_codi:/home/matth/Desktop/Colossus/Software/cora_robot/install/cora_bringup:/opt/ros/jazzy DEBUGINFOD_URLS=https://debuginfod.ubuntu.com /usr/bin/cmake --install /home/matth/Desktop/Colossus/Software/cora_robot/src/build/cora_msgs
