running egg_info
creating ../build/cora_vision/cora_vision.egg-info
writing ../build/cora_vision/cora_vision.egg-info/PKG-INFO
writing dependency_links to ../build/cora_vision/cora_vision.egg-info/dependency_links.txt
writing entry points to ../build/cora_vision/cora_vision.egg-info/entry_points.txt
writing requirements to ../build/cora_vision/cora_vision.egg-info/requires.txt
writing top-level names to ../build/cora_vision/cora_vision.egg-info/top_level.txt
writing manifest file '../build/cora_vision/cora_vision.egg-info/SOURCES.txt'
reading manifest file '../build/cora_vision/cora_vision.egg-info/SOURCES.txt'
writing manifest file '../build/cora_vision/cora_vision.egg-info/SOURCES.txt'
running build
running build_py
creating /home/matth/Desktop/Colossus/Software/cora_robot/src/build/cora_vision/build
creating /home/matth/Desktop/Colossus/Software/cora_robot/src/build/cora_vision/build/lib
creating /home/matth/Desktop/Colossus/Software/cora_robot/src/build/cora_vision/build/lib/cora_vision
copying cora_vision/aruco.py -> /home/matth/Desktop/Colossus/Software/cora_robot/src/build/cora_vision/build/lib/cora_vision
copying cora_vision/vision_node.py -> /home/matth/Desktop/Colossus/Software/cora_robot/src/build/cora_vision/build/lib/cora_vision
copying cora_vision/__init__.py -> /home/matth/Desktop/Colossus/Software/cora_robot/src/build/cora_vision/build/lib/cora_vision
running install
running install_lib
creating /home/matth/Desktop/Colossus/Software/cora_robot/src/install/cora_vision/lib/python3.12/site-packages/cora_vision
copying /home/matth/Desktop/Colossus/Software/cora_robot/src/build/cora_vision/build/lib/cora_vision/aruco.py -> /home/matth/Desktop/Colossus/Software/cora_robot/src/install/cora_vision/lib/python3.12/site-packages/cora_vision
copying /home/matth/Desktop/Colossus/Software/cora_robot/src/build/cora_vision/build/lib/cora_vision/vision_node.py -> /home/matth/Desktop/Colossus/Software/cora_robot/src/install/cora_vision/lib/python3.12/site-packages/cora_vision
copying /home/matth/Desktop/Colossus/Software/cora_robot/src/build/cora_vision/build/lib/cora_vision/__init__.py -> /home/matth/Desktop/Colossus/Software/cora_robot/src/install/cora_vision/lib/python3.12/site-packages/cora_vision
byte-compiling /home/matth/Desktop/Colossus/Software/cora_robot/src/install/cora_vision/lib/python3.12/site-packages/cora_vision/aruco.py to aruco.cpython-312.pyc
byte-compiling /home/matth/Desktop/Colossus/Software/cora_robot/src/install/cora_vision/lib/python3.12/site-packages/cora_vision/vision_node.py to vision_node.cpython-312.pyc
byte-compiling /home/matth/Desktop/Colossus/Software/cora_robot/src/install/cora_vision/lib/python3.12/site-packages/cora_vision/__init__.py to __init__.cpython-312.pyc
running install_data
creating /home/matth/Desktop/Colossus/Software/cora_robot/src/install/cora_vision/share/ament_index
creating /home/matth/Desktop/Colossus/Software/cora_robot/src/install/cora_vision/share/ament_index/resource_index
creating /home/matth/Desktop/Colossus/Software/cora_robot/src/install/cora_vision/share/ament_index/resource_index/packages
copying resource/cora_vision -> /home/matth/Desktop/Colossus/Software/cora_robot/src/install/cora_vision/share/ament_index/resource_index/packages
copying package.xml -> /home/matth/Desktop/Colossus/Software/cora_robot/src/install/cora_vision/share/cora_vision
running install_egg_info
Copying ../build/cora_vision/cora_vision.egg-info to /home/matth/Desktop/Colossus/Software/cora_robot/src/install/cora_vision/lib/python3.12/site-packages/cora_vision-0.0.0-py3.12.egg-info
running install_scripts
Installing vision_node script to /home/matth/Desktop/Colossus/Software/cora_robot/src/install/cora_vision/lib/cora_vision
writing list of installed files to '/home/matth/Desktop/Colossus/Software/cora_robot/src/build/cora_vision/install.log'
