[0.448s] Invoking command in '/home/matth/Desktop/Colossus/Software/cora_robot/src/build/odrive_ros2_control': CMAKE_PREFIX_PATH=${CMAKE_PREFIX_PATH}:/home/matth/Desktop/Colossus/Software/cora_robot/install/cora_vision:/home/matth/Desktop/Colossus/Software/cora_robot/install/cora_moveit:/home/matth/Desktop/Colossus/Software/cora_robot/install/cora_codi:/home/matth/Desktop/Colossus/Software/cora_robot/install/cora_bringup:/opt/ros/jazzy DEBUGINFOD_URLS=https://debuginfod.ubuntu.com /usr/bin/cmake --build /home/matth/Desktop/Colossus/Software/cora_robot/src/build/odrive_ros2_control -- -j12 -l12
[0.498s] [100%] Built target odrive_ros2_control_plugin
[0.507s] Invoked command in '/home/matth/Desktop/Colossus/Software/cora_robot/src/build/odrive_ros2_control' returned '0': CMAKE_PREFIX_PATH=${CMAKE_PREFIX_PATH}:/home/matth/Desktop/Colossus/Software/cora_robot/install/cora_vision:/home/matth/Desktop/Colossus/Software/cora_robot/install/cora_moveit:/home/matth/Desktop/Colossus/Software/cora_robot/install/cora_codi:/home/matth/Desktop/Colossus/Software/cora_robot/install/cora_bringup:/opt/ros/jazzy DEBUGINFOD_URLS=https://debuginfod.ubuntu.com /usr/bin/cmake --build /home/matth/Desktop/Colossus/Software/cora_robot/src/build/odrive_ros2_control -- -j12 -l12
[0.508s] Invoking command in '/home/matth/Desktop/Colossus/Software/cora_robot/src/build/odrive_ros2_control': CMAKE_PREFIX_PATH=${CMAKE_PREFIX_PATH}:/home/matth/Desktop/Colossus/Software/cora_robot/install/cora_vision:/home/matth/Desktop/Colossus/Software/cora_robot/install/cora_moveit:/home/matth/Desktop/Colossus/Software/cora_robot/install/cora_codi:/home/matth/Desktop/Colossus/Software/cora_robot/install/cora_bringup:/opt/ros/jazzy DEBUGINFOD_URLS=https://debuginfod.ubuntu.com /usr/bin/cmake --install /home/matth/Desktop/Colossus/Software/cora_robot/src/build/odrive_ros2_control
[0.516s] -- Install configuration: ""
[0.516s] -- Up-to-date: /home/matth/Desktop/Colossus/Software/cora_robot/src/install/odrive_ros2_control/share/odrive_ros2_control/odrive_hardware_interface.xml
[0.516s] -- Up-to-date: /home/matth/Desktop/Colossus/Software/cora_robot/src/install/odrive_ros2_control/lib/libodrive_ros2_control_plugin.so
[0.516s] -- Up-to-date: /home/matth/Desktop/Colossus/Software/cora_robot/src/install/odrive_ros2_control/share/ament_index/resource_index/package_run_dependencies/odrive_ros2_control
[0.517s] -- Up-to-date: /home/matth/Desktop/Colossus/Software/cora_robot/src/install/odrive_ros2_control/share/ament_index/resource_index/parent_prefix_path/odrive_ros2_control
[0.517s] -- Up-to-date: /home/matth/Desktop/Colossus/Software/cora_robot/src/install/odrive_ros2_control/share/odrive_ros2_control/environment/ament_prefix_path.sh
[0.517s] -- Up-to-date: /home/matth/Desktop/Colossus/Software/cora_robot/src/install/odrive_ros2_control/share/odrive_ros2_control/environment/ament_prefix_path.dsv
[0.517s] -- Up-to-date: /home/matth/Desktop/Colossus/Software/cora_robot/src/install/odrive_ros2_control/share/odrive_ros2_control/environment/path.sh
[0.517s] -- Up-to-date: /home/matth/Desktop/Colossus/Software/cora_robot/src/install/odrive_ros2_control/share/odrive_ros2_control/environment/path.dsv
[0.517s] -- Up-to-date: /home/matth/Desktop/Colossus/Software/cora_robot/src/install/odrive_ros2_control/share/odrive_ros2_control/local_setup.bash
[0.517s] -- Up-to-date: /home/matth/Desktop/Colossus/Software/cora_robot/src/install/odrive_ros2_control/share/odrive_ros2_control/local_setup.sh
[0.517s] -- Up-to-date: /home/matth/Desktop/Colossus/Software/cora_robot/src/install/odrive_ros2_control/share/odrive_ros2_control/local_setup.zsh
[0.517s] -- Up-to-date: /home/matth/Desktop/Colossus/Software/cora_robot/src/install/odrive_ros2_control/share/odrive_ros2_control/local_setup.dsv
[0.517s] -- Installing: /home/matth/Desktop/Colossus/Software/cora_robot/src/install/odrive_ros2_control/share/odrive_ros2_control/package.dsv
[0.517s] -- Up-to-date: /home/matth/Desktop/Colossus/Software/cora_robot/src/install/odrive_ros2_control/share/ament_index/resource_index/packages/odrive_ros2_control
[0.517s] -- Up-to-date: /home/matth/Desktop/Colossus/Software/cora_robot/src/install/odrive_ros2_control/share/ament_index/resource_index/hardware_interface__pluginlib__plugin/odrive_ros2_control
[0.517s] -- Up-to-date: /home/matth/Desktop/Colossus/Software/cora_robot/src/install/odrive_ros2_control/share/odrive_ros2_control/cmake/ament_cmake_export_dependencies-extras.cmake
[0.517s] -- Up-to-date: /home/matth/Desktop/Colossus/Software/cora_robot/src/install/odrive_ros2_control/share/odrive_ros2_control/cmake/odrive_ros2_controlConfig.cmake
[0.518s] -- Up-to-date: /home/matth/Desktop/Colossus/Software/cora_robot/src/install/odrive_ros2_control/share/odrive_ros2_control/cmake/odrive_ros2_controlConfig-version.cmake
[0.518s] -- Up-to-date: /home/matth/Desktop/Colossus/Software/cora_robot/src/install/odrive_ros2_control/share/odrive_ros2_control/package.xml
[0.519s] Invoked command in '/home/matth/Desktop/Colossus/Software/cora_robot/src/build/odrive_ros2_control' returned '0': CMAKE_PREFIX_PATH=${CMAKE_PREFIX_PATH}:/home/matth/Desktop/Colossus/Software/cora_robot/install/cora_vision:/home/matth/Desktop/Colossus/Software/cora_robot/install/cora_moveit:/home/matth/Desktop/Colossus/Software/cora_robot/install/cora_codi:/home/matth/Desktop/Colossus/Software/cora_robot/install/cora_bringup:/opt/ros/jazzy DEBUGINFOD_URLS=https://debuginfod.ubuntu.com /usr/bin/cmake --install /home/matth/Desktop/Colossus/Software/cora_robot/src/build/odrive_ros2_control
