-- Install configuration: ""
-- Up-to-date: /home/matth/Desktop/Colossus/Software/cora_robot/src/install/cora_description/share/cora_description/urdf
-- Up-to-date: /home/matth/Desktop/Colossus/Software/cora_robot/src/install/cora_description/share/cora_description/urdf/cora.urdf
-- Up-to-date: /home/matth/Desktop/Colossus/Software/cora_robot/src/install/cora_description/share/cora_description/meshes
-- Up-to-date: /home/matth/Desktop/Colossus/Software/cora_robot/src/install/cora_description/share/cora_description/meshes/cora
-- Up-to-date: /home/matth/Desktop/Colossus/Software/cora_robot/src/install/cora_description/share/cora_description/meshes/cora/back_shell__configuration_large.stl
-- Up-to-date: /home/matth/Desktop/Colossus/Software/cora_robot/src/install/cora_description/share/cora_description/meshes/cora/part_4.part
-- Up-to-date: /home/matth/Desktop/Colossus/Software/cora_robot/src/install/cora_description/share/cora_description/meshes/cora/mgn9_c__colossus__2.stl
-- Up-to-date: /home/matth/Desktop/Colossus/Software/cora_robot/src/install/cora_description/share/cora_description/meshes/cora/part_10.part
-- Up-to-date: /home/matth/Desktop/Colossus/Software/cora_robot/src/install/cora_description/share/cora_description/meshes/cora/part_1.stl
-- Up-to-date: /home/matth/Desktop/Colossus/Software/cora_robot/src/install/cora_description/share/cora_description/meshes/cora/connector_1__configuration_large.stl
-- Up-to-date: /home/matth/Desktop/Colossus/Software/cora_robot/src/install/cora_description/share/cora_description/meshes/cora/part_1__4.part
-- Up-to-date: /home/matth/Desktop/Colossus/Software/cora_robot/src/install/cora_description/share/cora_description/meshes/cora/connector_1__configuration_large.part
-- Up-to-date: /home/matth/Desktop/Colossus/Software/cora_robot/src/install/cora_description/share/cora_description/meshes/cora/part_10.stl
-- Up-to-date: /home/matth/Desktop/Colossus/Software/cora_robot/src/install/cora_description/share/cora_description/meshes/cora/part_2__2.part
-- Up-to-date: /home/matth/Desktop/Colossus/Software/cora_robot/src/install/cora_description/share/cora_description/meshes/cora/mgn9_c__colossus__9.part
-- Up-to-date: /home/matth/Desktop/Colossus/Software/cora_robot/src/install/cora_description/share/cora_description/meshes/cora/logitech_webcam_c270__colossus__3.stl
-- Up-to-date: /home/matth/Desktop/Colossus/Software/cora_robot/src/install/cora_description/share/cora_description/meshes/cora/connector_2__configuration_large.part
-- Up-to-date: /home/matth/Desktop/Colossus/Software/cora_robot/src/install/cora_description/share/cora_description/meshes/cora/part_9.part
-- Up-to-date: /home/matth/Desktop/Colossus/Software/cora_robot/src/install/cora_description/share/cora_description/meshes/cora/part11_camera_gripper__colossus__3.part
-- Up-to-date: /home/matth/Desktop/Colossus/Software/cora_robot/src/install/cora_description/share/cora_description/meshes/cora/part11_camera_gripper__colossus__4.stl
-- Up-to-date: /home/matth/Desktop/Colossus/Software/cora_robot/src/install/cora_description/share/cora_description/meshes/cora/part11_camera_gripper__colossus__2.part
-- Up-to-date: /home/matth/Desktop/Colossus/Software/cora_robot/src/install/cora_description/share/cora_description/meshes/cora/connector_3__configuration_small.stl
-- Up-to-date: /home/matth/Desktop/Colossus/Software/cora_robot/src/install/cora_description/share/cora_description/meshes/cora/part_8.stl
-- Up-to-date: /home/matth/Desktop/Colossus/Software/cora_robot/src/install/cora_description/share/cora_description/meshes/cora/part_1__configuration_small.part
-- Up-to-date: /home/matth/Desktop/Colossus/Software/cora_robot/src/install/cora_description/share/cora_description/meshes/cora/connector_2__configuration__120_to_100.part
-- Up-to-date: /home/matth/Desktop/Colossus/Software/cora_robot/src/install/cora_description/share/cora_description/meshes/cora/core__configuration_large.part
-- Up-to-date: /home/matth/Desktop/Colossus/Software/cora_robot/src/install/cora_description/share/cora_description/meshes/cora/logitech_webcam_c270__colossus.part
-- Up-to-date: /home/matth/Desktop/Colossus/Software/cora_robot/src/install/cora_description/share/cora_description/meshes/cora/back_shell__configuration_small.part
-- Up-to-date: /home/matth/Desktop/Colossus/Software/cora_robot/src/install/cora_description/share/cora_description/meshes/cora/part_9.stl
-- Up-to-date: /home/matth/Desktop/Colossus/Software/cora_robot/src/install/cora_description/share/cora_description/meshes/cora/connector_1.part
-- Up-to-date: /home/matth/Desktop/Colossus/Software/cora_robot/src/install/cora_description/share/cora_description/meshes/cora/mgn9_c__colossus__7.part
-- Up-to-date: /home/matth/Desktop/Colossus/Software/cora_robot/src/install/cora_description/share/cora_description/meshes/cora/part_6.stl
-- Up-to-date: /home/matth/Desktop/Colossus/Software/cora_robot/src/install/cora_description/share/cora_description/meshes/cora/logitech_webcam_c270__colossus__4.stl
-- Up-to-date: /home/matth/Desktop/Colossus/Software/cora_robot/src/install/cora_description/share/cora_description/meshes/cora/part_5.part
-- Up-to-date: /home/matth/Desktop/Colossus/Software/cora_robot/src/install/cora_description/share/cora_description/meshes/cora/part_4.stl
-- Up-to-date: /home/matth/Desktop/Colossus/Software/cora_robot/src/install/cora_description/share/cora_description/meshes/cora/part10_camera_gripper__colossus.part
-- Up-to-date: /home/matth/Desktop/Colossus/Software/cora_robot/src/install/cora_description/share/cora_description/meshes/cora/part11_camera_gripper__colossus.part
-- Up-to-date: /home/matth/Desktop/Colossus/Software/cora_robot/src/install/cora_description/share/cora_description/meshes/cora/connector_3__configuration_large.part
-- Up-to-date: /home/matth/Desktop/Colossus/Software/cora_robot/src/install/cora_description/share/cora_description/meshes/cora/part10_camera_gripper__colossus.stl
-- Up-to-date: /home/matth/Desktop/Colossus/Software/cora_robot/src/install/cora_description/share/cora_description/meshes/cora/mgn9_c__colossus.part
-- Up-to-date: /home/matth/Desktop/Colossus/Software/cora_robot/src/install/cora_description/share/cora_description/meshes/cora/part_1__3.part
-- Up-to-date: /home/matth/Desktop/Colossus/Software/cora_robot/src/install/cora_description/share/cora_description/meshes/cora/back_shell__configuration_small.stl
-- Up-to-date: /home/matth/Desktop/Colossus/Software/cora_robot/src/install/cora_description/share/cora_description/meshes/cora/logitech_webcam_c270__colossus__4.part
-- Up-to-date: /home/matth/Desktop/Colossus/Software/cora_robot/src/install/cora_description/share/cora_description/meshes/cora/core__configuration_large.stl
-- Up-to-date: /home/matth/Desktop/Colossus/Software/cora_robot/src/install/cora_description/share/cora_description/meshes/cora/part_6.part
-- Up-to-date: /home/matth/Desktop/Colossus/Software/cora_robot/src/install/cora_description/share/cora_description/meshes/cora/part_3__configuration__120_to_100.stl
-- Up-to-date: /home/matth/Desktop/Colossus/Software/cora_robot/src/install/cora_description/share/cora_description/meshes/cora/mgn9_c__colossus__8.part
-- Up-to-date: /home/matth/Desktop/Colossus/Software/cora_robot/src/install/cora_description/share/cora_description/meshes/cora/mgn9_c__colossus__5.stl
-- Up-to-date: /home/matth/Desktop/Colossus/Software/cora_robot/src/install/cora_description/share/cora_description/meshes/cora/part_7.stl
-- Up-to-date: /home/matth/Desktop/Colossus/Software/cora_robot/src/install/cora_description/share/cora_description/meshes/cora/mgn9_c__colossus__3.stl
-- Up-to-date: /home/matth/Desktop/Colossus/Software/cora_robot/src/install/cora_description/share/cora_description/meshes/cora/part11_camera_gripper__colossus__2.stl
-- Up-to-date: /home/matth/Desktop/Colossus/Software/cora_robot/src/install/cora_description/share/cora_description/meshes/cora/hex_nut_grade_a___b_m5x0_8__3336bc7e1c160bcfef19c0ceac4e2d46.part
-- Up-to-date: /home/matth/Desktop/Colossus/Software/cora_robot/src/install/cora_description/share/cora_description/meshes/cora/part_1__configuration_small.stl
-- Up-to-date: /home/matth/Desktop/Colossus/Software/cora_robot/src/install/cora_description/share/cora_description/meshes/cora/hex_nut_grade_a___b_m5x0_8__3336bc7e1c160bcfef19c0ceac4e2d46.stl
-- Up-to-date: /home/matth/Desktop/Colossus/Software/cora_robot/src/install/cora_description/share/cora_description/meshes/cora/hex_socket_head_cap_screw_m5x0_80_x_40__470575574904615e18598206ae3385ac.stl
-- Up-to-date: /home/matth/Desktop/Colossus/Software/cora_robot/src/install/cora_description/share/cora_description/meshes/cora/part11_camera_gripper__colossus.stl
-- Up-to-date: /home/matth/Desktop/Colossus/Software/cora_robot/src/install/cora_description/share/cora_description/meshes/cora/logitech_webcam_c270__colossus.stl
-- Up-to-date: /home/matth/Desktop/Colossus/Software/cora_robot/src/install/cora_description/share/cora_description/meshes/cora/connector_1__configuration__120_to_100.stl
-- Up-to-date: /home/matth/Desktop/Colossus/Software/cora_robot/src/install/cora_description/share/cora_description/meshes/cora/base.part
-- Up-to-date: /home/matth/Desktop/Colossus/Software/cora_robot/src/install/cora_description/share/cora_description/meshes/cora/logitech_webcam_c270__colossus__3.part
-- Up-to-date: /home/matth/Desktop/Colossus/Software/cora_robot/src/install/cora_description/share/cora_description/meshes/cora/part_3__configuration__120_to_100.part
-- Up-to-date: /home/matth/Desktop/Colossus/Software/cora_robot/src/install/cora_description/share/cora_description/meshes/cora/mgn9_rail__colossus.part
-- Up-to-date: /home/matth/Desktop/Colossus/Software/cora_robot/src/install/cora_description/share/cora_description/meshes/cora/part_2.part
-- Up-to-date: /home/matth/Desktop/Colossus/Software/cora_robot/src/install/cora_description/share/cora_description/meshes/cora/logitech_webcam_c270__colossus__2.part
-- Up-to-date: /home/matth/Desktop/Colossus/Software/cora_robot/src/install/cora_description/share/cora_description/meshes/cora/merged
-- Up-to-date: /home/matth/Desktop/Colossus/Software/cora_robot/src/install/cora_description/share/cora_description/meshes/cora/merged/endeffector_visual.stl
-- Up-to-date: /home/matth/Desktop/Colossus/Software/cora_robot/src/install/cora_description/share/cora_description/meshes/cora/merged/l3_visual.stl
-- Up-to-date: /home/matth/Desktop/Colossus/Software/cora_robot/src/install/cora_description/share/cora_description/meshes/cora/merged/endeffector_collision.stl
-- Up-to-date: /home/matth/Desktop/Colossus/Software/cora_robot/src/install/cora_description/share/cora_description/meshes/cora/merged/baselink_visual.stl
-- Up-to-date: /home/matth/Desktop/Colossus/Software/cora_robot/src/install/cora_description/share/cora_description/meshes/cora/merged/l5_collision.stl
-- Up-to-date: /home/matth/Desktop/Colossus/Software/cora_robot/src/install/cora_description/share/cora_description/meshes/cora/merged/l4_visual.stl
-- Up-to-date: /home/matth/Desktop/Colossus/Software/cora_robot/src/install/cora_description/share/cora_description/meshes/cora/merged/l3_collision.stl
-- Up-to-date: /home/matth/Desktop/Colossus/Software/cora_robot/src/install/cora_description/share/cora_description/meshes/cora/merged/l2_visual.stl
-- Up-to-date: /home/matth/Desktop/Colossus/Software/cora_robot/src/install/cora_description/share/cora_description/meshes/cora/merged/l1_collision.stl
-- Up-to-date: /home/matth/Desktop/Colossus/Software/cora_robot/src/install/cora_description/share/cora_description/meshes/cora/merged/l4_collision.stl
-- Up-to-date: /home/matth/Desktop/Colossus/Software/cora_robot/src/install/cora_description/share/cora_description/meshes/cora/merged/l2_collision.stl
-- Up-to-date: /home/matth/Desktop/Colossus/Software/cora_robot/src/install/cora_description/share/cora_description/meshes/cora/merged/l5_visual.stl
-- Up-to-date: /home/matth/Desktop/Colossus/Software/cora_robot/src/install/cora_description/share/cora_description/meshes/cora/merged/l1_visual.stl
-- Up-to-date: /home/matth/Desktop/Colossus/Software/cora_robot/src/install/cora_description/share/cora_description/meshes/cora/merged/baselink_collision.stl
-- Up-to-date: /home/matth/Desktop/Colossus/Software/cora_robot/src/install/cora_description/share/cora_description/meshes/cora/connector_1.stl
-- Up-to-date: /home/matth/Desktop/Colossus/Software/cora_robot/src/install/cora_description/share/cora_description/meshes/cora/part_1__4.stl
-- Up-to-date: /home/matth/Desktop/Colossus/Software/cora_robot/src/install/cora_description/share/cora_description/meshes/cora/mgn9_c__colossus__6.part
-- Up-to-date: /home/matth/Desktop/Colossus/Software/cora_robot/src/install/cora_description/share/cora_description/meshes/cora/logitech_webcam_c270__colossus__5.stl
-- Up-to-date: /home/matth/Desktop/Colossus/Software/cora_robot/src/install/cora_description/share/cora_description/meshes/cora/mgn9_c__colossus__3.part
-- Up-to-date: /home/matth/Desktop/Colossus/Software/cora_robot/src/install/cora_description/share/cora_description/meshes/cora/connector_1__configuration__120_to_100.part
-- Up-to-date: /home/matth/Desktop/Colossus/Software/cora_robot/src/install/cora_description/share/cora_description/meshes/cora/mgn9_c__colossus__8.stl
-- Up-to-date: /home/matth/Desktop/Colossus/Software/cora_robot/src/install/cora_description/share/cora_description/meshes/cora/part_20.part
-- Up-to-date: /home/matth/Desktop/Colossus/Software/cora_robot/src/install/cora_description/share/cora_description/meshes/cora/connector_2__configuration__120_to_100.stl
-- Up-to-date: /home/matth/Desktop/Colossus/Software/cora_robot/src/install/cora_description/share/cora_description/meshes/cora/finger_topology_study5_smoothed_mesh_body__colossus.stl
-- Up-to-date: /home/matth/Desktop/Colossus/Software/cora_robot/src/install/cora_description/share/cora_description/meshes/cora/mgn9_rail__colossus.stl
-- Up-to-date: /home/matth/Desktop/Colossus/Software/cora_robot/src/install/cora_description/share/cora_description/meshes/cora/back_shell__configuration_large.part
-- Up-to-date: /home/matth/Desktop/Colossus/Software/cora_robot/src/install/cora_description/share/cora_description/meshes/cora/mgn9_c__colossus.stl
-- Up-to-date: /home/matth/Desktop/Colossus/Software/cora_robot/src/install/cora_description/share/cora_description/meshes/cora/base.stl
-- Up-to-date: /home/matth/Desktop/Colossus/Software/cora_robot/src/install/cora_description/share/cora_description/meshes/cora/connector_2.part
-- Up-to-date: /home/matth/Desktop/Colossus/Software/cora_robot/src/install/cora_description/share/cora_description/meshes/cora/finger_topology_study5_smoothed_mesh_body__colossus.part
-- Up-to-date: /home/matth/Desktop/Colossus/Software/cora_robot/src/install/cora_description/share/cora_description/meshes/cora/part_20.stl
-- Up-to-date: /home/matth/Desktop/Colossus/Software/cora_robot/src/install/cora_description/share/cora_description/meshes/cora/part_7__configuration_small.part
-- Up-to-date: /home/matth/Desktop/Colossus/Software/cora_robot/src/install/cora_description/share/cora_description/meshes/cora/joint_sheet__configuration_large.stl
-- Up-to-date: /home/matth/Desktop/Colossus/Software/cora_robot/src/install/cora_description/share/cora_description/meshes/cora/part_2.stl
-- Up-to-date: /home/matth/Desktop/Colossus/Software/cora_robot/src/install/cora_description/share/cora_description/meshes/cora/part_7__configuration_small.stl
-- Up-to-date: /home/matth/Desktop/Colossus/Software/cora_robot/src/install/cora_description/share/cora_description/meshes/cora/part_3.part
-- Up-to-date: /home/matth/Desktop/Colossus/Software/cora_robot/src/install/cora_description/share/cora_description/meshes/cora/mgn9_c__colossus__9.stl
-- Up-to-date: /home/matth/Desktop/Colossus/Software/cora_robot/src/install/cora_description/share/cora_description/meshes/cora/part11_camera_gripper__colossus__4.part
-- Up-to-date: /home/matth/Desktop/Colossus/Software/cora_robot/src/install/cora_description/share/cora_description/meshes/cora/mgn9_c__colossus__4.stl
-- Up-to-date: /home/matth/Desktop/Colossus/Software/cora_robot/src/install/cora_description/share/cora_description/meshes/cora/part_1__3.stl
-- Up-to-date: /home/matth/Desktop/Colossus/Software/cora_robot/src/install/cora_description/share/cora_description/meshes/cora/part_1.part
-- Up-to-date: /home/matth/Desktop/Colossus/Software/cora_robot/src/install/cora_description/share/cora_description/meshes/cora/mgn9_c__colossus__5.part
-- Up-to-date: /home/matth/Desktop/Colossus/Software/cora_robot/src/install/cora_description/share/cora_description/meshes/cora/part_1__configuration_default.stl
-- Up-to-date: /home/matth/Desktop/Colossus/Software/cora_robot/src/install/cora_description/share/cora_description/meshes/cora/part_5.stl
-- Up-to-date: /home/matth/Desktop/Colossus/Software/cora_robot/src/install/cora_description/share/cora_description/meshes/cora/part_1__2.stl
-- Up-to-date: /home/matth/Desktop/Colossus/Software/cora_robot/src/install/cora_description/share/cora_description/meshes/cora/part_7.part
-- Up-to-date: /home/matth/Desktop/Colossus/Software/cora_robot/src/install/cora_description/share/cora_description/meshes/cora/mgn9_c__colossus__2.part
-- Up-to-date: /home/matth/Desktop/Colossus/Software/cora_robot/src/install/cora_description/share/cora_description/meshes/cora/connector_2.stl
-- Up-to-date: /home/matth/Desktop/Colossus/Software/cora_robot/src/install/cora_description/share/cora_description/meshes/cora/part_2__2.stl
-- Up-to-date: /home/matth/Desktop/Colossus/Software/cora_robot/src/install/cora_description/share/cora_description/meshes/cora/part_1__configuration_default.part
-- Up-to-date: /home/matth/Desktop/Colossus/Software/cora_robot/src/install/cora_description/share/cora_description/meshes/cora/connector_3__configuration_large.stl
-- Up-to-date: /home/matth/Desktop/Colossus/Software/cora_robot/src/install/cora_description/share/cora_description/meshes/cora/mgn9_c__colossus__4.part
-- Up-to-date: /home/matth/Desktop/Colossus/Software/cora_robot/src/install/cora_description/share/cora_description/meshes/cora/logitech_webcam_c270__colossus__2.stl
-- Up-to-date: /home/matth/Desktop/Colossus/Software/cora_robot/src/install/cora_description/share/cora_description/meshes/cora/mgn9_c__colossus__6.stl
-- Up-to-date: /home/matth/Desktop/Colossus/Software/cora_robot/src/install/cora_description/share/cora_description/meshes/cora/connector_3__configuration_small.part
-- Up-to-date: /home/matth/Desktop/Colossus/Software/cora_robot/src/install/cora_description/share/cora_description/meshes/cora/logitech_webcam_c270__colossus__5.part
-- Up-to-date: /home/matth/Desktop/Colossus/Software/cora_robot/src/install/cora_description/share/cora_description/meshes/cora/connector_2__configuration_large.stl
-- Up-to-date: /home/matth/Desktop/Colossus/Software/cora_robot/src/install/cora_description/share/cora_description/meshes/cora/part_8.part
-- Up-to-date: /home/matth/Desktop/Colossus/Software/cora_robot/src/install/cora_description/share/cora_description/meshes/cora/part_3.stl
-- Up-to-date: /home/matth/Desktop/Colossus/Software/cora_robot/src/install/cora_description/share/cora_description/meshes/cora/joint_sheet__configuration_large.part
-- Up-to-date: /home/matth/Desktop/Colossus/Software/cora_robot/src/install/cora_description/share/cora_description/meshes/cora/part11_camera_gripper__colossus__3.stl
-- Up-to-date: /home/matth/Desktop/Colossus/Software/cora_robot/src/install/cora_description/share/cora_description/meshes/cora/hex_socket_head_cap_screw_m5x0_80_x_40__470575574904615e18598206ae3385ac.part
-- Up-to-date: /home/matth/Desktop/Colossus/Software/cora_robot/src/install/cora_description/share/cora_description/meshes/cora/mgn9_c__colossus__7.stl
-- Up-to-date: /home/matth/Desktop/Colossus/Software/cora_robot/src/install/cora_description/share/cora_description/meshes/cora/part_1__2.part
-- Up-to-date: /home/matth/Desktop/Colossus/Software/cora_robot/src/install/cora_description/share/ament_index/resource_index/package_run_dependencies/cora_description
-- Up-to-date: /home/matth/Desktop/Colossus/Software/cora_robot/src/install/cora_description/share/ament_index/resource_index/parent_prefix_path/cora_description
-- Up-to-date: /home/matth/Desktop/Colossus/Software/cora_robot/src/install/cora_description/share/cora_description/environment/ament_prefix_path.sh
-- Up-to-date: /home/matth/Desktop/Colossus/Software/cora_robot/src/install/cora_description/share/cora_description/environment/ament_prefix_path.dsv
-- Up-to-date: /home/matth/Desktop/Colossus/Software/cora_robot/src/install/cora_description/share/cora_description/environment/path.sh
-- Up-to-date: /home/matth/Desktop/Colossus/Software/cora_robot/src/install/cora_description/share/cora_description/environment/path.dsv
-- Up-to-date: /home/matth/Desktop/Colossus/Software/cora_robot/src/install/cora_description/share/cora_description/local_setup.bash
-- Up-to-date: /home/matth/Desktop/Colossus/Software/cora_robot/src/install/cora_description/share/cora_description/local_setup.sh
-- Up-to-date: /home/matth/Desktop/Colossus/Software/cora_robot/src/install/cora_description/share/cora_description/local_setup.zsh
-- Up-to-date: /home/matth/Desktop/Colossus/Software/cora_robot/src/install/cora_description/share/cora_description/local_setup.dsv
-- Installing: /home/matth/Desktop/Colossus/Software/cora_robot/src/install/cora_description/share/cora_description/package.dsv
-- Up-to-date: /home/matth/Desktop/Colossus/Software/cora_robot/src/install/cora_description/share/ament_index/resource_index/packages/cora_description
-- Up-to-date: /home/matth/Desktop/Colossus/Software/cora_robot/src/install/cora_description/share/cora_description/cmake/cora_descriptionConfig.cmake
-- Up-to-date: /home/matth/Desktop/Colossus/Software/cora_robot/src/install/cora_description/share/cora_description/cmake/cora_descriptionConfig-version.cmake
-- Up-to-date: /home/matth/Desktop/Colossus/Software/cora_robot/src/install/cora_description/share/cora_description/package.xml
