[0.241s] Invoking command in '/home/matth/Desktop/Colossus/Software/cora_robot/src/build/cora_gripper_1_description': CMAKE_PREFIX_PATH=${CMAKE_PREFIX_PATH}:/home/matth/Desktop/Colossus/Software/cora_robot/install/cora_vision:/home/matth/Desktop/Colossus/Software/cora_robot/install/cora_moveit:/home/matth/Desktop/Colossus/Software/cora_robot/install/cora_codi:/home/matth/Desktop/Colossus/Software/cora_robot/install/cora_bringup:/opt/ros/jazzy DEBUGINFOD_URLS=https://debuginfod.ubuntu.com /usr/bin/cmake --build /home/matth/Desktop/Colossus/Software/cora_robot/src/build/cora_gripper_1_description -- -j12 -l12
[0.462s] -- Found ament_cmake: 2.5.4 (/opt/ros/jazzy/share/ament_cmake/cmake)
[0.462s] -- Found xacro: 2.1.1 (/opt/ros/jazzy/share/xacro/cmake)
[0.462s] -- Found ament_lint_auto: 0.17.3 (/opt/ros/jazzy/share/ament_lint_auto/cmake)
[0.462s] -- Added test 'lint_cmake' to check CMake code style
[0.462s] -- Added test 'xmllint' to check XML markup files
[0.462s] -- Configuring done (0.2s)
[0.462s] -- Generating done (0.0s)
[0.462s] -- Build files have been written to: /home/matth/Desktop/Colossus/Software/cora_robot/src/build/cora_gripper_1_description
[0.470s] Invoked command in '/home/matth/Desktop/Colossus/Software/cora_robot/src/build/cora_gripper_1_description' returned '0': CMAKE_PREFIX_PATH=${CMAKE_PREFIX_PATH}:/home/matth/Desktop/Colossus/Software/cora_robot/install/cora_vision:/home/matth/Desktop/Colossus/Software/cora_robot/install/cora_moveit:/home/matth/Desktop/Colossus/Software/cora_robot/install/cora_codi:/home/matth/Desktop/Colossus/Software/cora_robot/install/cora_bringup:/opt/ros/jazzy DEBUGINFOD_URLS=https://debuginfod.ubuntu.com /usr/bin/cmake --build /home/matth/Desktop/Colossus/Software/cora_robot/src/build/cora_gripper_1_description -- -j12 -l12
[0.471s] Invoking command in '/home/matth/Desktop/Colossus/Software/cora_robot/src/build/cora_gripper_1_description': CMAKE_PREFIX_PATH=${CMAKE_PREFIX_PATH}:/home/matth/Desktop/Colossus/Software/cora_robot/install/cora_vision:/home/matth/Desktop/Colossus/Software/cora_robot/install/cora_moveit:/home/matth/Desktop/Colossus/Software/cora_robot/install/cora_codi:/home/matth/Desktop/Colossus/Software/cora_robot/install/cora_bringup:/opt/ros/jazzy DEBUGINFOD_URLS=https://debuginfod.ubuntu.com /usr/bin/cmake --install /home/matth/Desktop/Colossus/Software/cora_robot/src/build/cora_gripper_1_description
[0.483s] -- Install configuration: ""
[0.483s] -- Up-to-date: /home/matth/Desktop/Colossus/Software/cora_robot/src/install/cora_gripper_1_description/share/cora_gripper_1_description/urdf
[0.483s] -- Up-to-date: /home/matth/Desktop/Colossus/Software/cora_robot/src/install/cora_gripper_1_description/share/cora_gripper_1_description/urdf/cora_gripper.urdf.xacro
[0.483s] -- Up-to-date: /home/matth/Desktop/Colossus/Software/cora_robot/src/install/cora_gripper_1_description/share/cora_gripper_1_description/urdf/cora_gripper.ros2_control.xacro
[0.483s] -- Up-to-date: /home/matth/Desktop/Colossus/Software/cora_robot/src/install/cora_gripper_1_description/share/cora_gripper_1_description/urdf/cora_gripper.urdf
[0.483s] -- Up-to-date: /home/matth/Desktop/Colossus/Software/cora_robot/src/install/cora_gripper_1_description/share/cora_gripper_1_description/meshes
[0.483s] -- Up-to-date: /home/matth/Desktop/Colossus/Software/cora_robot/src/install/cora_gripper_1_description/share/cora_gripper_1_description/meshes/merged
[0.483s] -- Up-to-date: /home/matth/Desktop/Colossus/Software/cora_robot/src/install/cora_gripper_1_description/share/cora_gripper_1_description/meshes/merged/gripper_fingers_collision.stl
[0.485s] -- Up-to-date: /home/matth/Desktop/Colossus/Software/cora_robot/src/install/cora_gripper_1_description/share/cora_gripper_1_description/meshes/merged/gripper_body_visual.stl
[0.485s] -- Up-to-date: /home/matth/Desktop/Colossus/Software/cora_robot/src/install/cora_gripper_1_description/share/cora_gripper_1_description/meshes/merged/gripper_fingers_visual.stl
[0.485s] -- Up-to-date: /home/matth/Desktop/Colossus/Software/cora_robot/src/install/cora_gripper_1_description/share/cora_gripper_1_description/meshes/merged/gripper_fingers_2_collision.stl
[0.485s] -- Up-to-date: /home/matth/Desktop/Colossus/Software/cora_robot/src/install/cora_gripper_1_description/share/cora_gripper_1_description/meshes/merged/gripper_body_collision.stl
[0.485s] -- Up-to-date: /home/matth/Desktop/Colossus/Software/cora_robot/src/install/cora_gripper_1_description/share/cora_gripper_1_description/meshes/merged/gripper_fingers_2_visual.stl
[0.485s] -- Up-to-date: /home/matth/Desktop/Colossus/Software/cora_robot/src/install/cora_gripper_1_description/share/ament_index/resource_index/package_run_dependencies/cora_gripper_1_description
[0.485s] -- Up-to-date: /home/matth/Desktop/Colossus/Software/cora_robot/src/install/cora_gripper_1_description/share/ament_index/resource_index/parent_prefix_path/cora_gripper_1_description
[0.485s] -- Up-to-date: /home/matth/Desktop/Colossus/Software/cora_robot/src/install/cora_gripper_1_description/share/cora_gripper_1_description/environment/ament_prefix_path.sh
[0.485s] -- Up-to-date: /home/matth/Desktop/Colossus/Software/cora_robot/src/install/cora_gripper_1_description/share/cora_gripper_1_description/environment/ament_prefix_path.dsv
[0.485s] -- Up-to-date: /home/matth/Desktop/Colossus/Software/cora_robot/src/install/cora_gripper_1_description/share/cora_gripper_1_description/environment/path.sh
[0.485s] -- Up-to-date: /home/matth/Desktop/Colossus/Software/cora_robot/src/install/cora_gripper_1_description/share/cora_gripper_1_description/environment/path.dsv
[0.486s] -- Up-to-date: /home/matth/Desktop/Colossus/Software/cora_robot/src/install/cora_gripper_1_description/share/cora_gripper_1_description/local_setup.bash
[0.486s] -- Up-to-date: /home/matth/Desktop/Colossus/Software/cora_robot/src/install/cora_gripper_1_description/share/cora_gripper_1_description/local_setup.sh
[0.486s] -- Up-to-date: /home/matth/Desktop/Colossus/Software/cora_robot/src/install/cora_gripper_1_description/share/cora_gripper_1_description/local_setup.zsh
[0.486s] -- Up-to-date: /home/matth/Desktop/Colossus/Software/cora_robot/src/install/cora_gripper_1_description/share/cora_gripper_1_description/local_setup.dsv
[0.486s] -- Up-to-date: /home/matth/Desktop/Colossus/Software/cora_robot/src/install/cora_gripper_1_description/share/cora_gripper_1_description/package.dsv
[0.486s] -- Up-to-date: /home/matth/Desktop/Colossus/Software/cora_robot/src/install/cora_gripper_1_description/share/ament_index/resource_index/packages/cora_gripper_1_description
[0.486s] -- Up-to-date: /home/matth/Desktop/Colossus/Software/cora_robot/src/install/cora_gripper_1_description/share/cora_gripper_1_description/cmake/cora_gripper_1_descriptionConfig.cmake
[0.486s] -- Up-to-date: /home/matth/Desktop/Colossus/Software/cora_robot/src/install/cora_gripper_1_description/share/cora_gripper_1_description/cmake/cora_gripper_1_descriptionConfig-version.cmake
[0.486s] -- Up-to-date: /home/matth/Desktop/Colossus/Software/cora_robot/src/install/cora_gripper_1_description/share/cora_gripper_1_description/package.xml
[0.495s] Invoked command in '/home/matth/Desktop/Colossus/Software/cora_robot/src/build/cora_gripper_1_description' returned '0': CMAKE_PREFIX_PATH=${CMAKE_PREFIX_PATH}:/home/matth/Desktop/Colossus/Software/cora_robot/install/cora_vision:/home/matth/Desktop/Colossus/Software/cora_robot/install/cora_moveit:/home/matth/Desktop/Colossus/Software/cora_robot/install/cora_codi:/home/matth/Desktop/Colossus/Software/cora_robot/install/cora_bringup:/opt/ros/jazzy DEBUGINFOD_URLS=https://debuginfod.ubuntu.com /usr/bin/cmake --install /home/matth/Desktop/Colossus/Software/cora_robot/src/build/cora_gripper_1_description
