[0.332s] Invoking command in '/home/matth/Desktop/Colossus/Software/cora_robot/src/build/cora_msgs': CMAKE_PREFIX_PATH=${CMAKE_PREFIX_PATH}:/home/matth/Desktop/Colossus/Software/cora_robot/install/cora_vision:/home/matth/Desktop/Colossus/Software/cora_robot/install/cora_moveit:/home/matth/Desktop/Colossus/Software/cora_robot/install/cora_codi:/home/matth/Desktop/Colossus/Software/cora_robot/install/cora_bringup:/opt/ros/jazzy DEBUGINFOD_URLS=https://debuginfod.ubuntu.com /usr/bin/cmake --build /home/matth/Desktop/Colossus/Software/cora_robot/src/build/cora_msgs -- -j12 -l12
[0.444s] [  2%] Built target cora_msgs__rosidl_generator_type_description
[0.445s] [  2%] Built target ament_cmake_python_copy_cora_msgs
[0.445s] [  4%] Built target cora_msgs__cpp
[0.445s] [ 22%] Built target cora_msgs__rosidl_generator_c
[0.445s] [ 31%] Built target cora_msgs__rosidl_typesupport_c
[0.445s] [ 45%] Built target cora_msgs__rosidl_typesupport_fastrtps_cpp
[0.445s] [ 52%] Built target cora_msgs__rosidl_typesupport_introspection_c
[0.445s] [ 59%] Built target cora_msgs__rosidl_typesupport_cpp
[0.445s] [ 77%] Built target cora_msgs__rosidl_typesupport_fastrtps_c
[0.445s] [ 77%] Built target cora_msgs__rosidl_typesupport_introspection_cpp
[0.445s] [ 77%] Built target cora_msgs
[0.445s] [ 79%] Built target cora_msgs__py
[0.447s] [ 86%] Built target cora_msgs__rosidl_generator_py
[0.464s] [ 90%] Built target cora_msgs_s__rosidl_typesupport_fastrtps_c
[0.468s] [ 95%] Built target cora_msgs_s__rosidl_typesupport_introspection_c
[0.474s] [100%] Built target cora_msgs_s__rosidl_typesupport_c
[0.491s] running egg_info
[0.509s] writing cora_msgs.egg-info/PKG-INFO
[0.509s] writing dependency_links to cora_msgs.egg-info/dependency_links.txt
[0.509s] writing top-level names to cora_msgs.egg-info/top_level.txt
[0.545s] reading manifest file 'cora_msgs.egg-info/SOURCES.txt'
[0.545s] writing manifest file 'cora_msgs.egg-info/SOURCES.txt'
[0.562s] [100%] Built target ament_cmake_python_build_cora_msgs_egg
[0.571s] Invoked command in '/home/matth/Desktop/Colossus/Software/cora_robot/src/build/cora_msgs' returned '0': CMAKE_PREFIX_PATH=${CMAKE_PREFIX_PATH}:/home/matth/Desktop/Colossus/Software/cora_robot/install/cora_vision:/home/matth/Desktop/Colossus/Software/cora_robot/install/cora_moveit:/home/matth/Desktop/Colossus/Software/cora_robot/install/cora_codi:/home/matth/Desktop/Colossus/Software/cora_robot/install/cora_bringup:/opt/ros/jazzy DEBUGINFOD_URLS=https://debuginfod.ubuntu.com /usr/bin/cmake --build /home/matth/Desktop/Colossus/Software/cora_robot/src/build/cora_msgs -- -j12 -l12
[0.572s] Invoking command in '/home/matth/Desktop/Colossus/Software/cora_robot/src/build/cora_msgs': CMAKE_PREFIX_PATH=${CMAKE_PREFIX_PATH}:/home/matth/Desktop/Colossus/Software/cora_robot/install/cora_vision:/home/matth/Desktop/Colossus/Software/cora_robot/install/cora_moveit:/home/matth/Desktop/Colossus/Software/cora_robot/install/cora_codi:/home/matth/Desktop/Colossus/Software/cora_robot/install/cora_bringup:/opt/ros/jazzy DEBUGINFOD_URLS=https://debuginfod.ubuntu.com /usr/bin/cmake --install /home/matth/Desktop/Colossus/Software/cora_robot/src/build/cora_msgs
[0.578s] -- Install configuration: ""
[0.578s] -- Up-to-date: /home/matth/Desktop/Colossus/Software/cora_robot/src/install/cora_msgs/share/ament_index/resource_index/rosidl_interfaces/cora_msgs
[0.578s] -- Up-to-date: /home/matth/Desktop/Colossus/Software/cora_robot/src/install/cora_msgs/share/cora_msgs/action/PoseGoal.json
[0.578s] -- Up-to-date: /home/matth/Desktop/Colossus/Software/cora_robot/src/install/cora_msgs/share/cora_msgs/msg/TargetedPoseStamped.json
[0.578s] -- Up-to-date: /home/matth/Desktop/Colossus/Software/cora_robot/src/install/cora_msgs/include/cora_msgs/cora_msgs
[0.578s] -- Up-to-date: /home/matth/Desktop/Colossus/Software/cora_robot/src/install/cora_msgs/include/cora_msgs/cora_msgs/action
[0.578s] -- Up-to-date: /home/matth/Desktop/Colossus/Software/cora_robot/src/install/cora_msgs/include/cora_msgs/cora_msgs/action/pose_goal.h
[0.579s] -- Up-to-date: /home/matth/Desktop/Colossus/Software/cora_robot/src/install/cora_msgs/include/cora_msgs/cora_msgs/action/detail
[0.579s] -- Up-to-date: /home/matth/Desktop/Colossus/Software/cora_robot/src/install/cora_msgs/include/cora_msgs/cora_msgs/action/detail/pose_goal__type_support.c
[0.579s] -- Up-to-date: /home/matth/Desktop/Colossus/Software/cora_robot/src/install/cora_msgs/include/cora_msgs/cora_msgs/action/detail/pose_goal__type_support.h
[0.579s] -- Up-to-date: /home/matth/Desktop/Colossus/Software/cora_robot/src/install/cora_msgs/include/cora_msgs/cora_msgs/action/detail/pose_goal__functions.h
[0.579s] -- Up-to-date: /home/matth/Desktop/Colossus/Software/cora_robot/src/install/cora_msgs/include/cora_msgs/cora_msgs/action/detail/pose_goal__functions.c
[0.579s] -- Up-to-date: /home/matth/Desktop/Colossus/Software/cora_robot/src/install/cora_msgs/include/cora_msgs/cora_msgs/action/detail/pose_goal__description.c
[0.579s] -- Up-to-date: /home/matth/Desktop/Colossus/Software/cora_robot/src/install/cora_msgs/include/cora_msgs/cora_msgs/action/detail/pose_goal__struct.h
[0.579s] -- Up-to-date: /home/matth/Desktop/Colossus/Software/cora_robot/src/install/cora_msgs/include/cora_msgs/cora_msgs/msg
[0.579s] -- Up-to-date: /home/matth/Desktop/Colossus/Software/cora_robot/src/install/cora_msgs/include/cora_msgs/cora_msgs/msg/detail
[0.579s] -- Up-to-date: /home/matth/Desktop/Colossus/Software/cora_robot/src/install/cora_msgs/include/cora_msgs/cora_msgs/msg/detail/targeted_pose_stamped__functions.c
[0.579s] -- Up-to-date: /home/matth/Desktop/Colossus/Software/cora_robot/src/install/cora_msgs/include/cora_msgs/cora_msgs/msg/detail/targeted_pose_stamped__struct.h
[0.579s] -- Up-to-date: /home/matth/Desktop/Colossus/Software/cora_robot/src/install/cora_msgs/include/cora_msgs/cora_msgs/msg/detail/targeted_pose_stamped__description.c
[0.579s] -- Up-to-date: /home/matth/Desktop/Colossus/Software/cora_robot/src/install/cora_msgs/include/cora_msgs/cora_msgs/msg/detail/targeted_pose_stamped__functions.h
[0.579s] -- Up-to-date: /home/matth/Desktop/Colossus/Software/cora_robot/src/install/cora_msgs/include/cora_msgs/cora_msgs/msg/detail/targeted_pose_stamped__type_support.h
[0.580s] -- Up-to-date: /home/matth/Desktop/Colossus/Software/cora_robot/src/install/cora_msgs/include/cora_msgs/cora_msgs/msg/detail/targeted_pose_stamped__type_support.c
[0.580s] -- Up-to-date: /home/matth/Desktop/Colossus/Software/cora_robot/src/install/cora_msgs/include/cora_msgs/cora_msgs/msg/rosidl_generator_c__visibility_control.h
[0.580s] -- Up-to-date: /home/matth/Desktop/Colossus/Software/cora_robot/src/install/cora_msgs/include/cora_msgs/cora_msgs/msg/targeted_pose_stamped.h
[0.580s] -- Up-to-date: /home/matth/Desktop/Colossus/Software/cora_robot/src/install/cora_msgs/share/cora_msgs/environment/library_path.sh
[0.580s] -- Up-to-date: /home/matth/Desktop/Colossus/Software/cora_robot/src/install/cora_msgs/share/cora_msgs/environment/library_path.dsv
[0.580s] -- Up-to-date: /home/matth/Desktop/Colossus/Software/cora_robot/src/install/cora_msgs/lib/libcora_msgs__rosidl_generator_c.so
[0.580s] -- Up-to-date: /home/matth/Desktop/Colossus/Software/cora_robot/src/install/cora_msgs/include/cora_msgs/cora_msgs
[0.580s] -- Up-to-date: /home/matth/Desktop/Colossus/Software/cora_robot/src/install/cora_msgs/include/cora_msgs/cora_msgs/action
[0.580s] -- Up-to-date: /home/matth/Desktop/Colossus/Software/cora_robot/src/install/cora_msgs/include/cora_msgs/cora_msgs/action/detail
[0.580s] -- Up-to-date: /home/matth/Desktop/Colossus/Software/cora_robot/src/install/cora_msgs/include/cora_msgs/cora_msgs/action/detail/pose_goal__rosidl_typesupport_fastrtps_c.h
[0.580s] -- Up-to-date: /home/matth/Desktop/Colossus/Software/cora_robot/src/install/cora_msgs/include/cora_msgs/cora_msgs/msg
[0.580s] -- Up-to-date: /home/matth/Desktop/Colossus/Software/cora_robot/src/install/cora_msgs/include/cora_msgs/cora_msgs/msg/rosidl_typesupport_fastrtps_c__visibility_control.h
[0.580s] -- Up-to-date: /home/matth/Desktop/Colossus/Software/cora_robot/src/install/cora_msgs/include/cora_msgs/cora_msgs/msg/detail
[0.580s] -- Up-to-date: /home/matth/Desktop/Colossus/Software/cora_robot/src/install/cora_msgs/include/cora_msgs/cora_msgs/msg/detail/targeted_pose_stamped__rosidl_typesupport_fastrtps_c.h
[0.580s] -- Up-to-date: /home/matth/Desktop/Colossus/Software/cora_robot/src/install/cora_msgs/lib/libcora_msgs__rosidl_typesupport_fastrtps_c.so
[0.580s] -- Up-to-date: /home/matth/Desktop/Colossus/Software/cora_robot/src/install/cora_msgs/include/cora_msgs/cora_msgs
[0.580s] -- Up-to-date: /home/matth/Desktop/Colossus/Software/cora_robot/src/install/cora_msgs/include/cora_msgs/cora_msgs/action
[0.580s] -- Up-to-date: /home/matth/Desktop/Colossus/Software/cora_robot/src/install/cora_msgs/include/cora_msgs/cora_msgs/action/pose_goal.hpp
[0.580s] -- Up-to-date: /home/matth/Desktop/Colossus/Software/cora_robot/src/install/cora_msgs/include/cora_msgs/cora_msgs/action/detail
[0.581s] -- Up-to-date: /home/matth/Desktop/Colossus/Software/cora_robot/src/install/cora_msgs/include/cora_msgs/cora_msgs/action/detail/pose_goal__struct.hpp
[0.581s] -- Up-to-date: /home/matth/Desktop/Colossus/Software/cora_robot/src/install/cora_msgs/include/cora_msgs/cora_msgs/action/detail/pose_goal__builder.hpp
[0.581s] -- Up-to-date: /home/matth/Desktop/Colossus/Software/cora_robot/src/install/cora_msgs/include/cora_msgs/cora_msgs/action/detail/pose_goal__type_support.hpp
[0.581s] -- Up-to-date: /home/matth/Desktop/Colossus/Software/cora_robot/src/install/cora_msgs/include/cora_msgs/cora_msgs/action/detail/pose_goal__traits.hpp
[0.581s] -- Up-to-date: /home/matth/Desktop/Colossus/Software/cora_robot/src/install/cora_msgs/include/cora_msgs/cora_msgs/msg
[0.581s] -- Up-to-date: /home/matth/Desktop/Colossus/Software/cora_robot/src/install/cora_msgs/include/cora_msgs/cora_msgs/msg/rosidl_generator_cpp__visibility_control.hpp
[0.581s] -- Up-to-date: /home/matth/Desktop/Colossus/Software/cora_robot/src/install/cora_msgs/include/cora_msgs/cora_msgs/msg/detail
[0.581s] -- Up-to-date: /home/matth/Desktop/Colossus/Software/cora_robot/src/install/cora_msgs/include/cora_msgs/cora_msgs/msg/detail/targeted_pose_stamped__builder.hpp
[0.581s] -- Up-to-date: /home/matth/Desktop/Colossus/Software/cora_robot/src/install/cora_msgs/include/cora_msgs/cora_msgs/msg/detail/targeted_pose_stamped__struct.hpp
[0.581s] -- Up-to-date: /home/matth/Desktop/Colossus/Software/cora_robot/src/install/cora_msgs/include/cora_msgs/cora_msgs/msg/detail/targeted_pose_stamped__traits.hpp
[0.581s] -- Up-to-date: /home/matth/Desktop/Colossus/Software/cora_robot/src/install/cora_msgs/include/cora_msgs/cora_msgs/msg/detail/targeted_pose_stamped__type_support.hpp
[0.581s] -- Up-to-date: /home/matth/Desktop/Colossus/Software/cora_robot/src/install/cora_msgs/include/cora_msgs/cora_msgs/msg/targeted_pose_stamped.hpp
[0.581s] -- Up-to-date: /home/matth/Desktop/Colossus/Software/cora_robot/src/install/cora_msgs/include/cora_msgs/cora_msgs
[0.581s] -- Up-to-date: /home/matth/Desktop/Colossus/Software/cora_robot/src/install/cora_msgs/include/cora_msgs/cora_msgs/action
[0.582s] -- Up-to-date: /home/matth/Desktop/Colossus/Software/cora_robot/src/install/cora_msgs/include/cora_msgs/cora_msgs/action/detail
[0.582s] -- Up-to-date: /home/matth/Desktop/Colossus/Software/cora_robot/src/install/cora_msgs/include/cora_msgs/cora_msgs/action/detail/pose_goal__rosidl_typesupport_fastrtps_cpp.hpp
[0.582s] -- Up-to-date: /home/matth/Desktop/Colossus/Software/cora_robot/src/install/cora_msgs/include/cora_msgs/cora_msgs/action/detail/dds_fastrtps
[0.582s] -- Up-to-date: /home/matth/Desktop/Colossus/Software/cora_robot/src/install/cora_msgs/include/cora_msgs/cora_msgs/msg
[0.582s] -- Up-to-date: /home/matth/Desktop/Colossus/Software/cora_robot/src/install/cora_msgs/include/cora_msgs/cora_msgs/msg/rosidl_typesupport_fastrtps_cpp__visibility_control.h
[0.582s] -- Up-to-date: /home/matth/Desktop/Colossus/Software/cora_robot/src/install/cora_msgs/include/cora_msgs/cora_msgs/msg/detail
[0.582s] -- Up-to-date: /home/matth/Desktop/Colossus/Software/cora_robot/src/install/cora_msgs/include/cora_msgs/cora_msgs/msg/detail/dds_fastrtps
[0.582s] -- Up-to-date: /home/matth/Desktop/Colossus/Software/cora_robot/src/install/cora_msgs/include/cora_msgs/cora_msgs/msg/detail/targeted_pose_stamped__rosidl_typesupport_fastrtps_cpp.hpp
[0.582s] -- Up-to-date: /home/matth/Desktop/Colossus/Software/cora_robot/src/install/cora_msgs/lib/libcora_msgs__rosidl_typesupport_fastrtps_cpp.so
[0.582s] -- Up-to-date: /home/matth/Desktop/Colossus/Software/cora_robot/src/install/cora_msgs/include/cora_msgs/cora_msgs
[0.582s] -- Up-to-date: /home/matth/Desktop/Colossus/Software/cora_robot/src/install/cora_msgs/include/cora_msgs/cora_msgs/action
[0.582s] -- Up-to-date: /home/matth/Desktop/Colossus/Software/cora_robot/src/install/cora_msgs/include/cora_msgs/cora_msgs/action/detail
[0.582s] -- Up-to-date: /home/matth/Desktop/Colossus/Software/cora_robot/src/install/cora_msgs/include/cora_msgs/cora_msgs/action/detail/pose_goal__type_support.c
[0.582s] -- Up-to-date: /home/matth/Desktop/Colossus/Software/cora_robot/src/install/cora_msgs/include/cora_msgs/cora_msgs/action/detail/pose_goal__rosidl_typesupport_introspection_c.h
[0.582s] -- Up-to-date: /home/matth/Desktop/Colossus/Software/cora_robot/src/install/cora_msgs/include/cora_msgs/cora_msgs/msg
[0.583s] -- Up-to-date: /home/matth/Desktop/Colossus/Software/cora_robot/src/install/cora_msgs/include/cora_msgs/cora_msgs/msg/rosidl_typesupport_introspection_c__visibility_control.h
[0.583s] -- Up-to-date: /home/matth/Desktop/Colossus/Software/cora_robot/src/install/cora_msgs/include/cora_msgs/cora_msgs/msg/detail
[0.583s] -- Up-to-date: /home/matth/Desktop/Colossus/Software/cora_robot/src/install/cora_msgs/include/cora_msgs/cora_msgs/msg/detail/targeted_pose_stamped__rosidl_typesupport_introspection_c.h
[0.583s] -- Up-to-date: /home/matth/Desktop/Colossus/Software/cora_robot/src/install/cora_msgs/include/cora_msgs/cora_msgs/msg/detail/targeted_pose_stamped__type_support.c
[0.583s] -- Up-to-date: /home/matth/Desktop/Colossus/Software/cora_robot/src/install/cora_msgs/lib/libcora_msgs__rosidl_typesupport_introspection_c.so
[0.583s] -- Up-to-date: /home/matth/Desktop/Colossus/Software/cora_robot/src/install/cora_msgs/lib/libcora_msgs__rosidl_typesupport_c.so
[0.583s] -- Up-to-date: /home/matth/Desktop/Colossus/Software/cora_robot/src/install/cora_msgs/include/cora_msgs/cora_msgs
[0.583s] -- Up-to-date: /home/matth/Desktop/Colossus/Software/cora_robot/src/install/cora_msgs/include/cora_msgs/cora_msgs/action
[0.583s] -- Up-to-date: /home/matth/Desktop/Colossus/Software/cora_robot/src/install/cora_msgs/include/cora_msgs/cora_msgs/action/detail
[0.583s] -- Up-to-date: /home/matth/Desktop/Colossus/Software/cora_robot/src/install/cora_msgs/include/cora_msgs/cora_msgs/action/detail/pose_goal__rosidl_typesupport_introspection_cpp.hpp
[0.583s] -- Up-to-date: /home/matth/Desktop/Colossus/Software/cora_robot/src/install/cora_msgs/include/cora_msgs/cora_msgs/action/detail/pose_goal__type_support.cpp
[0.583s] -- Up-to-date: /home/matth/Desktop/Colossus/Software/cora_robot/src/install/cora_msgs/include/cora_msgs/cora_msgs/msg
[0.583s] -- Up-to-date: /home/matth/Desktop/Colossus/Software/cora_robot/src/install/cora_msgs/include/cora_msgs/cora_msgs/msg/detail
[0.583s] -- Up-to-date: /home/matth/Desktop/Colossus/Software/cora_robot/src/install/cora_msgs/include/cora_msgs/cora_msgs/msg/detail/targeted_pose_stamped__type_support.cpp
[0.583s] -- Up-to-date: /home/matth/Desktop/Colossus/Software/cora_robot/src/install/cora_msgs/include/cora_msgs/cora_msgs/msg/detail/targeted_pose_stamped__rosidl_typesupport_introspection_cpp.hpp
[0.583s] -- Up-to-date: /home/matth/Desktop/Colossus/Software/cora_robot/src/install/cora_msgs/lib/libcora_msgs__rosidl_typesupport_introspection_cpp.so
[0.583s] -- Up-to-date: /home/matth/Desktop/Colossus/Software/cora_robot/src/install/cora_msgs/lib/libcora_msgs__rosidl_typesupport_cpp.so
[0.583s] -- Up-to-date: /home/matth/Desktop/Colossus/Software/cora_robot/src/install/cora_msgs/share/cora_msgs/environment/pythonpath.sh
[0.583s] -- Up-to-date: /home/matth/Desktop/Colossus/Software/cora_robot/src/install/cora_msgs/share/cora_msgs/environment/pythonpath.dsv
[0.583s] -- Up-to-date: /home/matth/Desktop/Colossus/Software/cora_robot/src/install/cora_msgs/lib/python3.12/site-packages/cora_msgs-0.0.0-py3.12.egg-info
[0.584s] -- Installing: /home/matth/Desktop/Colossus/Software/cora_robot/src/install/cora_msgs/lib/python3.12/site-packages/cora_msgs-0.0.0-py3.12.egg-info/SOURCES.txt
[0.584s] -- Installing: /home/matth/Desktop/Colossus/Software/cora_robot/src/install/cora_msgs/lib/python3.12/site-packages/cora_msgs-0.0.0-py3.12.egg-info/PKG-INFO
[0.584s] -- Installing: /home/matth/Desktop/Colossus/Software/cora_robot/src/install/cora_msgs/lib/python3.12/site-packages/cora_msgs-0.0.0-py3.12.egg-info/dependency_links.txt
[0.584s] -- Installing: /home/matth/Desktop/Colossus/Software/cora_robot/src/install/cora_msgs/lib/python3.12/site-packages/cora_msgs-0.0.0-py3.12.egg-info/top_level.txt
[0.584s] -- Up-to-date: /home/matth/Desktop/Colossus/Software/cora_robot/src/install/cora_msgs/lib/python3.12/site-packages/cora_msgs
[0.584s] -- Up-to-date: /home/matth/Desktop/Colossus/Software/cora_robot/src/install/cora_msgs/lib/python3.12/site-packages/cora_msgs/action
[0.584s] -- Up-to-date: /home/matth/Desktop/Colossus/Software/cora_robot/src/install/cora_msgs/lib/python3.12/site-packages/cora_msgs/action/_pose_goal_s.c
[0.584s] -- Up-to-date: /home/matth/Desktop/Colossus/Software/cora_robot/src/install/cora_msgs/lib/python3.12/site-packages/cora_msgs/action/_pose_goal.py
[0.584s] -- Up-to-date: /home/matth/Desktop/Colossus/Software/cora_robot/src/install/cora_msgs/lib/python3.12/site-packages/cora_msgs/action/__init__.py
[0.584s] -- Up-to-date: /home/matth/Desktop/Colossus/Software/cora_robot/src/install/cora_msgs/lib/python3.12/site-packages/cora_msgs/_cora_msgs_s.ep.rosidl_typesupport_c.c
[0.584s] -- Up-to-date: /home/matth/Desktop/Colossus/Software/cora_robot/src/install/cora_msgs/lib/python3.12/site-packages/cora_msgs/msg
[0.584s] -- Up-to-date: /home/matth/Desktop/Colossus/Software/cora_robot/src/install/cora_msgs/lib/python3.12/site-packages/cora_msgs/msg/_targeted_pose_stamped.py
[0.584s] -- Up-to-date: /home/matth/Desktop/Colossus/Software/cora_robot/src/install/cora_msgs/lib/python3.12/site-packages/cora_msgs/msg/_targeted_pose_stamped_s.c
[0.584s] -- Up-to-date: /home/matth/Desktop/Colossus/Software/cora_robot/src/install/cora_msgs/lib/python3.12/site-packages/cora_msgs/msg/__init__.py
[0.584s] -- Up-to-date: /home/matth/Desktop/Colossus/Software/cora_robot/src/install/cora_msgs/lib/python3.12/site-packages/cora_msgs/_cora_msgs_s.ep.rosidl_typesupport_introspection_c.c
[0.584s] -- Up-to-date: /home/matth/Desktop/Colossus/Software/cora_robot/src/install/cora_msgs/lib/python3.12/site-packages/cora_msgs/cora_msgs_s__rosidl_typesupport_introspection_c.so
[0.584s] -- Up-to-date: /home/matth/Desktop/Colossus/Software/cora_robot/src/install/cora_msgs/lib/python3.12/site-packages/cora_msgs/cora_msgs_s__rosidl_typesupport_c.so
[0.584s] -- Up-to-date: /home/matth/Desktop/Colossus/Software/cora_robot/src/install/cora_msgs/lib/python3.12/site-packages/cora_msgs/cora_msgs_s__rosidl_typesupport_fastrtps_c.so
[0.584s] -- Up-to-date: /home/matth/Desktop/Colossus/Software/cora_robot/src/install/cora_msgs/lib/python3.12/site-packages/cora_msgs/_cora_msgs_s.ep.rosidl_typesupport_fastrtps_c.c
[0.584s] -- Up-to-date: /home/matth/Desktop/Colossus/Software/cora_robot/src/install/cora_msgs/lib/python3.12/site-packages/cora_msgs/__init__.py
[0.603s] Listing '/home/matth/Desktop/Colossus/Software/cora_robot/src/install/cora_msgs/lib/python3.12/site-packages/cora_msgs'...
[0.603s] Listing '/home/matth/Desktop/Colossus/Software/cora_robot/src/install/cora_msgs/lib/python3.12/site-packages/cora_msgs/action'...
[0.603s] Listing '/home/matth/Desktop/Colossus/Software/cora_robot/src/install/cora_msgs/lib/python3.12/site-packages/cora_msgs/msg'...
[0.606s] -- Up-to-date: /home/matth/Desktop/Colossus/Software/cora_robot/src/install/cora_msgs/lib/python3.12/site-packages/cora_msgs/cora_msgs_s__rosidl_typesupport_fastrtps_c.so
[0.606s] -- Up-to-date: /home/matth/Desktop/Colossus/Software/cora_robot/src/install/cora_msgs/lib/python3.12/site-packages/cora_msgs/cora_msgs_s__rosidl_typesupport_introspection_c.so
[0.606s] -- Up-to-date: /home/matth/Desktop/Colossus/Software/cora_robot/src/install/cora_msgs/lib/python3.12/site-packages/cora_msgs/cora_msgs_s__rosidl_typesupport_c.so
[0.606s] -- Up-to-date: /home/matth/Desktop/Colossus/Software/cora_robot/src/install/cora_msgs/lib/libcora_msgs__rosidl_generator_py.so
[0.606s] -- Up-to-date: /home/matth/Desktop/Colossus/Software/cora_robot/src/install/cora_msgs/share/cora_msgs/action/PoseGoal.idl
[0.606s] -- Up-to-date: /home/matth/Desktop/Colossus/Software/cora_robot/src/install/cora_msgs/share/cora_msgs/msg/TargetedPoseStamped.idl
[0.606s] -- Up-to-date: /home/matth/Desktop/Colossus/Software/cora_robot/src/install/cora_msgs/share/cora_msgs/action/PoseGoal.action
[0.606s] -- Up-to-date: /home/matth/Desktop/Colossus/Software/cora_robot/src/install/cora_msgs/share/cora_msgs/msg/TargetedPoseStamped.msg
[0.606s] -- Up-to-date: /home/matth/Desktop/Colossus/Software/cora_robot/src/install/cora_msgs/share/ament_index/resource_index/package_run_dependencies/cora_msgs
[0.606s] -- Up-to-date: /home/matth/Desktop/Colossus/Software/cora_robot/src/install/cora_msgs/share/ament_index/resource_index/parent_prefix_path/cora_msgs
[0.606s] -- Up-to-date: /home/matth/Desktop/Colossus/Software/cora_robot/src/install/cora_msgs/share/cora_msgs/environment/ament_prefix_path.sh
[0.607s] -- Up-to-date: /home/matth/Desktop/Colossus/Software/cora_robot/src/install/cora_msgs/share/cora_msgs/environment/ament_prefix_path.dsv
[0.607s] -- Up-to-date: /home/matth/Desktop/Colossus/Software/cora_robot/src/install/cora_msgs/share/cora_msgs/environment/path.sh
[0.607s] -- Up-to-date: /home/matth/Desktop/Colossus/Software/cora_robot/src/install/cora_msgs/share/cora_msgs/environment/path.dsv
[0.607s] -- Up-to-date: /home/matth/Desktop/Colossus/Software/cora_robot/src/install/cora_msgs/share/cora_msgs/local_setup.bash
[0.607s] -- Up-to-date: /home/matth/Desktop/Colossus/Software/cora_robot/src/install/cora_msgs/share/cora_msgs/local_setup.sh
[0.607s] -- Up-to-date: /home/matth/Desktop/Colossus/Software/cora_robot/src/install/cora_msgs/share/cora_msgs/local_setup.zsh
[0.607s] -- Up-to-date: /home/matth/Desktop/Colossus/Software/cora_robot/src/install/cora_msgs/share/cora_msgs/local_setup.dsv
[0.607s] -- Installing: /home/matth/Desktop/Colossus/Software/cora_robot/src/install/cora_msgs/share/cora_msgs/package.dsv
[0.607s] -- Up-to-date: /home/matth/Desktop/Colossus/Software/cora_robot/src/install/cora_msgs/share/ament_index/resource_index/packages/cora_msgs
[0.607s] -- Up-to-date: /home/matth/Desktop/Colossus/Software/cora_robot/src/install/cora_msgs/share/cora_msgs/cmake/export_cora_msgs__rosidl_generator_cExport.cmake
[0.607s] -- Up-to-date: /home/matth/Desktop/Colossus/Software/cora_robot/src/install/cora_msgs/share/cora_msgs/cmake/export_cora_msgs__rosidl_generator_cExport-noconfig.cmake
[0.607s] -- Up-to-date: /home/matth/Desktop/Colossus/Software/cora_robot/src/install/cora_msgs/share/cora_msgs/cmake/export_cora_msgs__rosidl_typesupport_fastrtps_cExport.cmake
[0.607s] -- Up-to-date: /home/matth/Desktop/Colossus/Software/cora_robot/src/install/cora_msgs/share/cora_msgs/cmake/export_cora_msgs__rosidl_typesupport_fastrtps_cExport-noconfig.cmake
[0.607s] -- Up-to-date: /home/matth/Desktop/Colossus/Software/cora_robot/src/install/cora_msgs/share/cora_msgs/cmake/export_cora_msgs__rosidl_generator_cppExport.cmake
[0.607s] -- Up-to-date: /home/matth/Desktop/Colossus/Software/cora_robot/src/install/cora_msgs/share/cora_msgs/cmake/export_cora_msgs__rosidl_typesupport_fastrtps_cppExport.cmake
[0.607s] -- Up-to-date: /home/matth/Desktop/Colossus/Software/cora_robot/src/install/cora_msgs/share/cora_msgs/cmake/export_cora_msgs__rosidl_typesupport_fastrtps_cppExport-noconfig.cmake
[0.608s] -- Up-to-date: /home/matth/Desktop/Colossus/Software/cora_robot/src/install/cora_msgs/share/cora_msgs/cmake/cora_msgs__rosidl_typesupport_introspection_cExport.cmake
[0.608s] -- Up-to-date: /home/matth/Desktop/Colossus/Software/cora_robot/src/install/cora_msgs/share/cora_msgs/cmake/cora_msgs__rosidl_typesupport_introspection_cExport-noconfig.cmake
[0.608s] -- Up-to-date: /home/matth/Desktop/Colossus/Software/cora_robot/src/install/cora_msgs/share/cora_msgs/cmake/cora_msgs__rosidl_typesupport_cExport.cmake
[0.608s] -- Up-to-date: /home/matth/Desktop/Colossus/Software/cora_robot/src/install/cora_msgs/share/cora_msgs/cmake/cora_msgs__rosidl_typesupport_cExport-noconfig.cmake
[0.608s] -- Up-to-date: /home/matth/Desktop/Colossus/Software/cora_robot/src/install/cora_msgs/share/cora_msgs/cmake/cora_msgs__rosidl_typesupport_introspection_cppExport.cmake
[0.608s] -- Up-to-date: /home/matth/Desktop/Colossus/Software/cora_robot/src/install/cora_msgs/share/cora_msgs/cmake/cora_msgs__rosidl_typesupport_introspection_cppExport-noconfig.cmake
[0.608s] -- Up-to-date: /home/matth/Desktop/Colossus/Software/cora_robot/src/install/cora_msgs/share/cora_msgs/cmake/cora_msgs__rosidl_typesupport_cppExport.cmake
[0.608s] -- Up-to-date: /home/matth/Desktop/Colossus/Software/cora_robot/src/install/cora_msgs/share/cora_msgs/cmake/cora_msgs__rosidl_typesupport_cppExport-noconfig.cmake
[0.608s] -- Up-to-date: /home/matth/Desktop/Colossus/Software/cora_robot/src/install/cora_msgs/share/cora_msgs/cmake/export_cora_msgs__rosidl_generator_pyExport.cmake
[0.608s] -- Up-to-date: /home/matth/Desktop/Colossus/Software/cora_robot/src/install/cora_msgs/share/cora_msgs/cmake/export_cora_msgs__rosidl_generator_pyExport-noconfig.cmake
[0.608s] -- Up-to-date: /home/matth/Desktop/Colossus/Software/cora_robot/src/install/cora_msgs/share/cora_msgs/cmake/rosidl_cmake-extras.cmake
[0.608s] -- Up-to-date: /home/matth/Desktop/Colossus/Software/cora_robot/src/install/cora_msgs/share/cora_msgs/cmake/ament_cmake_export_dependencies-extras.cmake
[0.608s] -- Up-to-date: /home/matth/Desktop/Colossus/Software/cora_robot/src/install/cora_msgs/share/cora_msgs/cmake/ament_cmake_export_include_directories-extras.cmake
[0.608s] -- Up-to-date: /home/matth/Desktop/Colossus/Software/cora_robot/src/install/cora_msgs/share/cora_msgs/cmake/ament_cmake_export_libraries-extras.cmake
[0.608s] -- Up-to-date: /home/matth/Desktop/Colossus/Software/cora_robot/src/install/cora_msgs/share/cora_msgs/cmake/ament_cmake_export_targets-extras.cmake
[0.608s] -- Up-to-date: /home/matth/Desktop/Colossus/Software/cora_robot/src/install/cora_msgs/share/cora_msgs/cmake/rosidl_cmake_export_typesupport_targets-extras.cmake
[0.608s] -- Up-to-date: /home/matth/Desktop/Colossus/Software/cora_robot/src/install/cora_msgs/share/cora_msgs/cmake/rosidl_cmake_export_typesupport_libraries-extras.cmake
[0.608s] -- Up-to-date: /home/matth/Desktop/Colossus/Software/cora_robot/src/install/cora_msgs/share/cora_msgs/cmake/cora_msgsConfig.cmake
[0.608s] -- Up-to-date: /home/matth/Desktop/Colossus/Software/cora_robot/src/install/cora_msgs/share/cora_msgs/cmake/cora_msgsConfig-version.cmake
[0.608s] -- Up-to-date: /home/matth/Desktop/Colossus/Software/cora_robot/src/install/cora_msgs/share/cora_msgs/package.xml
[0.609s] Invoked command in '/home/matth/Desktop/Colossus/Software/cora_robot/src/build/cora_msgs' returned '0': CMAKE_PREFIX_PATH=${CMAKE_PREFIX_PATH}:/home/matth/Desktop/Colossus/Software/cora_robot/install/cora_vision:/home/matth/Desktop/Colossus/Software/cora_robot/install/cora_moveit:/home/matth/Desktop/Colossus/Software/cora_robot/install/cora_codi:/home/matth/Desktop/Colossus/Software/cora_robot/install/cora_bringup:/opt/ros/jazzy DEBUGINFOD_URLS=https://debuginfod.ubuntu.com /usr/bin/cmake --install /home/matth/Desktop/Colossus/Software/cora_robot/src/build/cora_msgs
