[0.027s] Invoking command in '/home/matth/Desktop/Colossus/Software/cora_robot/src/build/cora_description': CMAKE_PREFIX_PATH=${CMAKE_PREFIX_PATH}:/home/matth/Desktop/Colossus/Software/cora_robot/install/cora_vision:/home/matth/Desktop/Colossus/Software/cora_robot/install/cora_moveit:/home/matth/Desktop/Colossus/Software/cora_robot/install/cora_codi:/home/matth/Desktop/Colossus/Software/cora_robot/install/cora_bringup:/opt/ros/jazzy DEBUGINFOD_URLS=https://debuginfod.ubuntu.com /usr/bin/cmake --build /home/matth/Desktop/Colossus/Software/cora_robot/src/build/cora_description -- -j12 -l12
[0.473s] Invoked command in '/home/matth/Desktop/Colossus/Software/cora_robot/src/build/cora_description' returned '0': CMAKE_PREFIX_PATH=${CMAKE_PREFIX_PATH}:/home/matth/Desktop/Colossus/Software/cora_robot/install/cora_vision:/home/matth/Desktop/Colossus/Software/cora_robot/install/cora_moveit:/home/matth/Desktop/Colossus/Software/cora_robot/install/cora_codi:/home/matth/Desktop/Colossus/Software/cora_robot/install/cora_bringup:/opt/ros/jazzy DEBUGINFOD_URLS=https://debuginfod.ubuntu.com /usr/bin/cmake --build /home/matth/Desktop/Colossus/Software/cora_robot/src/build/cora_description -- -j12 -l12
[0.480s] Invoking command in '/home/matth/Desktop/Colossus/Software/cora_robot/src/build/cora_description': CMAKE_PREFIX_PATH=${CMAKE_PREFIX_PATH}:/home/matth/Desktop/Colossus/Software/cora_robot/install/cora_vision:/home/matth/Desktop/Colossus/Software/cora_robot/install/cora_moveit:/home/matth/Desktop/Colossus/Software/cora_robot/install/cora_codi:/home/matth/Desktop/Colossus/Software/cora_robot/install/cora_bringup:/opt/ros/jazzy DEBUGINFOD_URLS=https://debuginfod.ubuntu.com /usr/bin/cmake --install /home/matth/Desktop/Colossus/Software/cora_robot/src/build/cora_description
[0.493s] -- Install configuration: ""
[0.493s] -- Up-to-date: /home/matth/Desktop/Colossus/Software/cora_robot/src/install/cora_description/share/cora_description/urdf
[0.493s] -- Up-to-date: /home/matth/Desktop/Colossus/Software/cora_robot/src/install/cora_description/share/cora_description/urdf/cora.urdf
[0.493s] -- Up-to-date: /home/matth/Desktop/Colossus/Software/cora_robot/src/install/cora_description/share/cora_description/meshes
[0.494s] -- Up-to-date: /home/matth/Desktop/Colossus/Software/cora_robot/src/install/cora_description/share/cora_description/meshes/cora
[0.494s] -- Up-to-date: /home/matth/Desktop/Colossus/Software/cora_robot/src/install/cora_description/share/cora_description/meshes/cora/back_shell__configuration_large.stl
[0.494s] -- Up-to-date: /home/matth/Desktop/Colossus/Software/cora_robot/src/install/cora_description/share/cora_description/meshes/cora/part_4.part
[0.494s] -- Up-to-date: /home/matth/Desktop/Colossus/Software/cora_robot/src/install/cora_description/share/cora_description/meshes/cora/mgn9_c__colossus__2.stl
[0.494s] -- Up-to-date: /home/matth/Desktop/Colossus/Software/cora_robot/src/install/cora_description/share/cora_description/meshes/cora/part_10.part
[0.494s] -- Up-to-date: /home/matth/Desktop/Colossus/Software/cora_robot/src/install/cora_description/share/cora_description/meshes/cora/part_1.stl
[0.494s] -- Up-to-date: /home/matth/Desktop/Colossus/Software/cora_robot/src/install/cora_description/share/cora_description/meshes/cora/connector_1__configuration_large.stl
[0.494s] -- Up-to-date: /home/matth/Desktop/Colossus/Software/cora_robot/src/install/cora_description/share/cora_description/meshes/cora/part_1__4.part
[0.494s] -- Up-to-date: /home/matth/Desktop/Colossus/Software/cora_robot/src/install/cora_description/share/cora_description/meshes/cora/connector_1__configuration_large.part
[0.494s] -- Up-to-date: /home/matth/Desktop/Colossus/Software/cora_robot/src/install/cora_description/share/cora_description/meshes/cora/part_10.stl
[0.494s] -- Up-to-date: /home/matth/Desktop/Colossus/Software/cora_robot/src/install/cora_description/share/cora_description/meshes/cora/part_2__2.part
[0.494s] -- Up-to-date: /home/matth/Desktop/Colossus/Software/cora_robot/src/install/cora_description/share/cora_description/meshes/cora/mgn9_c__colossus__9.part
[0.494s] -- Up-to-date: /home/matth/Desktop/Colossus/Software/cora_robot/src/install/cora_description/share/cora_description/meshes/cora/logitech_webcam_c270__colossus__3.stl
[0.494s] -- Up-to-date: /home/matth/Desktop/Colossus/Software/cora_robot/src/install/cora_description/share/cora_description/meshes/cora/connector_2__configuration_large.part
[0.494s] -- Up-to-date: /home/matth/Desktop/Colossus/Software/cora_robot/src/install/cora_description/share/cora_description/meshes/cora/part_9.part
[0.494s] -- Up-to-date: /home/matth/Desktop/Colossus/Software/cora_robot/src/install/cora_description/share/cora_description/meshes/cora/part11_camera_gripper__colossus__3.part
[0.494s] -- Up-to-date: /home/matth/Desktop/Colossus/Software/cora_robot/src/install/cora_description/share/cora_description/meshes/cora/part11_camera_gripper__colossus__4.stl
[0.494s] -- Up-to-date: /home/matth/Desktop/Colossus/Software/cora_robot/src/install/cora_description/share/cora_description/meshes/cora/part11_camera_gripper__colossus__2.part
[0.494s] -- Up-to-date: /home/matth/Desktop/Colossus/Software/cora_robot/src/install/cora_description/share/cora_description/meshes/cora/connector_3__configuration_small.stl
[0.495s] -- Up-to-date: /home/matth/Desktop/Colossus/Software/cora_robot/src/install/cora_description/share/cora_description/meshes/cora/part_8.stl
[0.495s] -- Up-to-date: /home/matth/Desktop/Colossus/Software/cora_robot/src/install/cora_description/share/cora_description/meshes/cora/part_1__configuration_small.part
[0.495s] -- Up-to-date: /home/matth/Desktop/Colossus/Software/cora_robot/src/install/cora_description/share/cora_description/meshes/cora/connector_2__configuration__120_to_100.part
[0.495s] -- Up-to-date: /home/matth/Desktop/Colossus/Software/cora_robot/src/install/cora_description/share/cora_description/meshes/cora/core__configuration_large.part
[0.495s] -- Up-to-date: /home/matth/Desktop/Colossus/Software/cora_robot/src/install/cora_description/share/cora_description/meshes/cora/logitech_webcam_c270__colossus.part
[0.495s] -- Up-to-date: /home/matth/Desktop/Colossus/Software/cora_robot/src/install/cora_description/share/cora_description/meshes/cora/back_shell__configuration_small.part
[0.495s] -- Up-to-date: /home/matth/Desktop/Colossus/Software/cora_robot/src/install/cora_description/share/cora_description/meshes/cora/part_9.stl
[0.495s] -- Up-to-date: /home/matth/Desktop/Colossus/Software/cora_robot/src/install/cora_description/share/cora_description/meshes/cora/connector_1.part
[0.496s] -- Up-to-date: /home/matth/Desktop/Colossus/Software/cora_robot/src/install/cora_description/share/cora_description/meshes/cora/mgn9_c__colossus__7.part
[0.496s] -- Up-to-date: /home/matth/Desktop/Colossus/Software/cora_robot/src/install/cora_description/share/cora_description/meshes/cora/part_6.stl
[0.496s] -- Up-to-date: /home/matth/Desktop/Colossus/Software/cora_robot/src/install/cora_description/share/cora_description/meshes/cora/logitech_webcam_c270__colossus__4.stl
[0.497s] -- Up-to-date: /home/matth/Desktop/Colossus/Software/cora_robot/src/install/cora_description/share/cora_description/meshes/cora/part_5.part
[0.497s] -- Up-to-date: /home/matth/Desktop/Colossus/Software/cora_robot/src/install/cora_description/share/cora_description/meshes/cora/part_4.stl
[0.497s] -- Up-to-date: /home/matth/Desktop/Colossus/Software/cora_robot/src/install/cora_description/share/cora_description/meshes/cora/part10_camera_gripper__colossus.part
[0.497s] -- Up-to-date: /home/matth/Desktop/Colossus/Software/cora_robot/src/install/cora_description/share/cora_description/meshes/cora/part11_camera_gripper__colossus.part
[0.497s] -- Up-to-date: /home/matth/Desktop/Colossus/Software/cora_robot/src/install/cora_description/share/cora_description/meshes/cora/connector_3__configuration_large.part
[0.497s] -- Up-to-date: /home/matth/Desktop/Colossus/Software/cora_robot/src/install/cora_description/share/cora_description/meshes/cora/part10_camera_gripper__colossus.stl
[0.497s] -- Up-to-date: /home/matth/Desktop/Colossus/Software/cora_robot/src/install/cora_description/share/cora_description/meshes/cora/mgn9_c__colossus.part
[0.497s] -- Up-to-date: /home/matth/Desktop/Colossus/Software/cora_robot/src/install/cora_description/share/cora_description/meshes/cora/part_1__3.part
[0.497s] -- Up-to-date: /home/matth/Desktop/Colossus/Software/cora_robot/src/install/cora_description/share/cora_description/meshes/cora/back_shell__configuration_small.stl
[0.497s] -- Up-to-date: /home/matth/Desktop/Colossus/Software/cora_robot/src/install/cora_description/share/cora_description/meshes/cora/logitech_webcam_c270__colossus__4.part
[0.497s] -- Up-to-date: /home/matth/Desktop/Colossus/Software/cora_robot/src/install/cora_description/share/cora_description/meshes/cora/core__configuration_large.stl
[0.497s] -- Up-to-date: /home/matth/Desktop/Colossus/Software/cora_robot/src/install/cora_description/share/cora_description/meshes/cora/part_6.part
[0.497s] -- Up-to-date: /home/matth/Desktop/Colossus/Software/cora_robot/src/install/cora_description/share/cora_description/meshes/cora/part_3__configuration__120_to_100.stl
[0.497s] -- Up-to-date: /home/matth/Desktop/Colossus/Software/cora_robot/src/install/cora_description/share/cora_description/meshes/cora/mgn9_c__colossus__8.part
[0.497s] -- Up-to-date: /home/matth/Desktop/Colossus/Software/cora_robot/src/install/cora_description/share/cora_description/meshes/cora/mgn9_c__colossus__5.stl
[0.497s] -- Up-to-date: /home/matth/Desktop/Colossus/Software/cora_robot/src/install/cora_description/share/cora_description/meshes/cora/part_7.stl
[0.497s] -- Up-to-date: /home/matth/Desktop/Colossus/Software/cora_robot/src/install/cora_description/share/cora_description/meshes/cora/mgn9_c__colossus__3.stl
[0.497s] -- Up-to-date: /home/matth/Desktop/Colossus/Software/cora_robot/src/install/cora_description/share/cora_description/meshes/cora/part11_camera_gripper__colossus__2.stl
[0.497s] -- Up-to-date: /home/matth/Desktop/Colossus/Software/cora_robot/src/install/cora_description/share/cora_description/meshes/cora/hex_nut_grade_a___b_m5x0_8__3336bc7e1c160bcfef19c0ceac4e2d46.part
[0.498s] -- Up-to-date: /home/matth/Desktop/Colossus/Software/cora_robot/src/install/cora_description/share/cora_description/meshes/cora/part_1__configuration_small.stl
[0.498s] -- Up-to-date: /home/matth/Desktop/Colossus/Software/cora_robot/src/install/cora_description/share/cora_description/meshes/cora/hex_nut_grade_a___b_m5x0_8__3336bc7e1c160bcfef19c0ceac4e2d46.stl
[0.498s] -- Up-to-date: /home/matth/Desktop/Colossus/Software/cora_robot/src/install/cora_description/share/cora_description/meshes/cora/hex_socket_head_cap_screw_m5x0_80_x_40__470575574904615e18598206ae3385ac.stl
[0.498s] -- Up-to-date: /home/matth/Desktop/Colossus/Software/cora_robot/src/install/cora_description/share/cora_description/meshes/cora/part11_camera_gripper__colossus.stl
[0.498s] -- Up-to-date: /home/matth/Desktop/Colossus/Software/cora_robot/src/install/cora_description/share/cora_description/meshes/cora/logitech_webcam_c270__colossus.stl
[0.498s] -- Up-to-date: /home/matth/Desktop/Colossus/Software/cora_robot/src/install/cora_description/share/cora_description/meshes/cora/connector_1__configuration__120_to_100.stl
[0.498s] -- Up-to-date: /home/matth/Desktop/Colossus/Software/cora_robot/src/install/cora_description/share/cora_description/meshes/cora/base.part
[0.498s] -- Up-to-date: /home/matth/Desktop/Colossus/Software/cora_robot/src/install/cora_description/share/cora_description/meshes/cora/logitech_webcam_c270__colossus__3.part
[0.498s] -- Up-to-date: /home/matth/Desktop/Colossus/Software/cora_robot/src/install/cora_description/share/cora_description/meshes/cora/part_3__configuration__120_to_100.part
[0.498s] -- Up-to-date: /home/matth/Desktop/Colossus/Software/cora_robot/src/install/cora_description/share/cora_description/meshes/cora/mgn9_rail__colossus.part
[0.498s] -- Up-to-date: /home/matth/Desktop/Colossus/Software/cora_robot/src/install/cora_description/share/cora_description/meshes/cora/part_2.part
[0.498s] -- Up-to-date: /home/matth/Desktop/Colossus/Software/cora_robot/src/install/cora_description/share/cora_description/meshes/cora/logitech_webcam_c270__colossus__2.part
[0.498s] -- Up-to-date: /home/matth/Desktop/Colossus/Software/cora_robot/src/install/cora_description/share/cora_description/meshes/cora/merged
[0.498s] -- Up-to-date: /home/matth/Desktop/Colossus/Software/cora_robot/src/install/cora_description/share/cora_description/meshes/cora/merged/endeffector_visual.stl
[0.498s] -- Up-to-date: /home/matth/Desktop/Colossus/Software/cora_robot/src/install/cora_description/share/cora_description/meshes/cora/merged/l3_visual.stl
[0.498s] -- Up-to-date: /home/matth/Desktop/Colossus/Software/cora_robot/src/install/cora_description/share/cora_description/meshes/cora/merged/endeffector_collision.stl
[0.498s] -- Up-to-date: /home/matth/Desktop/Colossus/Software/cora_robot/src/install/cora_description/share/cora_description/meshes/cora/merged/baselink_visual.stl
[0.499s] -- Up-to-date: /home/matth/Desktop/Colossus/Software/cora_robot/src/install/cora_description/share/cora_description/meshes/cora/merged/l5_collision.stl
[0.499s] -- Up-to-date: /home/matth/Desktop/Colossus/Software/cora_robot/src/install/cora_description/share/cora_description/meshes/cora/merged/l4_visual.stl
[0.499s] -- Up-to-date: /home/matth/Desktop/Colossus/Software/cora_robot/src/install/cora_description/share/cora_description/meshes/cora/merged/l3_collision.stl
[0.499s] -- Up-to-date: /home/matth/Desktop/Colossus/Software/cora_robot/src/install/cora_description/share/cora_description/meshes/cora/merged/l2_visual.stl
[0.499s] -- Up-to-date: /home/matth/Desktop/Colossus/Software/cora_robot/src/install/cora_description/share/cora_description/meshes/cora/merged/l1_collision.stl
[0.499s] -- Up-to-date: /home/matth/Desktop/Colossus/Software/cora_robot/src/install/cora_description/share/cora_description/meshes/cora/merged/l4_collision.stl
[0.499s] -- Up-to-date: /home/matth/Desktop/Colossus/Software/cora_robot/src/install/cora_description/share/cora_description/meshes/cora/merged/l2_collision.stl
[0.499s] -- Up-to-date: /home/matth/Desktop/Colossus/Software/cora_robot/src/install/cora_description/share/cora_description/meshes/cora/merged/l5_visual.stl
[0.499s] -- Up-to-date: /home/matth/Desktop/Colossus/Software/cora_robot/src/install/cora_description/share/cora_description/meshes/cora/merged/l1_visual.stl
[0.499s] -- Up-to-date: /home/matth/Desktop/Colossus/Software/cora_robot/src/install/cora_description/share/cora_description/meshes/cora/merged/baselink_collision.stl
[0.499s] -- Up-to-date: /home/matth/Desktop/Colossus/Software/cora_robot/src/install/cora_description/share/cora_description/meshes/cora/connector_1.stl
[0.499s] -- Up-to-date: /home/matth/Desktop/Colossus/Software/cora_robot/src/install/cora_description/share/cora_description/meshes/cora/part_1__4.stl
[0.499s] -- Up-to-date: /home/matth/Desktop/Colossus/Software/cora_robot/src/install/cora_description/share/cora_description/meshes/cora/mgn9_c__colossus__6.part
[0.499s] -- Up-to-date: /home/matth/Desktop/Colossus/Software/cora_robot/src/install/cora_description/share/cora_description/meshes/cora/logitech_webcam_c270__colossus__5.stl
[0.499s] -- Up-to-date: /home/matth/Desktop/Colossus/Software/cora_robot/src/install/cora_description/share/cora_description/meshes/cora/mgn9_c__colossus__3.part
[0.500s] -- Up-to-date: /home/matth/Desktop/Colossus/Software/cora_robot/src/install/cora_description/share/cora_description/meshes/cora/connector_1__configuration__120_to_100.part
[0.500s] -- Up-to-date: /home/matth/Desktop/Colossus/Software/cora_robot/src/install/cora_description/share/cora_description/meshes/cora/mgn9_c__colossus__8.stl
[0.500s] -- Up-to-date: /home/matth/Desktop/Colossus/Software/cora_robot/src/install/cora_description/share/cora_description/meshes/cora/part_20.part
[0.500s] -- Up-to-date: /home/matth/Desktop/Colossus/Software/cora_robot/src/install/cora_description/share/cora_description/meshes/cora/connector_2__configuration__120_to_100.stl
[0.500s] -- Up-to-date: /home/matth/Desktop/Colossus/Software/cora_robot/src/install/cora_description/share/cora_description/meshes/cora/finger_topology_study5_smoothed_mesh_body__colossus.stl
[0.500s] -- Up-to-date: /home/matth/Desktop/Colossus/Software/cora_robot/src/install/cora_description/share/cora_description/meshes/cora/mgn9_rail__colossus.stl
[0.500s] -- Up-to-date: /home/matth/Desktop/Colossus/Software/cora_robot/src/install/cora_description/share/cora_description/meshes/cora/back_shell__configuration_large.part
[0.500s] -- Up-to-date: /home/matth/Desktop/Colossus/Software/cora_robot/src/install/cora_description/share/cora_description/meshes/cora/mgn9_c__colossus.stl
[0.500s] -- Up-to-date: /home/matth/Desktop/Colossus/Software/cora_robot/src/install/cora_description/share/cora_description/meshes/cora/base.stl
[0.500s] -- Up-to-date: /home/matth/Desktop/Colossus/Software/cora_robot/src/install/cora_description/share/cora_description/meshes/cora/connector_2.part
[0.500s] -- Up-to-date: /home/matth/Desktop/Colossus/Software/cora_robot/src/install/cora_description/share/cora_description/meshes/cora/finger_topology_study5_smoothed_mesh_body__colossus.part
[0.500s] -- Up-to-date: /home/matth/Desktop/Colossus/Software/cora_robot/src/install/cora_description/share/cora_description/meshes/cora/part_20.stl
[0.500s] -- Up-to-date: /home/matth/Desktop/Colossus/Software/cora_robot/src/install/cora_description/share/cora_description/meshes/cora/part_7__configuration_small.part
[0.500s] -- Up-to-date: /home/matth/Desktop/Colossus/Software/cora_robot/src/install/cora_description/share/cora_description/meshes/cora/joint_sheet__configuration_large.stl
[0.500s] -- Up-to-date: /home/matth/Desktop/Colossus/Software/cora_robot/src/install/cora_description/share/cora_description/meshes/cora/part_2.stl
[0.501s] -- Up-to-date: /home/matth/Desktop/Colossus/Software/cora_robot/src/install/cora_description/share/cora_description/meshes/cora/part_7__configuration_small.stl
[0.501s] -- Up-to-date: /home/matth/Desktop/Colossus/Software/cora_robot/src/install/cora_description/share/cora_description/meshes/cora/part_3.part
[0.501s] -- Up-to-date: /home/matth/Desktop/Colossus/Software/cora_robot/src/install/cora_description/share/cora_description/meshes/cora/mgn9_c__colossus__9.stl
[0.501s] -- Up-to-date: /home/matth/Desktop/Colossus/Software/cora_robot/src/install/cora_description/share/cora_description/meshes/cora/part11_camera_gripper__colossus__4.part
[0.501s] -- Up-to-date: /home/matth/Desktop/Colossus/Software/cora_robot/src/install/cora_description/share/cora_description/meshes/cora/mgn9_c__colossus__4.stl
[0.501s] -- Up-to-date: /home/matth/Desktop/Colossus/Software/cora_robot/src/install/cora_description/share/cora_description/meshes/cora/part_1__3.stl
[0.501s] -- Up-to-date: /home/matth/Desktop/Colossus/Software/cora_robot/src/install/cora_description/share/cora_description/meshes/cora/part_1.part
[0.501s] -- Up-to-date: /home/matth/Desktop/Colossus/Software/cora_robot/src/install/cora_description/share/cora_description/meshes/cora/mgn9_c__colossus__5.part
[0.501s] -- Up-to-date: /home/matth/Desktop/Colossus/Software/cora_robot/src/install/cora_description/share/cora_description/meshes/cora/part_1__configuration_default.stl
[0.501s] -- Up-to-date: /home/matth/Desktop/Colossus/Software/cora_robot/src/install/cora_description/share/cora_description/meshes/cora/part_5.stl
[0.501s] -- Up-to-date: /home/matth/Desktop/Colossus/Software/cora_robot/src/install/cora_description/share/cora_description/meshes/cora/part_1__2.stl
[0.501s] -- Up-to-date: /home/matth/Desktop/Colossus/Software/cora_robot/src/install/cora_description/share/cora_description/meshes/cora/part_7.part
[0.501s] -- Up-to-date: /home/matth/Desktop/Colossus/Software/cora_robot/src/install/cora_description/share/cora_description/meshes/cora/mgn9_c__colossus__2.part
[0.501s] -- Up-to-date: /home/matth/Desktop/Colossus/Software/cora_robot/src/install/cora_description/share/cora_description/meshes/cora/connector_2.stl
[0.501s] -- Up-to-date: /home/matth/Desktop/Colossus/Software/cora_robot/src/install/cora_description/share/cora_description/meshes/cora/part_2__2.stl
[0.501s] -- Up-to-date: /home/matth/Desktop/Colossus/Software/cora_robot/src/install/cora_description/share/cora_description/meshes/cora/part_1__configuration_default.part
[0.501s] -- Up-to-date: /home/matth/Desktop/Colossus/Software/cora_robot/src/install/cora_description/share/cora_description/meshes/cora/connector_3__configuration_large.stl
[0.502s] -- Up-to-date: /home/matth/Desktop/Colossus/Software/cora_robot/src/install/cora_description/share/cora_description/meshes/cora/mgn9_c__colossus__4.part
[0.502s] -- Up-to-date: /home/matth/Desktop/Colossus/Software/cora_robot/src/install/cora_description/share/cora_description/meshes/cora/logitech_webcam_c270__colossus__2.stl
[0.502s] -- Up-to-date: /home/matth/Desktop/Colossus/Software/cora_robot/src/install/cora_description/share/cora_description/meshes/cora/mgn9_c__colossus__6.stl
[0.502s] -- Up-to-date: /home/matth/Desktop/Colossus/Software/cora_robot/src/install/cora_description/share/cora_description/meshes/cora/connector_3__configuration_small.part
[0.502s] -- Up-to-date: /home/matth/Desktop/Colossus/Software/cora_robot/src/install/cora_description/share/cora_description/meshes/cora/logitech_webcam_c270__colossus__5.part
[0.502s] -- Up-to-date: /home/matth/Desktop/Colossus/Software/cora_robot/src/install/cora_description/share/cora_description/meshes/cora/connector_2__configuration_large.stl
[0.502s] -- Up-to-date: /home/matth/Desktop/Colossus/Software/cora_robot/src/install/cora_description/share/cora_description/meshes/cora/part_8.part
[0.502s] -- Up-to-date: /home/matth/Desktop/Colossus/Software/cora_robot/src/install/cora_description/share/cora_description/meshes/cora/part_3.stl
[0.502s] -- Up-to-date: /home/matth/Desktop/Colossus/Software/cora_robot/src/install/cora_description/share/cora_description/meshes/cora/joint_sheet__configuration_large.part
[0.502s] -- Up-to-date: /home/matth/Desktop/Colossus/Software/cora_robot/src/install/cora_description/share/cora_description/meshes/cora/part11_camera_gripper__colossus__3.stl
[0.502s] -- Up-to-date: /home/matth/Desktop/Colossus/Software/cora_robot/src/install/cora_description/share/cora_description/meshes/cora/hex_socket_head_cap_screw_m5x0_80_x_40__470575574904615e18598206ae3385ac.part
[0.502s] -- Up-to-date: /home/matth/Desktop/Colossus/Software/cora_robot/src/install/cora_description/share/cora_description/meshes/cora/mgn9_c__colossus__7.stl
[0.502s] -- Up-to-date: /home/matth/Desktop/Colossus/Software/cora_robot/src/install/cora_description/share/cora_description/meshes/cora/part_1__2.part
[0.502s] -- Up-to-date: /home/matth/Desktop/Colossus/Software/cora_robot/src/install/cora_description/share/ament_index/resource_index/package_run_dependencies/cora_description
[0.502s] -- Up-to-date: /home/matth/Desktop/Colossus/Software/cora_robot/src/install/cora_description/share/ament_index/resource_index/parent_prefix_path/cora_description
[0.502s] -- Up-to-date: /home/matth/Desktop/Colossus/Software/cora_robot/src/install/cora_description/share/cora_description/environment/ament_prefix_path.sh
[0.502s] -- Up-to-date: /home/matth/Desktop/Colossus/Software/cora_robot/src/install/cora_description/share/cora_description/environment/ament_prefix_path.dsv
[0.502s] -- Up-to-date: /home/matth/Desktop/Colossus/Software/cora_robot/src/install/cora_description/share/cora_description/environment/path.sh
[0.502s] -- Up-to-date: /home/matth/Desktop/Colossus/Software/cora_robot/src/install/cora_description/share/cora_description/environment/path.dsv
[0.502s] -- Up-to-date: /home/matth/Desktop/Colossus/Software/cora_robot/src/install/cora_description/share/cora_description/local_setup.bash
[0.502s] -- Up-to-date: /home/matth/Desktop/Colossus/Software/cora_robot/src/install/cora_description/share/cora_description/local_setup.sh
[0.502s] -- Up-to-date: /home/matth/Desktop/Colossus/Software/cora_robot/src/install/cora_description/share/cora_description/local_setup.zsh
[0.502s] -- Up-to-date: /home/matth/Desktop/Colossus/Software/cora_robot/src/install/cora_description/share/cora_description/local_setup.dsv
[0.502s] -- Up-to-date: /home/matth/Desktop/Colossus/Software/cora_robot/src/install/cora_description/share/cora_description/package.dsv
[0.502s] -- Up-to-date: /home/matth/Desktop/Colossus/Software/cora_robot/src/install/cora_description/share/ament_index/resource_index/packages/cora_description
[0.503s] -- Up-to-date: /home/matth/Desktop/Colossus/Software/cora_robot/src/install/cora_description/share/cora_description/cmake/cora_descriptionConfig.cmake
[0.503s] -- Up-to-date: /home/matth/Desktop/Colossus/Software/cora_robot/src/install/cora_description/share/cora_description/cmake/cora_descriptionConfig-version.cmake
[0.503s] -- Up-to-date: /home/matth/Desktop/Colossus/Software/cora_robot/src/install/cora_description/share/cora_description/package.xml
[0.514s] Invoked command in '/home/matth/Desktop/Colossus/Software/cora_robot/src/build/cora_description' returned '0': CMAKE_PREFIX_PATH=${CMAKE_PREFIX_PATH}:/home/matth/Desktop/Colossus/Software/cora_robot/install/cora_vision:/home/matth/Desktop/Colossus/Software/cora_robot/install/cora_moveit:/home/matth/Desktop/Colossus/Software/cora_robot/install/cora_codi:/home/matth/Desktop/Colossus/Software/cora_robot/install/cora_bringup:/opt/ros/jazzy DEBUGINFOD_URLS=https://debuginfod.ubuntu.com /usr/bin/cmake --install /home/matth/Desktop/Colossus/Software/cora_robot/src/build/cora_description
