[0.796s] Invoking command in '/home/matth/Desktop/Colossus/Software/cora_robot/src/cora_codi': DEBUGINFOD_URLS=https://debuginfod.ubuntu.com PYTHONPATH=/home/matth/Desktop/Colossus/Software/cora_robot/src/build/cora_codi/prefix_override:/usr/lib/python3/dist-packages/colcon_core/task/python/colcon_distutils_commands:/home/matth/Desktop/Colossus/Software/cora_robot/src/install/cora_codi/lib/python3.12/site-packages:${PYTHONPATH} /usr/bin/python3 -W ignore:setup.py install is deprecated -W ignore:easy_install command is deprecated setup.py egg_info --egg-base ../build/cora_codi build --build-base /home/matth/Desktop/Colossus/Software/cora_robot/src/build/cora_codi/build install --record /home/matth/Desktop/Colossus/Software/cora_robot/src/build/cora_codi/install.log --single-version-externally-managed install_data
[0.943s] running egg_info
[0.954s] writing ../build/cora_codi/cora_codi.egg-info/PKG-INFO
[0.954s] writing dependency_links to ../build/cora_codi/cora_codi.egg-info/dependency_links.txt
[0.954s] writing entry points to ../build/cora_codi/cora_codi.egg-info/entry_points.txt
[0.954s] writing requirements to ../build/cora_codi/cora_codi.egg-info/requires.txt
[0.954s] writing top-level names to ../build/cora_codi/cora_codi.egg-info/top_level.txt
[0.974s] reading manifest file '../build/cora_codi/cora_codi.egg-info/SOURCES.txt'
[0.975s] writing manifest file '../build/cora_codi/cora_codi.egg-info/SOURCES.txt'
[0.975s] running build
[0.975s] running build_py
[0.975s] running install
[0.979s] running install_lib
[0.989s] running install_data
[0.989s] running install_egg_info
[0.999s] removing '/home/matth/Desktop/Colossus/Software/cora_robot/src/install/cora_codi/lib/python3.12/site-packages/cora_codi-0.0.0-py3.12.egg-info' (and everything under it)
[0.999s] Copying ../build/cora_codi/cora_codi.egg-info to /home/matth/Desktop/Colossus/Software/cora_robot/src/install/cora_codi/lib/python3.12/site-packages/cora_codi-0.0.0-py3.12.egg-info
[1.000s] running install_scripts
[1.072s] Installing codi_node script to /home/matth/Desktop/Colossus/Software/cora_robot/src/install/cora_codi/lib/cora_codi
[1.072s] writing list of installed files to '/home/matth/Desktop/Colossus/Software/cora_robot/src/build/cora_codi/install.log'
[1.089s] Invoked command in '/home/matth/Desktop/Colossus/Software/cora_robot/src/cora_codi' returned '0': DEBUGINFOD_URLS=https://debuginfod.ubuntu.com PYTHONPATH=/home/matth/Desktop/Colossus/Software/cora_robot/src/build/cora_codi/prefix_override:/usr/lib/python3/dist-packages/colcon_core/task/python/colcon_distutils_commands:/home/matth/Desktop/Colossus/Software/cora_robot/src/install/cora_codi/lib/python3.12/site-packages:${PYTHONPATH} /usr/bin/python3 -W ignore:setup.py install is deprecated -W ignore:easy_install command is deprecated setup.py egg_info --egg-base ../build/cora_codi build --build-base /home/matth/Desktop/Colossus/Software/cora_robot/src/build/cora_codi/build install --record /home/matth/Desktop/Colossus/Software/cora_robot/src/build/cora_codi/install.log --single-version-externally-managed install_data
