running egg_info
creating ../build/cora_moveit/cora_moveit.egg-info
writing ../build/cora_moveit/cora_moveit.egg-info/PKG-INFO
writing dependency_links to ../build/cora_moveit/cora_moveit.egg-info/dependency_links.txt
writing entry points to ../build/cora_moveit/cora_moveit.egg-info/entry_points.txt
writing requirements to ../build/cora_moveit/cora_moveit.egg-info/requires.txt
writing top-level names to ../build/cora_moveit/cora_moveit.egg-info/top_level.txt
writing manifest file '../build/cora_moveit/cora_moveit.egg-info/SOURCES.txt'
reading manifest file '../build/cora_moveit/cora_moveit.egg-info/SOURCES.txt'
writing manifest file '../build/cora_moveit/cora_moveit.egg-info/SOURCES.txt'
running build
running build_py
creating /home/matth/Desktop/Colossus/Software/cora_robot/src/build/cora_moveit/build
creating /home/matth/Desktop/Colossus/Software/cora_robot/src/build/cora_moveit/build/lib
creating /home/matth/Desktop/Colossus/Software/cora_robot/src/build/cora_moveit/build/lib/cora_moveit
copying cora_moveit/moveit_servo_test.py -> /home/matth/Desktop/Colossus/Software/cora_robot/src/build/cora_moveit/build/lib/cora_moveit
copying cora_moveit/mover_node_test.py -> /home/matth/Desktop/Colossus/Software/cora_robot/src/build/cora_moveit/build/lib/cora_moveit
copying cora_moveit/__init__.py -> /home/matth/Desktop/Colossus/Software/cora_robot/src/build/cora_moveit/build/lib/cora_moveit
copying cora_moveit/gripper_node.py -> /home/matth/Desktop/Colossus/Software/cora_robot/src/build/cora_moveit/build/lib/cora_moveit
copying cora_moveit/mover_node.py -> /home/matth/Desktop/Colossus/Software/cora_robot/src/build/cora_moveit/build/lib/cora_moveit
running install
running install_lib
creating /home/matth/Desktop/Colossus/Software/cora_robot/src/install/cora_moveit/lib/python3.12/site-packages/cora_moveit
copying /home/matth/Desktop/Colossus/Software/cora_robot/src/build/cora_moveit/build/lib/cora_moveit/moveit_servo_test.py -> /home/matth/Desktop/Colossus/Software/cora_robot/src/install/cora_moveit/lib/python3.12/site-packages/cora_moveit
copying /home/matth/Desktop/Colossus/Software/cora_robot/src/build/cora_moveit/build/lib/cora_moveit/mover_node_test.py -> /home/matth/Desktop/Colossus/Software/cora_robot/src/install/cora_moveit/lib/python3.12/site-packages/cora_moveit
copying /home/matth/Desktop/Colossus/Software/cora_robot/src/build/cora_moveit/build/lib/cora_moveit/__init__.py -> /home/matth/Desktop/Colossus/Software/cora_robot/src/install/cora_moveit/lib/python3.12/site-packages/cora_moveit
copying /home/matth/Desktop/Colossus/Software/cora_robot/src/build/cora_moveit/build/lib/cora_moveit/gripper_node.py -> /home/matth/Desktop/Colossus/Software/cora_robot/src/install/cora_moveit/lib/python3.12/site-packages/cora_moveit
copying /home/matth/Desktop/Colossus/Software/cora_robot/src/build/cora_moveit/build/lib/cora_moveit/mover_node.py -> /home/matth/Desktop/Colossus/Software/cora_robot/src/install/cora_moveit/lib/python3.12/site-packages/cora_moveit
byte-compiling /home/matth/Desktop/Colossus/Software/cora_robot/src/install/cora_moveit/lib/python3.12/site-packages/cora_moveit/moveit_servo_test.py to moveit_servo_test.cpython-312.pyc
byte-compiling /home/matth/Desktop/Colossus/Software/cora_robot/src/install/cora_moveit/lib/python3.12/site-packages/cora_moveit/mover_node_test.py to mover_node_test.cpython-312.pyc
byte-compiling /home/matth/Desktop/Colossus/Software/cora_robot/src/install/cora_moveit/lib/python3.12/site-packages/cora_moveit/__init__.py to __init__.cpython-312.pyc
byte-compiling /home/matth/Desktop/Colossus/Software/cora_robot/src/install/cora_moveit/lib/python3.12/site-packages/cora_moveit/gripper_node.py to gripper_node.cpython-312.pyc
byte-compiling /home/matth/Desktop/Colossus/Software/cora_robot/src/install/cora_moveit/lib/python3.12/site-packages/cora_moveit/mover_node.py to mover_node.cpython-312.pyc
running install_data
creating /home/matth/Desktop/Colossus/Software/cora_robot/src/install/cora_moveit/share/ament_index
creating /home/matth/Desktop/Colossus/Software/cora_robot/src/install/cora_moveit/share/ament_index/resource_index
creating /home/matth/Desktop/Colossus/Software/cora_robot/src/install/cora_moveit/share/ament_index/resource_index/packages
copying resource/cora_moveit -> /home/matth/Desktop/Colossus/Software/cora_robot/src/install/cora_moveit/share/ament_index/resource_index/packages
copying package.xml -> /home/matth/Desktop/Colossus/Software/cora_robot/src/install/cora_moveit/share/cora_moveit
creating /home/matth/Desktop/Colossus/Software/cora_robot/src/install/cora_moveit/share/cora_moveit/launch
copying launch/move.launch.py -> /home/matth/Desktop/Colossus/Software/cora_robot/src/install/cora_moveit/share/cora_moveit/launch
creating /home/matth/Desktop/Colossus/Software/cora_robot/src/install/cora_moveit/share/cora_moveit/config
copying config/servo_parameters.yaml -> /home/matth/Desktop/Colossus/Software/cora_robot/src/install/cora_moveit/share/cora_moveit/config
copying config/cora_moveit.yaml -> /home/matth/Desktop/Colossus/Software/cora_robot/src/install/cora_moveit/share/cora_moveit/config
running install_egg_info
Copying ../build/cora_moveit/cora_moveit.egg-info to /home/matth/Desktop/Colossus/Software/cora_robot/src/install/cora_moveit/lib/python3.12/site-packages/cora_moveit-0.0.0-py3.12.egg-info
running install_scripts
Installing cora_moveit_test script to /home/matth/Desktop/Colossus/Software/cora_robot/src/install/cora_moveit/lib/cora_moveit
Installing keyboard_servo_node script to /home/matth/Desktop/Colossus/Software/cora_robot/src/install/cora_moveit/lib/cora_moveit
Installing moveitpy_node script to /home/matth/Desktop/Colossus/Software/cora_robot/src/install/cora_moveit/lib/cora_moveit
writing list of installed files to '/home/matth/Desktop/Colossus/Software/cora_robot/src/build/cora_moveit/install.log'
