[0.240s] Invoking command in '/home/matth/Desktop/Colossus/Software/cora_robot/src/build/cora_gripper_1_description': CMAKE_PREFIX_PATH=${CMAKE_PREFIX_PATH}:/home/matth/Desktop/Colossus/Software/cora_robot/install/cora_vision:/home/matth/Desktop/Colossus/Software/cora_robot/install/cora_moveit:/home/matth/Desktop/Colossus/Software/cora_robot/install/cora_codi:/home/matth/Desktop/Colossus/Software/cora_robot/install/cora_bringup:/opt/ros/jazzy DEBUGINFOD_URLS=https://debuginfod.ubuntu.com /usr/bin/cmake /home/matth/Desktop/Colossus/Software/cora_robot/src/cora_gripper_1_description -DCMAKE_INSTALL_PREFIX=/home/matth/Desktop/Colossus/Software/cora_robot/src/install/cora_gripper_1_description
[0.470s] -- The C compiler identification is GNU 13.3.0
[0.470s] -- The CXX compiler identification is GNU 13.3.0
[0.470s] -- Detecting C compiler ABI info
[0.470s] -- Detecting C compiler ABI info - done
[0.470s] -- Check for working C compiler: /usr/bin/cc - skipped
[0.471s] -- Detecting C compile features
[0.471s] -- Detecting C compile features - done
[0.471s] -- Detecting CXX compiler ABI info
[0.471s] -- Detecting CXX compiler ABI info - done
[0.471s] -- Check for working CXX compiler: /usr/bin/c++ - skipped
[0.471s] -- Detecting CXX compile features
[0.471s] -- Detecting CXX compile features - done
[0.471s] -- Found ament_cmake: 2.5.4 (/opt/ros/jazzy/share/ament_cmake/cmake)
[0.592s] -- Found Python3: /usr/bin/python3 (found version "3.12.3") found components: Interpreter 
[0.697s] -- Found xacro: 2.1.1 (/opt/ros/jazzy/share/xacro/cmake)
[0.702s] -- Found ament_lint_auto: 0.17.3 (/opt/ros/jazzy/share/ament_lint_auto/cmake)
[0.792s] -- Added test 'lint_cmake' to check CMake code style
[0.794s] -- Added test 'xmllint' to check XML markup files
[0.796s] -- Configuring done (0.6s)
[0.798s] -- Generating done (0.0s)
[0.800s] -- Build files have been written to: /home/matth/Desktop/Colossus/Software/cora_robot/src/build/cora_gripper_1_description
[0.804s] Invoked command in '/home/matth/Desktop/Colossus/Software/cora_robot/src/build/cora_gripper_1_description' returned '0': CMAKE_PREFIX_PATH=${CMAKE_PREFIX_PATH}:/home/matth/Desktop/Colossus/Software/cora_robot/install/cora_vision:/home/matth/Desktop/Colossus/Software/cora_robot/install/cora_moveit:/home/matth/Desktop/Colossus/Software/cora_robot/install/cora_codi:/home/matth/Desktop/Colossus/Software/cora_robot/install/cora_bringup:/opt/ros/jazzy DEBUGINFOD_URLS=https://debuginfod.ubuntu.com /usr/bin/cmake /home/matth/Desktop/Colossus/Software/cora_robot/src/cora_gripper_1_description -DCMAKE_INSTALL_PREFIX=/home/matth/Desktop/Colossus/Software/cora_robot/src/install/cora_gripper_1_description
[0.805s] Invoking command in '/home/matth/Desktop/Colossus/Software/cora_robot/src/build/cora_gripper_1_description': CMAKE_PREFIX_PATH=${CMAKE_PREFIX_PATH}:/home/matth/Desktop/Colossus/Software/cora_robot/install/cora_vision:/home/matth/Desktop/Colossus/Software/cora_robot/install/cora_moveit:/home/matth/Desktop/Colossus/Software/cora_robot/install/cora_codi:/home/matth/Desktop/Colossus/Software/cora_robot/install/cora_bringup:/opt/ros/jazzy DEBUGINFOD_URLS=https://debuginfod.ubuntu.com /usr/bin/cmake --build /home/matth/Desktop/Colossus/Software/cora_robot/src/build/cora_gripper_1_description -- -j12 -l12
[0.844s] Invoked command in '/home/matth/Desktop/Colossus/Software/cora_robot/src/build/cora_gripper_1_description' returned '0': CMAKE_PREFIX_PATH=${CMAKE_PREFIX_PATH}:/home/matth/Desktop/Colossus/Software/cora_robot/install/cora_vision:/home/matth/Desktop/Colossus/Software/cora_robot/install/cora_moveit:/home/matth/Desktop/Colossus/Software/cora_robot/install/cora_codi:/home/matth/Desktop/Colossus/Software/cora_robot/install/cora_bringup:/opt/ros/jazzy DEBUGINFOD_URLS=https://debuginfod.ubuntu.com /usr/bin/cmake --build /home/matth/Desktop/Colossus/Software/cora_robot/src/build/cora_gripper_1_description -- -j12 -l12
[0.845s] Invoking command in '/home/matth/Desktop/Colossus/Software/cora_robot/src/build/cora_gripper_1_description': CMAKE_PREFIX_PATH=${CMAKE_PREFIX_PATH}:/home/matth/Desktop/Colossus/Software/cora_robot/install/cora_vision:/home/matth/Desktop/Colossus/Software/cora_robot/install/cora_moveit:/home/matth/Desktop/Colossus/Software/cora_robot/install/cora_codi:/home/matth/Desktop/Colossus/Software/cora_robot/install/cora_bringup:/opt/ros/jazzy DEBUGINFOD_URLS=https://debuginfod.ubuntu.com /usr/bin/cmake --install /home/matth/Desktop/Colossus/Software/cora_robot/src/build/cora_gripper_1_description
[0.852s] -- Install configuration: ""
[0.852s] -- Installing: /home/matth/Desktop/Colossus/Software/cora_robot/src/install/cora_gripper_1_description/share/cora_gripper_1_description/urdf
[0.853s] -- Installing: /home/matth/Desktop/Colossus/Software/cora_robot/src/install/cora_gripper_1_description/share/cora_gripper_1_description/urdf/cora_gripper.urdf.xacro
[0.853s] -- Installing: /home/matth/Desktop/Colossus/Software/cora_robot/src/install/cora_gripper_1_description/share/cora_gripper_1_description/urdf/cora_gripper.ros2_control.xacro
[0.853s] -- Installing: /home/matth/Desktop/Colossus/Software/cora_robot/src/install/cora_gripper_1_description/share/cora_gripper_1_description/urdf/cora_gripper.urdf
[0.853s] -- Installing: /home/matth/Desktop/Colossus/Software/cora_robot/src/install/cora_gripper_1_description/share/cora_gripper_1_description/meshes
[0.853s] -- Installing: /home/matth/Desktop/Colossus/Software/cora_robot/src/install/cora_gripper_1_description/share/cora_gripper_1_description/meshes/merged
[0.853s] -- Installing: /home/matth/Desktop/Colossus/Software/cora_robot/src/install/cora_gripper_1_description/share/cora_gripper_1_description/meshes/merged/gripper_fingers_collision.stl
[0.854s] -- Installing: /home/matth/Desktop/Colossus/Software/cora_robot/src/install/cora_gripper_1_description/share/cora_gripper_1_description/meshes/merged/gripper_body_visual.stl
[0.856s] -- Installing: /home/matth/Desktop/Colossus/Software/cora_robot/src/install/cora_gripper_1_description/share/cora_gripper_1_description/meshes/merged/gripper_fingers_visual.stl
[0.858s] -- Installing: /home/matth/Desktop/Colossus/Software/cora_robot/src/install/cora_gripper_1_description/share/cora_gripper_1_description/meshes/merged/gripper_fingers_2_collision.stl
[0.858s] -- Installing: /home/matth/Desktop/Colossus/Software/cora_robot/src/install/cora_gripper_1_description/share/cora_gripper_1_description/meshes/merged/gripper_body_collision.stl
[0.860s] -- Installing: /home/matth/Desktop/Colossus/Software/cora_robot/src/install/cora_gripper_1_description/share/cora_gripper_1_description/meshes/merged/gripper_fingers_2_visual.stl
[0.861s] -- Installing: /home/matth/Desktop/Colossus/Software/cora_robot/src/install/cora_gripper_1_description/share/ament_index/resource_index/package_run_dependencies/cora_gripper_1_description
[0.861s] -- Installing: /home/matth/Desktop/Colossus/Software/cora_robot/src/install/cora_gripper_1_description/share/ament_index/resource_index/parent_prefix_path/cora_gripper_1_description
[0.862s] -- Installing: /home/matth/Desktop/Colossus/Software/cora_robot/src/install/cora_gripper_1_description/share/cora_gripper_1_description/environment/ament_prefix_path.sh
[0.862s] -- Installing: /home/matth/Desktop/Colossus/Software/cora_robot/src/install/cora_gripper_1_description/share/cora_gripper_1_description/environment/ament_prefix_path.dsv
[0.862s] -- Installing: /home/matth/Desktop/Colossus/Software/cora_robot/src/install/cora_gripper_1_description/share/cora_gripper_1_description/environment/path.sh
[0.862s] -- Installing: /home/matth/Desktop/Colossus/Software/cora_robot/src/install/cora_gripper_1_description/share/cora_gripper_1_description/environment/path.dsv
[0.862s] -- Installing: /home/matth/Desktop/Colossus/Software/cora_robot/src/install/cora_gripper_1_description/share/cora_gripper_1_description/local_setup.bash
[0.862s] -- Installing: /home/matth/Desktop/Colossus/Software/cora_robot/src/install/cora_gripper_1_description/share/cora_gripper_1_description/local_setup.sh
[0.862s] -- Installing: /home/matth/Desktop/Colossus/Software/cora_robot/src/install/cora_gripper_1_description/share/cora_gripper_1_description/local_setup.zsh
[0.862s] -- Installing: /home/matth/Desktop/Colossus/Software/cora_robot/src/install/cora_gripper_1_description/share/cora_gripper_1_description/local_setup.dsv
[0.862s] -- Installing: /home/matth/Desktop/Colossus/Software/cora_robot/src/install/cora_gripper_1_description/share/cora_gripper_1_description/package.dsv
[0.863s] -- Installing: /home/matth/Desktop/Colossus/Software/cora_robot/src/install/cora_gripper_1_description/share/ament_index/resource_index/packages/cora_gripper_1_description
[0.863s] -- Installing: /home/matth/Desktop/Colossus/Software/cora_robot/src/install/cora_gripper_1_description/share/cora_gripper_1_description/cmake/cora_gripper_1_descriptionConfig.cmake
[0.864s] -- Installing: /home/matth/Desktop/Colossus/Software/cora_robot/src/install/cora_gripper_1_description/share/cora_gripper_1_description/cmake/cora_gripper_1_descriptionConfig-version.cmake
[0.864s] -- Installing: /home/matth/Desktop/Colossus/Software/cora_robot/src/install/cora_gripper_1_description/share/cora_gripper_1_description/package.xml
[0.866s] Invoked command in '/home/matth/Desktop/Colossus/Software/cora_robot/src/build/cora_gripper_1_description' returned '0': CMAKE_PREFIX_PATH=${CMAKE_PREFIX_PATH}:/home/matth/Desktop/Colossus/Software/cora_robot/install/cora_vision:/home/matth/Desktop/Colossus/Software/cora_robot/install/cora_moveit:/home/matth/Desktop/Colossus/Software/cora_robot/install/cora_codi:/home/matth/Desktop/Colossus/Software/cora_robot/install/cora_bringup:/opt/ros/jazzy DEBUGINFOD_URLS=https://debuginfod.ubuntu.com /usr/bin/cmake --install /home/matth/Desktop/Colossus/Software/cora_robot/src/build/cora_gripper_1_description
