/home/matth/Desktop/Colossus/Software/cora_robot/src/install/cora_moveit/lib/python3.12/site-packages/cora_moveit/moveit_servo_test.py
/home/matth/Desktop/Colossus/Software/cora_robot/src/install/cora_moveit/lib/python3.12/site-packages/cora_moveit/mover_node_test.py
/home/matth/Desktop/Colossus/Software/cora_robot/src/install/cora_moveit/lib/python3.12/site-packages/cora_moveit/__init__.py
/home/matth/Desktop/Colossus/Software/cora_robot/src/install/cora_moveit/lib/python3.12/site-packages/cora_moveit/gripper_node.py
/home/matth/Desktop/Colossus/Software/cora_robot/src/install/cora_moveit/lib/python3.12/site-packages/cora_moveit/mover_node.py
/home/matth/Desktop/Colossus/Software/cora_robot/src/install/cora_moveit/lib/python3.12/site-packages/cora_moveit/__pycache__/moveit_servo_test.cpython-312.pyc
/home/matth/Desktop/Colossus/Software/cora_robot/src/install/cora_moveit/lib/python3.12/site-packages/cora_moveit/__pycache__/mover_node_test.cpython-312.pyc
/home/matth/Desktop/Colossus/Software/cora_robot/src/install/cora_moveit/lib/python3.12/site-packages/cora_moveit/__pycache__/__init__.cpython-312.pyc
/home/matth/Desktop/Colossus/Software/cora_robot/src/install/cora_moveit/lib/python3.12/site-packages/cora_moveit/__pycache__/gripper_node.cpython-312.pyc
/home/matth/Desktop/Colossus/Software/cora_robot/src/install/cora_moveit/lib/python3.12/site-packages/cora_moveit/__pycache__/mover_node.cpython-312.pyc
/home/matth/Desktop/Colossus/Software/cora_robot/src/install/cora_moveit/share/ament_index/resource_index/packages/cora_moveit
/home/matth/Desktop/Colossus/Software/cora_robot/src/install/cora_moveit/share/cora_moveit/package.xml
/home/matth/Desktop/Colossus/Software/cora_robot/src/install/cora_moveit/share/cora_moveit/launch/move.launch.py
/home/matth/Desktop/Colossus/Software/cora_robot/src/install/cora_moveit/share/cora_moveit/config/servo_parameters.yaml
/home/matth/Desktop/Colossus/Software/cora_robot/src/install/cora_moveit/share/cora_moveit/config/cora_moveit.yaml
/home/matth/Desktop/Colossus/Software/cora_robot/src/install/cora_moveit/lib/python3.12/site-packages/cora_moveit-0.0.0-py3.12.egg-info/zip-safe
/home/matth/Desktop/Colossus/Software/cora_robot/src/install/cora_moveit/lib/python3.12/site-packages/cora_moveit-0.0.0-py3.12.egg-info/requires.txt
/home/matth/Desktop/Colossus/Software/cora_robot/src/install/cora_moveit/lib/python3.12/site-packages/cora_moveit-0.0.0-py3.12.egg-info/SOURCES.txt
/home/matth/Desktop/Colossus/Software/cora_robot/src/install/cora_moveit/lib/python3.12/site-packages/cora_moveit-0.0.0-py3.12.egg-info/PKG-INFO
/home/matth/Desktop/Colossus/Software/cora_robot/src/install/cora_moveit/lib/python3.12/site-packages/cora_moveit-0.0.0-py3.12.egg-info/entry_points.txt
/home/matth/Desktop/Colossus/Software/cora_robot/src/install/cora_moveit/lib/python3.12/site-packages/cora_moveit-0.0.0-py3.12.egg-info/dependency_links.txt
/home/matth/Desktop/Colossus/Software/cora_robot/src/install/cora_moveit/lib/python3.12/site-packages/cora_moveit-0.0.0-py3.12.egg-info/top_level.txt
/home/matth/Desktop/Colossus/Software/cora_robot/src/install/cora_moveit/lib/cora_moveit/cora_moveit_test
/home/matth/Desktop/Colossus/Software/cora_robot/src/install/cora_moveit/lib/cora_moveit/keyboard_servo_node
/home/matth/Desktop/Colossus/Software/cora_robot/src/install/cora_moveit/lib/cora_moveit/moveitpy_node
