[0.879s] Invoking command in '/home/matth/Desktop/Colossus/Software/cora_robot/src/cora_codi': DEBUGINFOD_URLS=https://debuginfod.ubuntu.com PYTHONPATH=/home/matth/Desktop/Colossus/Software/cora_robot/src/build/cora_codi/prefix_override:/usr/lib/python3/dist-packages/colcon_core/task/python/colcon_distutils_commands:/home/matth/Desktop/Colossus/Software/cora_robot/src/install/cora_codi/lib/python3.12/site-packages:${PYTHONPATH} /usr/bin/python3 -W ignore:setup.py install is deprecated -W ignore:easy_install command is deprecated setup.py egg_info --egg-base ../build/cora_codi build --build-base /home/matth/Desktop/Colossus/Software/cora_robot/src/build/cora_codi/build install --record /home/matth/Desktop/Colossus/Software/cora_robot/src/build/cora_codi/install.log --single-version-externally-managed install_data
[1.040s] running egg_info
[1.040s] creating ../build/cora_codi/cora_codi.egg-info
[1.050s] writing ../build/cora_codi/cora_codi.egg-info/PKG-INFO
[1.051s] writing dependency_links to ../build/cora_codi/cora_codi.egg-info/dependency_links.txt
[1.051s] writing entry points to ../build/cora_codi/cora_codi.egg-info/entry_points.txt
[1.051s] writing requirements to ../build/cora_codi/cora_codi.egg-info/requires.txt
[1.051s] writing top-level names to ../build/cora_codi/cora_codi.egg-info/top_level.txt
[1.051s] writing manifest file '../build/cora_codi/cora_codi.egg-info/SOURCES.txt'
[1.073s] reading manifest file '../build/cora_codi/cora_codi.egg-info/SOURCES.txt'
[1.073s] writing manifest file '../build/cora_codi/cora_codi.egg-info/SOURCES.txt'
[1.073s] running build
[1.073s] running build_py
[1.073s] creating /home/matth/Desktop/Colossus/Software/cora_robot/src/build/cora_codi/build
[1.074s] creating /home/matth/Desktop/Colossus/Software/cora_robot/src/build/cora_codi/build/lib
[1.074s] creating /home/matth/Desktop/Colossus/Software/cora_robot/src/build/cora_codi/build/lib/cora_codi
[1.074s] copying cora_codi/codi.py -> /home/matth/Desktop/Colossus/Software/cora_robot/src/build/cora_codi/build/lib/cora_codi
[1.074s] copying cora_codi/__init__.py -> /home/matth/Desktop/Colossus/Software/cora_robot/src/build/cora_codi/build/lib/cora_codi
[1.074s] running install
[1.077s] running install_lib
[1.090s] creating /home/matth/Desktop/Colossus/Software/cora_robot/src/install/cora_codi/lib/python3.12/site-packages/cora_codi
[1.090s] copying /home/matth/Desktop/Colossus/Software/cora_robot/src/build/cora_codi/build/lib/cora_codi/codi.py -> /home/matth/Desktop/Colossus/Software/cora_robot/src/install/cora_codi/lib/python3.12/site-packages/cora_codi
[1.091s] copying /home/matth/Desktop/Colossus/Software/cora_robot/src/build/cora_codi/build/lib/cora_codi/__init__.py -> /home/matth/Desktop/Colossus/Software/cora_robot/src/install/cora_codi/lib/python3.12/site-packages/cora_codi
[1.091s] byte-compiling /home/matth/Desktop/Colossus/Software/cora_robot/src/install/cora_codi/lib/python3.12/site-packages/cora_codi/codi.py to codi.cpython-312.pyc
[1.095s] byte-compiling /home/matth/Desktop/Colossus/Software/cora_robot/src/install/cora_codi/lib/python3.12/site-packages/cora_codi/__init__.py to __init__.cpython-312.pyc
[1.095s] running install_data
[1.095s] creating /home/matth/Desktop/Colossus/Software/cora_robot/src/install/cora_codi/share/ament_index
[1.095s] creating /home/matth/Desktop/Colossus/Software/cora_robot/src/install/cora_codi/share/ament_index/resource_index
[1.095s] creating /home/matth/Desktop/Colossus/Software/cora_robot/src/install/cora_codi/share/ament_index/resource_index/packages
[1.095s] copying resource/cora_codi -> /home/matth/Desktop/Colossus/Software/cora_robot/src/install/cora_codi/share/ament_index/resource_index/packages
[1.095s] copying package.xml -> /home/matth/Desktop/Colossus/Software/cora_robot/src/install/cora_codi/share/cora_codi
[1.095s] creating /home/matth/Desktop/Colossus/Software/cora_robot/src/install/cora_codi/share/cora_codi/config
[1.095s] copying config/server_params.yaml -> /home/matth/Desktop/Colossus/Software/cora_robot/src/install/cora_codi/share/cora_codi/config
[1.095s] creating /home/matth/Desktop/Colossus/Software/cora_robot/src/install/cora_codi/share/cora_codi/launch
[1.095s] copying launch/codi.launch.py -> /home/matth/Desktop/Colossus/Software/cora_robot/src/install/cora_codi/share/cora_codi/launch
[1.095s] running install_egg_info
[1.112s] Copying ../build/cora_codi/cora_codi.egg-info to /home/matth/Desktop/Colossus/Software/cora_robot/src/install/cora_codi/lib/python3.12/site-packages/cora_codi-0.0.0-py3.12.egg-info
[1.113s] running install_scripts
[1.195s] Installing codi_node script to /home/matth/Desktop/Colossus/Software/cora_robot/src/install/cora_codi/lib/cora_codi
[1.196s] writing list of installed files to '/home/matth/Desktop/Colossus/Software/cora_robot/src/build/cora_codi/install.log'
[1.212s] Invoked command in '/home/matth/Desktop/Colossus/Software/cora_robot/src/cora_codi' returned '0': DEBUGINFOD_URLS=https://debuginfod.ubuntu.com PYTHONPATH=/home/matth/Desktop/Colossus/Software/cora_robot/src/build/cora_codi/prefix_override:/usr/lib/python3/dist-packages/colcon_core/task/python/colcon_distutils_commands:/home/matth/Desktop/Colossus/Software/cora_robot/src/install/cora_codi/lib/python3.12/site-packages:${PYTHONPATH} /usr/bin/python3 -W ignore:setup.py install is deprecated -W ignore:easy_install command is deprecated setup.py egg_info --egg-base ../build/cora_codi build --build-base /home/matth/Desktop/Colossus/Software/cora_robot/src/build/cora_codi/build install --record /home/matth/Desktop/Colossus/Software/cora_robot/src/build/cora_codi/install.log --single-version-externally-managed install_data
